[2023-06-29 08:05:01,299] {taskinstance.py:896} INFO - Dependencies all met for <TaskInstance: my_first_dag.create_user 2023-06-16T05:01:16+00:00 [queued]>
[2023-06-29 08:05:01,399] {taskinstance.py:896} INFO - Dependencies all met for <TaskInstance: my_first_dag.create_user 2023-06-16T05:01:16+00:00 [queued]>
[2023-06-29 08:05:01,400] {taskinstance.py:1087} INFO - 
--------------------------------------------------------------------------------
[2023-06-29 08:05:01,400] {taskinstance.py:1088} INFO - Starting attempt 1 of 1
[2023-06-29 08:05:01,401] {taskinstance.py:1089} INFO - 
--------------------------------------------------------------------------------
[2023-06-29 08:05:01,466] {taskinstance.py:1107} INFO - Executing <Task(BashOperator): create_user> on 2023-06-16T05:01:16+00:00
[2023-06-29 08:05:01,483] {standard_task_runner.py:52} INFO - Started process 22563 to run task
[2023-06-29 08:05:01,497] {standard_task_runner.py:76} INFO - Running: ['airflow', 'tasks', 'run', 'my_first_dag', 'create_user', '2023-06-16T05:01:16+00:00', '--job-id', '4688', '--pool', 'default_pool', '--raw', '--subdir', 'DAGS_FOLDER/data_ingestion_dag/test.py', '--cfg-path', '/tmp/tmpuunz55wx', '--error-file', '/tmp/tmpz3se3hss']
[2023-06-29 08:05:01,499] {standard_task_runner.py:77} INFO - Job 4688: Subtask create_user
[2023-06-29 08:05:01,633] {logging_mixin.py:104} INFO - Running <TaskInstance: my_first_dag.create_user 2023-06-16T05:01:16+00:00 [running]> on host d9c3ec86c3ab
[2023-06-29 08:05:01,989] {taskinstance.py:1300} INFO - Exporting the following env vars:
AIRFLOW_CTX_DAG_OWNER=airflow
AIRFLOW_CTX_DAG_ID=my_first_dag
AIRFLOW_CTX_TASK_ID=create_user
AIRFLOW_CTX_EXECUTION_DATE=2023-06-16T05:01:16+00:00
AIRFLOW_CTX_DAG_RUN_ID=scheduled__2023-06-16T05:01:16+00:00
[2023-06-29 08:05:01,993] {subprocess.py:52} INFO - Tmp dir root location: 
 /tmp
[2023-06-29 08:05:01,994] {subprocess.py:63} INFO - Running command: ['bash', '-c', '\nid -u test_user;\nif [$? -eq o];\n    then echo "User exists"\nelse sudo useradd -r test_user;\n    echo "User created";\nfi']
[2023-06-29 08:05:02,008] {subprocess.py:75} INFO - Output:
[2023-06-29 08:05:02,100] {subprocess.py:79} INFO - id: ‘test_user’: no such user
[2023-06-29 08:05:02,109] {subprocess.py:79} INFO - bash: line 2: [1: command not found
[2023-06-29 08:05:02,177] {subprocess.py:79} INFO - 
[2023-06-29 08:05:02,178] {subprocess.py:79} INFO - We trust you have received the usual lecture from the local System
[2023-06-29 08:05:02,179] {subprocess.py:79} INFO - Administrator. It usually boils down to these three things:
[2023-06-29 08:05:02,180] {subprocess.py:79} INFO - 
[2023-06-29 08:05:02,181] {subprocess.py:79} INFO -     #1) Respect the privacy of others.
[2023-06-29 08:05:02,181] {subprocess.py:79} INFO -     #2) Think before you type.
[2023-06-29 08:05:02,182] {subprocess.py:79} INFO -     #3) With great power comes great responsibility.
[2023-06-29 08:05:02,183] {subprocess.py:79} INFO - 
[2023-06-29 08:05:02,183] {subprocess.py:79} INFO - sudo: no tty present and no askpass program specified
[2023-06-29 08:05:02,194] {subprocess.py:79} INFO - User created
[2023-06-29 08:05:02,198] {subprocess.py:83} INFO - Command exited with return code 0
[2023-06-29 08:05:02,297] {taskinstance.py:1204} INFO - Marking task as SUCCESS. dag_id=my_first_dag, task_id=create_user, execution_date=20230616T050116, start_date=20230629T080501, end_date=20230629T080502
[2023-06-29 08:05:02,380] {taskinstance.py:1265} INFO - 0 downstream tasks scheduled from follow-on schedule check
[2023-06-29 08:05:02,405] {local_task_job.py:151} INFO - Task exited with return code 0
