[2023-06-27 03:48:49,531] {taskinstance.py:896} INFO - Dependencies all met for <TaskInstance: my_first_dag.create_user 2023-06-13T18:01:55+00:00 [queued]>
[2023-06-27 03:48:49,673] {taskinstance.py:896} INFO - Dependencies all met for <TaskInstance: my_first_dag.create_user 2023-06-13T18:01:55+00:00 [queued]>
[2023-06-27 03:48:49,675] {taskinstance.py:1087} INFO - 
--------------------------------------------------------------------------------
[2023-06-27 03:48:49,677] {taskinstance.py:1088} INFO - Starting attempt 1 of 1
[2023-06-27 03:48:49,678] {taskinstance.py:1089} INFO - 
--------------------------------------------------------------------------------
[2023-06-27 03:48:49,807] {taskinstance.py:1107} INFO - Executing <Task(BashOperator): create_user> on 2023-06-13T18:01:55+00:00
[2023-06-27 03:48:49,818] {standard_task_runner.py:52} INFO - Started process 24220 to run task
[2023-06-27 03:48:49,855] {standard_task_runner.py:76} INFO - Running: ['airflow', 'tasks', 'run', 'my_first_dag', 'create_user', '2023-06-13T18:01:55+00:00', '--job-id', '1156', '--pool', 'default_pool', '--raw', '--subdir', 'DAGS_FOLDER/data_ingestion_dag/test.py', '--cfg-path', '/tmp/tmpv3kc3e7v', '--error-file', '/tmp/tmpwjbghrgb']
[2023-06-27 03:48:49,858] {standard_task_runner.py:77} INFO - Job 1156: Subtask create_user
[2023-06-27 03:48:50,068] {logging_mixin.py:104} INFO - Running <TaskInstance: my_first_dag.create_user 2023-06-13T18:01:55+00:00 [running]> on host d9c3ec86c3ab
[2023-06-27 03:48:50,471] {taskinstance.py:1300} INFO - Exporting the following env vars:
AIRFLOW_CTX_DAG_OWNER=airflow
AIRFLOW_CTX_DAG_ID=my_first_dag
AIRFLOW_CTX_TASK_ID=create_user
AIRFLOW_CTX_EXECUTION_DATE=2023-06-13T18:01:55+00:00
AIRFLOW_CTX_DAG_RUN_ID=scheduled__2023-06-13T18:01:55+00:00
[2023-06-27 03:48:50,478] {subprocess.py:52} INFO - Tmp dir root location: 
 /tmp
[2023-06-27 03:48:50,487] {subprocess.py:63} INFO - Running command: ['bash', '-c', '\nid -u test_user;\nif [$? -eq o];\n    then echo "User exists"\nelse sudo useradd -r test_user;\n    echo "User created";\nfi']
[2023-06-27 03:48:50,517] {subprocess.py:75} INFO - Output:
[2023-06-27 03:48:50,743] {subprocess.py:79} INFO - id: ‘test_user’: no such user
[2023-06-27 03:48:50,759] {subprocess.py:79} INFO - bash: line 2: [1: command not found
[2023-06-27 03:48:50,886] {subprocess.py:79} INFO - 
[2023-06-27 03:48:50,888] {subprocess.py:79} INFO - We trust you have received the usual lecture from the local System
[2023-06-27 03:48:50,889] {subprocess.py:79} INFO - Administrator. It usually boils down to these three things:
[2023-06-27 03:48:50,890] {subprocess.py:79} INFO - 
[2023-06-27 03:48:50,890] {subprocess.py:79} INFO -     #1) Respect the privacy of others.
[2023-06-27 03:48:50,892] {subprocess.py:79} INFO -     #2) Think before you type.
[2023-06-27 03:48:50,892] {subprocess.py:79} INFO -     #3) With great power comes great responsibility.
[2023-06-27 03:48:50,893] {subprocess.py:79} INFO - 
[2023-06-27 03:48:50,895] {subprocess.py:79} INFO - sudo: no tty present and no askpass program specified
[2023-06-27 03:48:50,916] {subprocess.py:79} INFO - User created
[2023-06-27 03:48:50,919] {subprocess.py:83} INFO - Command exited with return code 0
[2023-06-27 03:48:51,070] {taskinstance.py:1204} INFO - Marking task as SUCCESS. dag_id=my_first_dag, task_id=create_user, execution_date=20230613T180155, start_date=20230627T034849, end_date=20230627T034851
[2023-06-27 03:48:51,225] {taskinstance.py:1265} INFO - 0 downstream tasks scheduled from follow-on schedule check
[2023-06-27 03:48:51,267] {local_task_job.py:151} INFO - Task exited with return code 0
