[2023-07-17 14:55:49,944] {taskinstance.py:896} INFO - Dependencies all met for <TaskInstance: my_first_dag.create_user 2023-06-22T10:01:24+00:00 [queued]>
[2023-07-17 14:55:50,123] {taskinstance.py:896} INFO - Dependencies all met for <TaskInstance: my_first_dag.create_user 2023-06-22T10:01:24+00:00 [queued]>
[2023-07-17 14:55:50,124] {taskinstance.py:1087} INFO - 
--------------------------------------------------------------------------------
[2023-07-17 14:55:50,126] {taskinstance.py:1088} INFO - Starting attempt 1 of 1
[2023-07-17 14:55:50,127] {taskinstance.py:1089} INFO - 
--------------------------------------------------------------------------------
[2023-07-17 14:55:50,182] {taskinstance.py:1107} INFO - Executing <Task(BashOperator): create_user> on 2023-06-22T10:01:24+00:00
[2023-07-17 14:55:50,188] {standard_task_runner.py:52} INFO - Started process 12127 to run task
[2023-07-17 14:55:50,201] {standard_task_runner.py:76} INFO - Running: ['airflow', 'tasks', 'run', 'my_first_dag', 'create_user', '2023-06-22T10:01:24+00:00', '--job-id', '13718', '--pool', 'default_pool', '--raw', '--subdir', 'DAGS_FOLDER/data_ingestion_dag/test.py', '--cfg-path', '/tmp/tmputrhv0l1', '--error-file', '/tmp/tmp_5s8gzvt']
[2023-07-17 14:55:50,203] {standard_task_runner.py:77} INFO - Job 13718: Subtask create_user
[2023-07-17 14:55:50,299] {logging_mixin.py:104} INFO - Running <TaskInstance: my_first_dag.create_user 2023-06-22T10:01:24+00:00 [running]> on host d9c3ec86c3ab
[2023-07-17 14:55:50,801] {taskinstance.py:1300} INFO - Exporting the following env vars:
AIRFLOW_CTX_DAG_OWNER=airflow
AIRFLOW_CTX_DAG_ID=my_first_dag
AIRFLOW_CTX_TASK_ID=create_user
AIRFLOW_CTX_EXECUTION_DATE=2023-06-22T10:01:24+00:00
AIRFLOW_CTX_DAG_RUN_ID=scheduled__2023-06-22T10:01:24+00:00
[2023-07-17 14:55:50,805] {subprocess.py:52} INFO - Tmp dir root location: 
 /tmp
[2023-07-17 14:55:50,807] {subprocess.py:63} INFO - Running command: ['bash', '-c', '\nid -u test_user;\nif [$? -eq o];\n    then echo "User exists"\nelse sudo useradd -r test_user;\n    echo "User created";\nfi']
[2023-07-17 14:55:50,819] {subprocess.py:75} INFO - Output:
[2023-07-17 14:55:50,895] {subprocess.py:79} INFO - id: ‘test_user’: no such user
[2023-07-17 14:55:50,902] {subprocess.py:79} INFO - bash: line 2: [1: command not found
[2023-07-17 14:55:50,969] {subprocess.py:79} INFO - 
[2023-07-17 14:55:50,970] {subprocess.py:79} INFO - We trust you have received the usual lecture from the local System
[2023-07-17 14:55:50,971] {subprocess.py:79} INFO - Administrator. It usually boils down to these three things:
[2023-07-17 14:55:50,972] {subprocess.py:79} INFO - 
[2023-07-17 14:55:50,973] {subprocess.py:79} INFO -     #1) Respect the privacy of others.
[2023-07-17 14:55:50,974] {subprocess.py:79} INFO -     #2) Think before you type.
[2023-07-17 14:55:50,975] {subprocess.py:79} INFO -     #3) With great power comes great responsibility.
[2023-07-17 14:55:50,976] {subprocess.py:79} INFO - 
[2023-07-17 14:55:50,977] {subprocess.py:79} INFO - sudo: no tty present and no askpass program specified
[2023-07-17 14:55:50,983] {subprocess.py:79} INFO - User created
[2023-07-17 14:55:50,986] {subprocess.py:83} INFO - Command exited with return code 0
[2023-07-17 14:55:51,052] {taskinstance.py:1204} INFO - Marking task as SUCCESS. dag_id=my_first_dag, task_id=create_user, execution_date=20230622T100124, start_date=20230717T145549, end_date=20230717T145551
[2023-07-17 14:55:51,142] {taskinstance.py:1265} INFO - 0 downstream tasks scheduled from follow-on schedule check
[2023-07-17 14:55:51,179] {local_task_job.py:151} INFO - Task exited with return code 0
