[2023-07-12 10:47:17,767] {taskinstance.py:896} INFO - Dependencies all met for <TaskInstance: my_first_dag.create_user 2023-06-18T21:01:30+00:00 [queued]>
[2023-07-12 10:47:17,882] {taskinstance.py:896} INFO - Dependencies all met for <TaskInstance: my_first_dag.create_user 2023-06-18T21:01:30+00:00 [queued]>
[2023-07-12 10:47:17,883] {taskinstance.py:1087} INFO - 
--------------------------------------------------------------------------------
[2023-07-12 10:47:17,884] {taskinstance.py:1088} INFO - Starting attempt 1 of 1
[2023-07-12 10:47:17,885] {taskinstance.py:1089} INFO - 
--------------------------------------------------------------------------------
[2023-07-12 10:47:17,946] {taskinstance.py:1107} INFO - Executing <Task(BashOperator): create_user> on 2023-06-18T21:01:30+00:00
[2023-07-12 10:47:17,954] {standard_task_runner.py:52} INFO - Started process 60553 to run task
[2023-07-12 10:47:17,969] {standard_task_runner.py:76} INFO - Running: ['airflow', 'tasks', 'run', 'my_first_dag', 'create_user', '2023-06-18T21:01:30+00:00', '--job-id', '8572', '--pool', 'default_pool', '--raw', '--subdir', 'DAGS_FOLDER/data_ingestion_dag/test.py', '--cfg-path', '/tmp/tmpfwr1ifax', '--error-file', '/tmp/tmpkc_stzc4']
[2023-07-12 10:47:17,971] {standard_task_runner.py:77} INFO - Job 8572: Subtask create_user
[2023-07-12 10:47:18,095] {logging_mixin.py:104} INFO - Running <TaskInstance: my_first_dag.create_user 2023-06-18T21:01:30+00:00 [running]> on host d9c3ec86c3ab
[2023-07-12 10:47:18,476] {taskinstance.py:1300} INFO - Exporting the following env vars:
AIRFLOW_CTX_DAG_OWNER=airflow
AIRFLOW_CTX_DAG_ID=my_first_dag
AIRFLOW_CTX_TASK_ID=create_user
AIRFLOW_CTX_EXECUTION_DATE=2023-06-18T21:01:30+00:00
AIRFLOW_CTX_DAG_RUN_ID=scheduled__2023-06-18T21:01:30+00:00
[2023-07-12 10:47:18,479] {subprocess.py:52} INFO - Tmp dir root location: 
 /tmp
[2023-07-12 10:47:18,481] {subprocess.py:63} INFO - Running command: ['bash', '-c', '\nid -u test_user;\nif [$? -eq o];\n    then echo "User exists"\nelse sudo useradd -r test_user;\n    echo "User created";\nfi']
[2023-07-12 10:47:18,496] {subprocess.py:75} INFO - Output:
[2023-07-12 10:47:18,579] {subprocess.py:79} INFO - id: ‘test_user’: no such user
[2023-07-12 10:47:18,588] {subprocess.py:79} INFO - bash: line 2: [1: command not found
[2023-07-12 10:47:18,664] {subprocess.py:79} INFO - 
[2023-07-12 10:47:18,666] {subprocess.py:79} INFO - We trust you have received the usual lecture from the local System
[2023-07-12 10:47:18,667] {subprocess.py:79} INFO - Administrator. It usually boils down to these three things:
[2023-07-12 10:47:18,668] {subprocess.py:79} INFO - 
[2023-07-12 10:47:18,669] {subprocess.py:79} INFO -     #1) Respect the privacy of others.
[2023-07-12 10:47:18,670] {subprocess.py:79} INFO -     #2) Think before you type.
[2023-07-12 10:47:18,671] {subprocess.py:79} INFO -     #3) With great power comes great responsibility.
[2023-07-12 10:47:18,672] {subprocess.py:79} INFO - 
[2023-07-12 10:47:18,672] {subprocess.py:79} INFO - sudo: no tty present and no askpass program specified
[2023-07-12 10:47:18,681] {subprocess.py:79} INFO - User created
[2023-07-12 10:47:18,684] {subprocess.py:83} INFO - Command exited with return code 0
[2023-07-12 10:47:18,747] {taskinstance.py:1204} INFO - Marking task as SUCCESS. dag_id=my_first_dag, task_id=create_user, execution_date=20230618T210130, start_date=20230712T104717, end_date=20230712T104718
[2023-07-12 10:47:18,824] {taskinstance.py:1265} INFO - 0 downstream tasks scheduled from follow-on schedule check
[2023-07-12 10:47:18,869] {local_task_job.py:151} INFO - Task exited with return code 0
