[2023-07-30 11:28:17,953] {taskinstance.py:896} INFO - Dependencies all met for <TaskInstance: my_first_dag.create_user 2023-06-22T12:01:50+00:00 [queued]>
[2023-07-30 11:28:18,569] {taskinstance.py:896} INFO - Dependencies all met for <TaskInstance: my_first_dag.create_user 2023-06-22T12:01:50+00:00 [queued]>
[2023-07-30 11:28:18,578] {taskinstance.py:1087} INFO - 
--------------------------------------------------------------------------------
[2023-07-30 11:28:18,581] {taskinstance.py:1088} INFO - Starting attempt 1 of 1
[2023-07-30 11:28:18,582] {taskinstance.py:1089} INFO - 
--------------------------------------------------------------------------------
[2023-07-30 11:28:18,711] {taskinstance.py:1107} INFO - Executing <Task(BashOperator): create_user> on 2023-06-22T12:01:50+00:00
[2023-07-30 11:28:18,733] {standard_task_runner.py:52} INFO - Started process 110 to run task
[2023-07-30 11:28:18,791] {standard_task_runner.py:76} INFO - Running: ['airflow', 'tasks', 'run', 'my_first_dag', 'create_user', '2023-06-22T12:01:50+00:00', '--job-id', '13872', '--pool', 'default_pool', '--raw', '--subdir', 'DAGS_FOLDER/data_ingestion_dag/test.py', '--cfg-path', '/tmp/tmpqdsjt98w', '--error-file', '/tmp/tmp_k6infrj']
[2023-07-30 11:28:18,801] {standard_task_runner.py:77} INFO - Job 13872: Subtask create_user
[2023-07-30 11:28:19,027] {logging_mixin.py:104} INFO - Running <TaskInstance: my_first_dag.create_user 2023-06-22T12:01:50+00:00 [running]> on host fd6918d9d7f3
[2023-07-30 11:28:20,042] {taskinstance.py:1300} INFO - Exporting the following env vars:
AIRFLOW_CTX_DAG_OWNER=airflow
AIRFLOW_CTX_DAG_ID=my_first_dag
AIRFLOW_CTX_TASK_ID=create_user
AIRFLOW_CTX_EXECUTION_DATE=2023-06-22T12:01:50+00:00
AIRFLOW_CTX_DAG_RUN_ID=scheduled__2023-06-22T12:01:50+00:00
[2023-07-30 11:28:20,046] {subprocess.py:52} INFO - Tmp dir root location: 
 /tmp
[2023-07-30 11:28:20,049] {subprocess.py:63} INFO - Running command: ['bash', '-c', '\nid -u test_user;\nif [$? -eq o];\n    then echo "User exists"\nelse sudo useradd -r test_user;\n    echo "User created";\nfi']
[2023-07-30 11:28:20,078] {subprocess.py:75} INFO - Output:
[2023-07-30 11:28:20,243] {subprocess.py:79} INFO - id: ‘test_user’: no such user
[2023-07-30 11:28:20,256] {subprocess.py:79} INFO - bash: line 2: [1: command not found
[2023-07-30 11:28:20,367] {subprocess.py:79} INFO - 
[2023-07-30 11:28:20,371] {subprocess.py:79} INFO - We trust you have received the usual lecture from the local System
[2023-07-30 11:28:20,374] {subprocess.py:79} INFO - Administrator. It usually boils down to these three things:
[2023-07-30 11:28:20,378] {subprocess.py:79} INFO - 
[2023-07-30 11:28:20,385] {subprocess.py:79} INFO -     #1) Respect the privacy of others.
[2023-07-30 11:28:20,388] {subprocess.py:79} INFO -     #2) Think before you type.
[2023-07-30 11:28:20,390] {subprocess.py:79} INFO -     #3) With great power comes great responsibility.
[2023-07-30 11:28:20,393] {subprocess.py:79} INFO - 
[2023-07-30 11:28:20,395] {subprocess.py:79} INFO - sudo: no tty present and no askpass program specified
[2023-07-30 11:28:20,410] {subprocess.py:79} INFO - User created
[2023-07-30 11:28:20,419] {subprocess.py:83} INFO - Command exited with return code 0
[2023-07-30 11:28:20,568] {taskinstance.py:1204} INFO - Marking task as SUCCESS. dag_id=my_first_dag, task_id=create_user, execution_date=20230622T120150, start_date=20230730T112817, end_date=20230730T112820
[2023-07-30 11:28:20,699] {taskinstance.py:1265} INFO - 0 downstream tasks scheduled from follow-on schedule check
[2023-07-30 11:28:20,749] {local_task_job.py:151} INFO - Task exited with return code 0
