[2023-07-12 11:17:39,573] {taskinstance.py:896} INFO - Dependencies all met for <TaskInstance: my_first_dag.create_user 2023-06-18T23:01:48+00:00 [queued]>
[2023-07-12 11:17:39,694] {taskinstance.py:896} INFO - Dependencies all met for <TaskInstance: my_first_dag.create_user 2023-06-18T23:01:48+00:00 [queued]>
[2023-07-12 11:17:39,695] {taskinstance.py:1087} INFO - 
--------------------------------------------------------------------------------
[2023-07-12 11:17:39,695] {taskinstance.py:1088} INFO - Starting attempt 1 of 1
[2023-07-12 11:17:39,696] {taskinstance.py:1089} INFO - 
--------------------------------------------------------------------------------
[2023-07-12 11:17:39,744] {taskinstance.py:1107} INFO - Executing <Task(BashOperator): create_user> on 2023-06-18T23:01:48+00:00
[2023-07-12 11:17:39,750] {standard_task_runner.py:52} INFO - Started process 63512 to run task
[2023-07-12 11:17:39,764] {standard_task_runner.py:76} INFO - Running: ['airflow', 'tasks', 'run', 'my_first_dag', 'create_user', '2023-06-18T23:01:48+00:00', '--job-id', '8711', '--pool', 'default_pool', '--raw', '--subdir', 'DAGS_FOLDER/data_ingestion_dag/test.py', '--cfg-path', '/tmp/tmpwu4qkyb9', '--error-file', '/tmp/tmp6y6ijhx0']
[2023-07-12 11:17:39,766] {standard_task_runner.py:77} INFO - Job 8711: Subtask create_user
[2023-07-12 11:17:39,864] {logging_mixin.py:104} INFO - Running <TaskInstance: my_first_dag.create_user 2023-06-18T23:01:48+00:00 [running]> on host d9c3ec86c3ab
[2023-07-12 11:17:40,577] {taskinstance.py:1300} INFO - Exporting the following env vars:
AIRFLOW_CTX_DAG_OWNER=airflow
AIRFLOW_CTX_DAG_ID=my_first_dag
AIRFLOW_CTX_TASK_ID=create_user
AIRFLOW_CTX_EXECUTION_DATE=2023-06-18T23:01:48+00:00
AIRFLOW_CTX_DAG_RUN_ID=scheduled__2023-06-18T23:01:48+00:00
[2023-07-12 11:17:40,582] {subprocess.py:52} INFO - Tmp dir root location: 
 /tmp
[2023-07-12 11:17:40,585] {subprocess.py:63} INFO - Running command: ['bash', '-c', '\nid -u test_user;\nif [$? -eq o];\n    then echo "User exists"\nelse sudo useradd -r test_user;\n    echo "User created";\nfi']
[2023-07-12 11:17:40,616] {subprocess.py:75} INFO - Output:
[2023-07-12 11:17:40,745] {subprocess.py:79} INFO - id: ‘test_user’: no such user
[2023-07-12 11:17:40,757] {subprocess.py:79} INFO - bash: line 2: [1: command not found
[2023-07-12 11:17:40,854] {subprocess.py:79} INFO - 
[2023-07-12 11:17:40,855] {subprocess.py:79} INFO - We trust you have received the usual lecture from the local System
[2023-07-12 11:17:40,856] {subprocess.py:79} INFO - Administrator. It usually boils down to these three things:
[2023-07-12 11:17:40,857] {subprocess.py:79} INFO - 
[2023-07-12 11:17:40,858] {subprocess.py:79} INFO -     #1) Respect the privacy of others.
[2023-07-12 11:17:40,860] {subprocess.py:79} INFO -     #2) Think before you type.
[2023-07-12 11:17:40,861] {subprocess.py:79} INFO -     #3) With great power comes great responsibility.
[2023-07-12 11:17:40,862] {subprocess.py:79} INFO - 
[2023-07-12 11:17:40,865] {subprocess.py:79} INFO - sudo: no tty present and no askpass program specified
[2023-07-12 11:17:40,872] {subprocess.py:79} INFO - User created
[2023-07-12 11:17:40,875] {subprocess.py:83} INFO - Command exited with return code 0
[2023-07-12 11:17:40,976] {taskinstance.py:1204} INFO - Marking task as SUCCESS. dag_id=my_first_dag, task_id=create_user, execution_date=20230618T230148, start_date=20230712T111739, end_date=20230712T111740
[2023-07-12 11:17:41,091] {taskinstance.py:1265} INFO - 0 downstream tasks scheduled from follow-on schedule check
[2023-07-12 11:17:41,121] {local_task_job.py:151} INFO - Task exited with return code 0
