[2023-07-11 11:03:57,893] {taskinstance.py:896} INFO - Dependencies all met for <TaskInstance: my_first_dag.create_user 2023-06-17T09:01:30+00:00 [queued]>
[2023-07-11 11:03:57,980] {taskinstance.py:896} INFO - Dependencies all met for <TaskInstance: my_first_dag.create_user 2023-06-17T09:01:30+00:00 [queued]>
[2023-07-11 11:03:57,981] {taskinstance.py:1087} INFO - 
--------------------------------------------------------------------------------
[2023-07-11 11:03:57,982] {taskinstance.py:1088} INFO - Starting attempt 1 of 1
[2023-07-11 11:03:57,982] {taskinstance.py:1089} INFO - 
--------------------------------------------------------------------------------
[2023-07-11 11:03:58,031] {taskinstance.py:1107} INFO - Executing <Task(BashOperator): create_user> on 2023-06-17T09:01:30+00:00
[2023-07-11 11:03:58,036] {standard_task_runner.py:52} INFO - Started process 14173 to run task
[2023-07-11 11:03:58,049] {standard_task_runner.py:76} INFO - Running: ['airflow', 'tasks', 'run', 'my_first_dag', 'create_user', '2023-06-17T09:01:30+00:00', '--job-id', '6392', '--pool', 'default_pool', '--raw', '--subdir', 'DAGS_FOLDER/data_ingestion_dag/test.py', '--cfg-path', '/tmp/tmp6taaqreg', '--error-file', '/tmp/tmpk8sej1yg']
[2023-07-11 11:03:58,051] {standard_task_runner.py:77} INFO - Job 6392: Subtask create_user
[2023-07-11 11:03:58,162] {logging_mixin.py:104} INFO - Running <TaskInstance: my_first_dag.create_user 2023-06-17T09:01:30+00:00 [running]> on host d9c3ec86c3ab
[2023-07-11 11:03:58,451] {taskinstance.py:1300} INFO - Exporting the following env vars:
AIRFLOW_CTX_DAG_OWNER=airflow
AIRFLOW_CTX_DAG_ID=my_first_dag
AIRFLOW_CTX_TASK_ID=create_user
AIRFLOW_CTX_EXECUTION_DATE=2023-06-17T09:01:30+00:00
AIRFLOW_CTX_DAG_RUN_ID=scheduled__2023-06-17T09:01:30+00:00
[2023-07-11 11:03:58,455] {subprocess.py:52} INFO - Tmp dir root location: 
 /tmp
[2023-07-11 11:03:58,457] {subprocess.py:63} INFO - Running command: ['bash', '-c', '\nid -u test_user;\nif [$? -eq o];\n    then echo "User exists"\nelse sudo useradd -r test_user;\n    echo "User created";\nfi']
[2023-07-11 11:03:58,472] {subprocess.py:75} INFO - Output:
[2023-07-11 11:03:58,555] {subprocess.py:79} INFO - id: ‘test_user’: no such user
[2023-07-11 11:03:58,563] {subprocess.py:79} INFO - bash: line 2: [1: command not found
[2023-07-11 11:03:58,638] {subprocess.py:79} INFO - 
[2023-07-11 11:03:58,639] {subprocess.py:79} INFO - We trust you have received the usual lecture from the local System
[2023-07-11 11:03:58,640] {subprocess.py:79} INFO - Administrator. It usually boils down to these three things:
[2023-07-11 11:03:58,641] {subprocess.py:79} INFO - 
[2023-07-11 11:03:58,642] {subprocess.py:79} INFO -     #1) Respect the privacy of others.
[2023-07-11 11:03:58,643] {subprocess.py:79} INFO -     #2) Think before you type.
[2023-07-11 11:03:58,643] {subprocess.py:79} INFO -     #3) With great power comes great responsibility.
[2023-07-11 11:03:58,644] {subprocess.py:79} INFO - 
[2023-07-11 11:03:58,645] {subprocess.py:79} INFO - sudo: no tty present and no askpass program specified
[2023-07-11 11:03:58,653] {subprocess.py:79} INFO - User created
[2023-07-11 11:03:58,656] {subprocess.py:83} INFO - Command exited with return code 0
[2023-07-11 11:03:58,727] {taskinstance.py:1204} INFO - Marking task as SUCCESS. dag_id=my_first_dag, task_id=create_user, execution_date=20230617T090130, start_date=20230711T110357, end_date=20230711T110358
[2023-07-11 11:03:58,811] {taskinstance.py:1265} INFO - 0 downstream tasks scheduled from follow-on schedule check
[2023-07-11 11:03:58,823] {local_task_job.py:151} INFO - Task exited with return code 0
