[2023-07-30 14:57:12,190] {taskinstance.py:896} INFO - Dependencies all met for <TaskInstance: trending_tags_ingestion.load_data_to_postgres 2023-07-30T14:57:01.810214+00:00 [queued]>
[2023-07-30 14:57:12,222] {taskinstance.py:896} INFO - Dependencies all met for <TaskInstance: trending_tags_ingestion.load_data_to_postgres 2023-07-30T14:57:01.810214+00:00 [queued]>
[2023-07-30 14:57:12,223] {taskinstance.py:1087} INFO - 
--------------------------------------------------------------------------------
[2023-07-30 14:57:12,224] {taskinstance.py:1088} INFO - Starting attempt 1 of 2
[2023-07-30 14:57:12,224] {taskinstance.py:1089} INFO - 
--------------------------------------------------------------------------------
[2023-07-30 14:57:12,279] {taskinstance.py:1107} INFO - Executing <Task(PythonOperator): load_data_to_postgres> on 2023-07-30T14:57:01.810214+00:00
[2023-07-30 14:57:12,288] {standard_task_runner.py:52} INFO - Started process 243 to run task
[2023-07-30 14:57:12,309] {standard_task_runner.py:76} INFO - Running: ['airflow', 'tasks', 'run', 'trending_tags_ingestion', 'load_data_to_postgres', '2023-07-30T14:57:01.810214+00:00', '--job-id', '14435', '--pool', 'default_pool', '--raw', '--subdir', 'DAGS_FOLDER/data_ingestion_dag/stackapi.py', '--cfg-path', '/tmp/tmpjwdsoqna', '--error-file', '/tmp/tmp0rzqu3bo']
[2023-07-30 14:57:12,312] {standard_task_runner.py:77} INFO - Job 14435: Subtask load_data_to_postgres
[2023-07-30 14:57:12,449] {logging_mixin.py:104} INFO - Running <TaskInstance: trending_tags_ingestion.load_data_to_postgres 2023-07-30T14:57:01.810214+00:00 [running]> on host fd6918d9d7f3
[2023-07-30 14:57:12,623] {taskinstance.py:1300} INFO - Exporting the following env vars:
AIRFLOW_CTX_DAG_OWNER=airflow
AIRFLOW_CTX_DAG_ID=trending_tags_ingestion
AIRFLOW_CTX_TASK_ID=load_data_to_postgres
AIRFLOW_CTX_EXECUTION_DATE=2023-07-30T14:57:01.810214+00:00
AIRFLOW_CTX_DAG_RUN_ID=manual__2023-07-30T14:57:01.810214+00:00
[2023-07-30 14:57:12,632] {logging_mixin.py:104} INFO - Error: could not connect to server: Connection refused
	Is the server running on host "0.0.0.0" and accepting
	TCP/IP connections on port 5432?
[2023-07-30 14:57:12,633] {logging_mixin.py:104} INFO - 
[2023-07-30 14:57:12,634] {python.py:151} INFO - Done. Returned value was: None
[2023-07-30 14:57:12,655] {taskinstance.py:1204} INFO - Marking task as SUCCESS. dag_id=trending_tags_ingestion, task_id=load_data_to_postgres, execution_date=20230730T145701, start_date=20230730T145712, end_date=20230730T145712
[2023-07-30 14:57:12,749] {taskinstance.py:1265} INFO - 0 downstream tasks scheduled from follow-on schedule check
[2023-07-30 14:57:12,795] {local_task_job.py:151} INFO - Task exited with return code 0
