[2023-07-11 09:25:56,094] {taskinstance.py:896} INFO - Dependencies all met for <TaskInstance: my_first_dag.create_user 2023-06-17T02:01:04+00:00 [queued]>
[2023-07-11 09:25:56,229] {taskinstance.py:896} INFO - Dependencies all met for <TaskInstance: my_first_dag.create_user 2023-06-17T02:01:04+00:00 [queued]>
[2023-07-11 09:25:56,231] {taskinstance.py:1087} INFO - 
--------------------------------------------------------------------------------
[2023-07-11 09:25:56,233] {taskinstance.py:1088} INFO - Starting attempt 1 of 1
[2023-07-11 09:25:56,234] {taskinstance.py:1089} INFO - 
--------------------------------------------------------------------------------
[2023-07-11 09:25:56,312] {taskinstance.py:1107} INFO - Executing <Task(BashOperator): create_user> on 2023-06-17T02:01:04+00:00
[2023-07-11 09:25:56,320] {standard_task_runner.py:52} INFO - Started process 4623 to run task
[2023-07-11 09:25:56,355] {standard_task_runner.py:76} INFO - Running: ['airflow', 'tasks', 'run', 'my_first_dag', 'create_user', '2023-06-17T02:01:04+00:00', '--job-id', '5944', '--pool', 'default_pool', '--raw', '--subdir', 'DAGS_FOLDER/data_ingestion_dag/test.py', '--cfg-path', '/tmp/tmp4nb09834', '--error-file', '/tmp/tmpe1djor2u']
[2023-07-11 09:25:56,358] {standard_task_runner.py:77} INFO - Job 5944: Subtask create_user
[2023-07-11 09:25:56,547] {logging_mixin.py:104} INFO - Running <TaskInstance: my_first_dag.create_user 2023-06-17T02:01:04+00:00 [running]> on host d9c3ec86c3ab
[2023-07-11 09:25:57,043] {taskinstance.py:1300} INFO - Exporting the following env vars:
AIRFLOW_CTX_DAG_OWNER=airflow
AIRFLOW_CTX_DAG_ID=my_first_dag
AIRFLOW_CTX_TASK_ID=create_user
AIRFLOW_CTX_EXECUTION_DATE=2023-06-17T02:01:04+00:00
AIRFLOW_CTX_DAG_RUN_ID=scheduled__2023-06-17T02:01:04+00:00
[2023-07-11 09:25:57,047] {subprocess.py:52} INFO - Tmp dir root location: 
 /tmp
[2023-07-11 09:25:57,049] {subprocess.py:63} INFO - Running command: ['bash', '-c', '\nid -u test_user;\nif [$? -eq o];\n    then echo "User exists"\nelse sudo useradd -r test_user;\n    echo "User created";\nfi']
[2023-07-11 09:25:57,067] {subprocess.py:75} INFO - Output:
[2023-07-11 09:25:57,198] {subprocess.py:79} INFO - id: ‘test_user’: no such user
[2023-07-11 09:25:57,207] {subprocess.py:79} INFO - bash: line 2: [1: command not found
[2023-07-11 09:25:57,281] {subprocess.py:79} INFO - 
[2023-07-11 09:25:57,283] {subprocess.py:79} INFO - We trust you have received the usual lecture from the local System
[2023-07-11 09:25:57,283] {subprocess.py:79} INFO - Administrator. It usually boils down to these three things:
[2023-07-11 09:25:57,284] {subprocess.py:79} INFO - 
[2023-07-11 09:25:57,285] {subprocess.py:79} INFO -     #1) Respect the privacy of others.
[2023-07-11 09:25:57,286] {subprocess.py:79} INFO -     #2) Think before you type.
[2023-07-11 09:25:57,288] {subprocess.py:79} INFO -     #3) With great power comes great responsibility.
[2023-07-11 09:25:57,290] {subprocess.py:79} INFO - 
[2023-07-11 09:25:57,292] {subprocess.py:79} INFO - sudo: no tty present and no askpass program specified
[2023-07-11 09:25:57,296] {subprocess.py:79} INFO - User created
[2023-07-11 09:25:57,300] {subprocess.py:83} INFO - Command exited with return code 0
[2023-07-11 09:25:57,381] {taskinstance.py:1204} INFO - Marking task as SUCCESS. dag_id=my_first_dag, task_id=create_user, execution_date=20230617T020104, start_date=20230711T092556, end_date=20230711T092557
[2023-07-11 09:25:57,496] {taskinstance.py:1265} INFO - 0 downstream tasks scheduled from follow-on schedule check
[2023-07-11 09:25:57,539] {local_task_job.py:151} INFO - Task exited with return code 0
