[2023-06-29 07:30:24,159] {taskinstance.py:896} INFO - Dependencies all met for <TaskInstance: my_first_dag.create_user 2023-06-16T02:01:51+00:00 [queued]>
[2023-06-29 07:30:24,231] {taskinstance.py:896} INFO - Dependencies all met for <TaskInstance: my_first_dag.create_user 2023-06-16T02:01:51+00:00 [queued]>
[2023-06-29 07:30:24,232] {taskinstance.py:1087} INFO - 
--------------------------------------------------------------------------------
[2023-06-29 07:30:24,233] {taskinstance.py:1088} INFO - Starting attempt 1 of 1
[2023-06-29 07:30:24,234] {taskinstance.py:1089} INFO - 
--------------------------------------------------------------------------------
[2023-06-29 07:30:24,283] {taskinstance.py:1107} INFO - Executing <Task(BashOperator): create_user> on 2023-06-16T02:01:51+00:00
[2023-06-29 07:30:24,287] {standard_task_runner.py:52} INFO - Started process 19439 to run task
[2023-06-29 07:30:24,298] {standard_task_runner.py:76} INFO - Running: ['airflow', 'tasks', 'run', 'my_first_dag', 'create_user', '2023-06-16T02:01:51+00:00', '--job-id', '4543', '--pool', 'default_pool', '--raw', '--subdir', 'DAGS_FOLDER/data_ingestion_dag/test.py', '--cfg-path', '/tmp/tmp82v8j33h', '--error-file', '/tmp/tmpqm3cwqlr']
[2023-06-29 07:30:24,300] {standard_task_runner.py:77} INFO - Job 4543: Subtask create_user
[2023-06-29 07:30:24,390] {logging_mixin.py:104} INFO - Running <TaskInstance: my_first_dag.create_user 2023-06-16T02:01:51+00:00 [running]> on host d9c3ec86c3ab
[2023-06-29 07:30:24,638] {taskinstance.py:1300} INFO - Exporting the following env vars:
AIRFLOW_CTX_DAG_OWNER=airflow
AIRFLOW_CTX_DAG_ID=my_first_dag
AIRFLOW_CTX_TASK_ID=create_user
AIRFLOW_CTX_EXECUTION_DATE=2023-06-16T02:01:51+00:00
AIRFLOW_CTX_DAG_RUN_ID=scheduled__2023-06-16T02:01:51+00:00
[2023-06-29 07:30:24,641] {subprocess.py:52} INFO - Tmp dir root location: 
 /tmp
[2023-06-29 07:30:24,642] {subprocess.py:63} INFO - Running command: ['bash', '-c', '\nid -u test_user;\nif [$? -eq o];\n    then echo "User exists"\nelse sudo useradd -r test_user;\n    echo "User created";\nfi']
[2023-06-29 07:30:24,652] {subprocess.py:75} INFO - Output:
[2023-06-29 07:30:24,722] {subprocess.py:79} INFO - id: ‘test_user’: no such user
[2023-06-29 07:30:24,728] {subprocess.py:79} INFO - bash: line 2: [1: command not found
[2023-06-29 07:30:24,788] {subprocess.py:79} INFO - 
[2023-06-29 07:30:24,789] {subprocess.py:79} INFO - We trust you have received the usual lecture from the local System
[2023-06-29 07:30:24,790] {subprocess.py:79} INFO - Administrator. It usually boils down to these three things:
[2023-06-29 07:30:24,790] {subprocess.py:79} INFO - 
[2023-06-29 07:30:24,791] {subprocess.py:79} INFO -     #1) Respect the privacy of others.
[2023-06-29 07:30:24,792] {subprocess.py:79} INFO -     #2) Think before you type.
[2023-06-29 07:30:24,792] {subprocess.py:79} INFO -     #3) With great power comes great responsibility.
[2023-06-29 07:30:24,793] {subprocess.py:79} INFO - 
[2023-06-29 07:30:24,794] {subprocess.py:79} INFO - sudo: no tty present and no askpass program specified
[2023-06-29 07:30:24,800] {subprocess.py:79} INFO - User created
[2023-06-29 07:30:24,803] {subprocess.py:83} INFO - Command exited with return code 0
[2023-06-29 07:30:24,860] {taskinstance.py:1204} INFO - Marking task as SUCCESS. dag_id=my_first_dag, task_id=create_user, execution_date=20230616T020151, start_date=20230629T073024, end_date=20230629T073024
[2023-06-29 07:30:24,996] {taskinstance.py:1265} INFO - 0 downstream tasks scheduled from follow-on schedule check
[2023-06-29 07:30:25,110] {local_task_job.py:151} INFO - Task exited with return code 0
