[2023-07-30 12:48:47,766] {taskinstance.py:896} INFO - Dependencies all met for <TaskInstance: my_first_dag.create_user 2023-06-22T19:01:21+00:00 [queued]>
[2023-07-30 12:48:47,956] {taskinstance.py:896} INFO - Dependencies all met for <TaskInstance: my_first_dag.create_user 2023-06-22T19:01:21+00:00 [queued]>
[2023-07-30 12:48:47,957] {taskinstance.py:1087} INFO - 
--------------------------------------------------------------------------------
[2023-07-30 12:48:47,958] {taskinstance.py:1088} INFO - Starting attempt 1 of 1
[2023-07-30 12:48:47,958] {taskinstance.py:1089} INFO - 
--------------------------------------------------------------------------------
[2023-07-30 12:48:48,006] {taskinstance.py:1107} INFO - Executing <Task(BashOperator): create_user> on 2023-06-22T19:01:21+00:00
[2023-07-30 12:48:48,011] {standard_task_runner.py:52} INFO - Started process 8407 to run task
[2023-07-30 12:48:48,026] {standard_task_runner.py:76} INFO - Running: ['airflow', 'tasks', 'run', 'my_first_dag', 'create_user', '2023-06-22T19:01:21+00:00', '--job-id', '14265', '--pool', 'default_pool', '--raw', '--subdir', 'DAGS_FOLDER/data_ingestion_dag/test.py', '--cfg-path', '/tmp/tmpghpija9o', '--error-file', '/tmp/tmp8vbnqtc0']
[2023-07-30 12:48:48,027] {standard_task_runner.py:77} INFO - Job 14265: Subtask create_user
[2023-07-30 12:48:48,129] {logging_mixin.py:104} INFO - Running <TaskInstance: my_first_dag.create_user 2023-06-22T19:01:21+00:00 [running]> on host fd6918d9d7f3
[2023-07-30 12:48:48,637] {taskinstance.py:1300} INFO - Exporting the following env vars:
AIRFLOW_CTX_DAG_OWNER=airflow
AIRFLOW_CTX_DAG_ID=my_first_dag
AIRFLOW_CTX_TASK_ID=create_user
AIRFLOW_CTX_EXECUTION_DATE=2023-06-22T19:01:21+00:00
AIRFLOW_CTX_DAG_RUN_ID=scheduled__2023-06-22T19:01:21+00:00
[2023-07-30 12:48:48,639] {subprocess.py:52} INFO - Tmp dir root location: 
 /tmp
[2023-07-30 12:48:48,641] {subprocess.py:63} INFO - Running command: ['bash', '-c', '\nid -u test_user;\nif [$? -eq o];\n    then echo "User exists"\nelse sudo useradd -r test_user;\n    echo "User created";\nfi']
[2023-07-30 12:48:48,652] {subprocess.py:75} INFO - Output:
[2023-07-30 12:48:48,725] {subprocess.py:79} INFO - id: ‘test_user’: no such user
[2023-07-30 12:48:48,732] {subprocess.py:79} INFO - bash: line 2: [1: command not found
[2023-07-30 12:48:48,795] {subprocess.py:79} INFO - 
[2023-07-30 12:48:48,796] {subprocess.py:79} INFO - We trust you have received the usual lecture from the local System
[2023-07-30 12:48:48,797] {subprocess.py:79} INFO - Administrator. It usually boils down to these three things:
[2023-07-30 12:48:48,798] {subprocess.py:79} INFO - 
[2023-07-30 12:48:48,798] {subprocess.py:79} INFO -     #1) Respect the privacy of others.
[2023-07-30 12:48:48,799] {subprocess.py:79} INFO -     #2) Think before you type.
[2023-07-30 12:48:48,799] {subprocess.py:79} INFO -     #3) With great power comes great responsibility.
[2023-07-30 12:48:48,800] {subprocess.py:79} INFO - 
[2023-07-30 12:48:48,800] {subprocess.py:79} INFO - sudo: no tty present and no askpass program specified
[2023-07-30 12:48:48,809] {subprocess.py:79} INFO - User created
[2023-07-30 12:48:48,812] {subprocess.py:83} INFO - Command exited with return code 0
[2023-07-30 12:48:48,875] {taskinstance.py:1204} INFO - Marking task as SUCCESS. dag_id=my_first_dag, task_id=create_user, execution_date=20230622T190121, start_date=20230730T124847, end_date=20230730T124848
[2023-07-30 12:48:48,953] {taskinstance.py:1265} INFO - 0 downstream tasks scheduled from follow-on schedule check
[2023-07-30 12:48:49,001] {local_task_job.py:151} INFO - Task exited with return code 0
