[2023-07-14 08:07:31,766] {taskinstance.py:896} INFO - Dependencies all met for <TaskInstance: my_first_dag.create_user 2023-06-21T16:01:43+00:00 [queued]>
[2023-07-14 08:07:31,879] {taskinstance.py:896} INFO - Dependencies all met for <TaskInstance: my_first_dag.create_user 2023-06-21T16:01:43+00:00 [queued]>
[2023-07-14 08:07:31,880] {taskinstance.py:1087} INFO - 
--------------------------------------------------------------------------------
[2023-07-14 08:07:31,880] {taskinstance.py:1088} INFO - Starting attempt 1 of 1
[2023-07-14 08:07:31,881] {taskinstance.py:1089} INFO - 
--------------------------------------------------------------------------------
[2023-07-14 08:07:31,926] {taskinstance.py:1107} INFO - Executing <Task(BashOperator): create_user> on 2023-06-21T16:01:43+00:00
[2023-07-14 08:07:31,931] {standard_task_runner.py:52} INFO - Started process 29796 to run task
[2023-07-14 08:07:31,943] {standard_task_runner.py:76} INFO - Running: ['airflow', 'tasks', 'run', 'my_first_dag', 'create_user', '2023-06-21T16:01:43+00:00', '--job-id', '12645', '--pool', 'default_pool', '--raw', '--subdir', 'DAGS_FOLDER/data_ingestion_dag/test.py', '--cfg-path', '/tmp/tmpz8a0a2er', '--error-file', '/tmp/tmpk8omdsbe']
[2023-07-14 08:07:31,944] {standard_task_runner.py:77} INFO - Job 12645: Subtask create_user
[2023-07-14 08:07:32,068] {logging_mixin.py:104} INFO - Running <TaskInstance: my_first_dag.create_user 2023-06-21T16:01:43+00:00 [running]> on host d9c3ec86c3ab
[2023-07-14 08:07:32,428] {taskinstance.py:1300} INFO - Exporting the following env vars:
AIRFLOW_CTX_DAG_OWNER=airflow
AIRFLOW_CTX_DAG_ID=my_first_dag
AIRFLOW_CTX_TASK_ID=create_user
AIRFLOW_CTX_EXECUTION_DATE=2023-06-21T16:01:43+00:00
AIRFLOW_CTX_DAG_RUN_ID=scheduled__2023-06-21T16:01:43+00:00
[2023-07-14 08:07:32,431] {subprocess.py:52} INFO - Tmp dir root location: 
 /tmp
[2023-07-14 08:07:32,433] {subprocess.py:63} INFO - Running command: ['bash', '-c', '\nid -u test_user;\nif [$? -eq o];\n    then echo "User exists"\nelse sudo useradd -r test_user;\n    echo "User created";\nfi']
[2023-07-14 08:07:32,443] {subprocess.py:75} INFO - Output:
[2023-07-14 08:07:32,511] {subprocess.py:79} INFO - id: ‘test_user’: no such user
[2023-07-14 08:07:32,518] {subprocess.py:79} INFO - bash: line 2: [1: command not found
[2023-07-14 08:07:32,579] {subprocess.py:79} INFO - 
[2023-07-14 08:07:32,580] {subprocess.py:79} INFO - We trust you have received the usual lecture from the local System
[2023-07-14 08:07:32,580] {subprocess.py:79} INFO - Administrator. It usually boils down to these three things:
[2023-07-14 08:07:32,581] {subprocess.py:79} INFO - 
[2023-07-14 08:07:32,582] {subprocess.py:79} INFO -     #1) Respect the privacy of others.
[2023-07-14 08:07:32,582] {subprocess.py:79} INFO -     #2) Think before you type.
[2023-07-14 08:07:32,583] {subprocess.py:79} INFO -     #3) With great power comes great responsibility.
[2023-07-14 08:07:32,584] {subprocess.py:79} INFO - 
[2023-07-14 08:07:32,584] {subprocess.py:79} INFO - sudo: no tty present and no askpass program specified
[2023-07-14 08:07:32,592] {subprocess.py:79} INFO - User created
[2023-07-14 08:07:32,595] {subprocess.py:83} INFO - Command exited with return code 0
[2023-07-14 08:07:32,669] {taskinstance.py:1204} INFO - Marking task as SUCCESS. dag_id=my_first_dag, task_id=create_user, execution_date=20230621T160143, start_date=20230714T080731, end_date=20230714T080732
[2023-07-14 08:07:32,742] {taskinstance.py:1265} INFO - 0 downstream tasks scheduled from follow-on schedule check
[2023-07-14 08:07:32,762] {local_task_job.py:151} INFO - Task exited with return code 0
