[2023-07-30 12:49:43,863] {taskinstance.py:896} INFO - Dependencies all met for <TaskInstance: my_first_dag.create_user 2023-06-22T19:01:26+00:00 [queued]>
[2023-07-30 12:49:44,057] {taskinstance.py:896} INFO - Dependencies all met for <TaskInstance: my_first_dag.create_user 2023-06-22T19:01:26+00:00 [queued]>
[2023-07-30 12:49:44,058] {taskinstance.py:1087} INFO - 
--------------------------------------------------------------------------------
[2023-07-30 12:49:44,059] {taskinstance.py:1088} INFO - Starting attempt 1 of 1
[2023-07-30 12:49:44,059] {taskinstance.py:1089} INFO - 
--------------------------------------------------------------------------------
[2023-07-30 12:49:44,111] {taskinstance.py:1107} INFO - Executing <Task(BashOperator): create_user> on 2023-06-22T19:01:26+00:00
[2023-07-30 12:49:44,115] {standard_task_runner.py:52} INFO - Started process 8515 to run task
[2023-07-30 12:49:44,127] {standard_task_runner.py:76} INFO - Running: ['airflow', 'tasks', 'run', 'my_first_dag', 'create_user', '2023-06-22T19:01:26+00:00', '--job-id', '14270', '--pool', 'default_pool', '--raw', '--subdir', 'DAGS_FOLDER/data_ingestion_dag/test.py', '--cfg-path', '/tmp/tmpe6erxv0f', '--error-file', '/tmp/tmpy2kki_h7']
[2023-07-30 12:49:44,129] {standard_task_runner.py:77} INFO - Job 14270: Subtask create_user
[2023-07-30 12:49:44,224] {logging_mixin.py:104} INFO - Running <TaskInstance: my_first_dag.create_user 2023-06-22T19:01:26+00:00 [running]> on host fd6918d9d7f3
[2023-07-30 12:49:44,726] {taskinstance.py:1300} INFO - Exporting the following env vars:
AIRFLOW_CTX_DAG_OWNER=airflow
AIRFLOW_CTX_DAG_ID=my_first_dag
AIRFLOW_CTX_TASK_ID=create_user
AIRFLOW_CTX_EXECUTION_DATE=2023-06-22T19:01:26+00:00
AIRFLOW_CTX_DAG_RUN_ID=scheduled__2023-06-22T19:01:26+00:00
[2023-07-30 12:49:44,728] {subprocess.py:52} INFO - Tmp dir root location: 
 /tmp
[2023-07-30 12:49:44,730] {subprocess.py:63} INFO - Running command: ['bash', '-c', '\nid -u test_user;\nif [$? -eq o];\n    then echo "User exists"\nelse sudo useradd -r test_user;\n    echo "User created";\nfi']
[2023-07-30 12:49:44,740] {subprocess.py:75} INFO - Output:
[2023-07-30 12:49:44,811] {subprocess.py:79} INFO - id: ‘test_user’: no such user
[2023-07-30 12:49:44,818] {subprocess.py:79} INFO - bash: line 2: [1: command not found
[2023-07-30 12:49:44,883] {subprocess.py:79} INFO - 
[2023-07-30 12:49:44,884] {subprocess.py:79} INFO - We trust you have received the usual lecture from the local System
[2023-07-30 12:49:44,885] {subprocess.py:79} INFO - Administrator. It usually boils down to these three things:
[2023-07-30 12:49:44,886] {subprocess.py:79} INFO - 
[2023-07-30 12:49:44,886] {subprocess.py:79} INFO -     #1) Respect the privacy of others.
[2023-07-30 12:49:44,887] {subprocess.py:79} INFO -     #2) Think before you type.
[2023-07-30 12:49:44,888] {subprocess.py:79} INFO -     #3) With great power comes great responsibility.
[2023-07-30 12:49:44,889] {subprocess.py:79} INFO - 
[2023-07-30 12:49:44,889] {subprocess.py:79} INFO - sudo: no tty present and no askpass program specified
[2023-07-30 12:49:44,897] {subprocess.py:79} INFO - User created
[2023-07-30 12:49:44,901] {subprocess.py:83} INFO - Command exited with return code 0
[2023-07-30 12:49:44,966] {taskinstance.py:1204} INFO - Marking task as SUCCESS. dag_id=my_first_dag, task_id=create_user, execution_date=20230622T190126, start_date=20230730T124943, end_date=20230730T124944
[2023-07-30 12:49:45,054] {taskinstance.py:1265} INFO - 0 downstream tasks scheduled from follow-on schedule check
[2023-07-30 12:49:45,066] {local_task_job.py:151} INFO - Task exited with return code 0
