[2023-07-30 12:20:48,032] {taskinstance.py:896} INFO - Dependencies all met for <TaskInstance: my_first_dag.create_user 2023-06-22T17:01:05+00:00 [queued]>
[2023-07-30 12:20:48,208] {taskinstance.py:896} INFO - Dependencies all met for <TaskInstance: my_first_dag.create_user 2023-06-22T17:01:05+00:00 [queued]>
[2023-07-30 12:20:48,209] {taskinstance.py:1087} INFO - 
--------------------------------------------------------------------------------
[2023-07-30 12:20:48,210] {taskinstance.py:1088} INFO - Starting attempt 1 of 1
[2023-07-30 12:20:48,211] {taskinstance.py:1089} INFO - 
--------------------------------------------------------------------------------
[2023-07-30 12:20:48,284] {taskinstance.py:1107} INFO - Executing <Task(BashOperator): create_user> on 2023-06-22T17:01:05+00:00
[2023-07-30 12:20:48,293] {standard_task_runner.py:52} INFO - Started process 5416 to run task
[2023-07-30 12:20:48,314] {standard_task_runner.py:76} INFO - Running: ['airflow', 'tasks', 'run', 'my_first_dag', 'create_user', '2023-06-22T17:01:05+00:00', '--job-id', '14129', '--pool', 'default_pool', '--raw', '--subdir', 'DAGS_FOLDER/data_ingestion_dag/test.py', '--cfg-path', '/tmp/tmp_lrvs_cl', '--error-file', '/tmp/tmp59thsxh0']
[2023-07-30 12:20:48,317] {standard_task_runner.py:77} INFO - Job 14129: Subtask create_user
[2023-07-30 12:20:48,480] {logging_mixin.py:104} INFO - Running <TaskInstance: my_first_dag.create_user 2023-06-22T17:01:05+00:00 [running]> on host fd6918d9d7f3
[2023-07-30 12:20:48,955] {taskinstance.py:1300} INFO - Exporting the following env vars:
AIRFLOW_CTX_DAG_OWNER=airflow
AIRFLOW_CTX_DAG_ID=my_first_dag
AIRFLOW_CTX_TASK_ID=create_user
AIRFLOW_CTX_EXECUTION_DATE=2023-06-22T17:01:05+00:00
AIRFLOW_CTX_DAG_RUN_ID=scheduled__2023-06-22T17:01:05+00:00
[2023-07-30 12:20:48,959] {subprocess.py:52} INFO - Tmp dir root location: 
 /tmp
[2023-07-30 12:20:48,960] {subprocess.py:63} INFO - Running command: ['bash', '-c', '\nid -u test_user;\nif [$? -eq o];\n    then echo "User exists"\nelse sudo useradd -r test_user;\n    echo "User created";\nfi']
[2023-07-30 12:20:48,975] {subprocess.py:75} INFO - Output:
[2023-07-30 12:20:49,070] {subprocess.py:79} INFO - id: ‘test_user’: no such user
[2023-07-30 12:20:49,083] {subprocess.py:79} INFO - bash: line 2: [1: command not found
[2023-07-30 12:20:49,182] {subprocess.py:79} INFO - 
[2023-07-30 12:20:49,183] {subprocess.py:79} INFO - We trust you have received the usual lecture from the local System
[2023-07-30 12:20:49,184] {subprocess.py:79} INFO - Administrator. It usually boils down to these three things:
[2023-07-30 12:20:49,184] {subprocess.py:79} INFO - 
[2023-07-30 12:20:49,185] {subprocess.py:79} INFO -     #1) Respect the privacy of others.
[2023-07-30 12:20:49,186] {subprocess.py:79} INFO -     #2) Think before you type.
[2023-07-30 12:20:49,186] {subprocess.py:79} INFO -     #3) With great power comes great responsibility.
[2023-07-30 12:20:49,187] {subprocess.py:79} INFO - 
[2023-07-30 12:20:49,188] {subprocess.py:79} INFO - sudo: no tty present and no askpass program specified
[2023-07-30 12:20:49,197] {subprocess.py:79} INFO - User created
[2023-07-30 12:20:49,201] {subprocess.py:83} INFO - Command exited with return code 0
[2023-07-30 12:20:49,269] {taskinstance.py:1204} INFO - Marking task as SUCCESS. dag_id=my_first_dag, task_id=create_user, execution_date=20230622T170105, start_date=20230730T122048, end_date=20230730T122049
[2023-07-30 12:20:49,386] {taskinstance.py:1265} INFO - 0 downstream tasks scheduled from follow-on schedule check
[2023-07-30 12:20:49,416] {local_task_job.py:151} INFO - Task exited with return code 0
