[2023-07-30 12:09:53,819] {taskinstance.py:896} INFO - Dependencies all met for <TaskInstance: my_first_dag.create_user 2023-06-22T16:01:11+00:00 [queued]>
[2023-07-30 12:09:53,981] {taskinstance.py:896} INFO - Dependencies all met for <TaskInstance: my_first_dag.create_user 2023-06-22T16:01:11+00:00 [queued]>
[2023-07-30 12:09:53,982] {taskinstance.py:1087} INFO - 
--------------------------------------------------------------------------------
[2023-07-30 12:09:53,983] {taskinstance.py:1088} INFO - Starting attempt 1 of 1
[2023-07-30 12:09:53,983] {taskinstance.py:1089} INFO - 
--------------------------------------------------------------------------------
[2023-07-30 12:09:54,032] {taskinstance.py:1107} INFO - Executing <Task(BashOperator): create_user> on 2023-06-22T16:01:11+00:00
[2023-07-30 12:09:54,037] {standard_task_runner.py:52} INFO - Started process 4224 to run task
[2023-07-30 12:09:54,049] {standard_task_runner.py:76} INFO - Running: ['airflow', 'tasks', 'run', 'my_first_dag', 'create_user', '2023-06-22T16:01:11+00:00', '--job-id', '14074', '--pool', 'default_pool', '--raw', '--subdir', 'DAGS_FOLDER/data_ingestion_dag/test.py', '--cfg-path', '/tmp/tmpoegol4p_', '--error-file', '/tmp/tmpsjsuh735']
[2023-07-30 12:09:54,051] {standard_task_runner.py:77} INFO - Job 14074: Subtask create_user
[2023-07-30 12:09:54,150] {logging_mixin.py:104} INFO - Running <TaskInstance: my_first_dag.create_user 2023-06-22T16:01:11+00:00 [running]> on host fd6918d9d7f3
[2023-07-30 12:09:54,599] {taskinstance.py:1300} INFO - Exporting the following env vars:
AIRFLOW_CTX_DAG_OWNER=airflow
AIRFLOW_CTX_DAG_ID=my_first_dag
AIRFLOW_CTX_TASK_ID=create_user
AIRFLOW_CTX_EXECUTION_DATE=2023-06-22T16:01:11+00:00
AIRFLOW_CTX_DAG_RUN_ID=scheduled__2023-06-22T16:01:11+00:00
[2023-07-30 12:09:54,602] {subprocess.py:52} INFO - Tmp dir root location: 
 /tmp
[2023-07-30 12:09:54,603] {subprocess.py:63} INFO - Running command: ['bash', '-c', '\nid -u test_user;\nif [$? -eq o];\n    then echo "User exists"\nelse sudo useradd -r test_user;\n    echo "User created";\nfi']
[2023-07-30 12:09:54,616] {subprocess.py:75} INFO - Output:
[2023-07-30 12:09:54,692] {subprocess.py:79} INFO - id: ‘test_user’: no such user
[2023-07-30 12:09:54,702] {subprocess.py:79} INFO - bash: line 2: [1: command not found
[2023-07-30 12:09:54,769] {subprocess.py:79} INFO - 
[2023-07-30 12:09:54,771] {subprocess.py:79} INFO - We trust you have received the usual lecture from the local System
[2023-07-30 12:09:54,772] {subprocess.py:79} INFO - Administrator. It usually boils down to these three things:
[2023-07-30 12:09:54,772] {subprocess.py:79} INFO - 
[2023-07-30 12:09:54,773] {subprocess.py:79} INFO -     #1) Respect the privacy of others.
[2023-07-30 12:09:54,774] {subprocess.py:79} INFO -     #2) Think before you type.
[2023-07-30 12:09:54,775] {subprocess.py:79} INFO -     #3) With great power comes great responsibility.
[2023-07-30 12:09:54,776] {subprocess.py:79} INFO - 
[2023-07-30 12:09:54,776] {subprocess.py:79} INFO - sudo: no tty present and no askpass program specified
[2023-07-30 12:09:54,785] {subprocess.py:79} INFO - User created
[2023-07-30 12:09:54,789] {subprocess.py:83} INFO - Command exited with return code 0
[2023-07-30 12:09:54,850] {taskinstance.py:1204} INFO - Marking task as SUCCESS. dag_id=my_first_dag, task_id=create_user, execution_date=20230622T160111, start_date=20230730T120953, end_date=20230730T120954
[2023-07-30 12:09:54,934] {taskinstance.py:1265} INFO - 0 downstream tasks scheduled from follow-on schedule check
[2023-07-30 12:09:54,945] {local_task_job.py:151} INFO - Task exited with return code 0
