[2023-07-30 12:36:23,791] {taskinstance.py:896} INFO - Dependencies all met for <TaskInstance: my_first_dag.create_user 2023-06-22T18:01:24+00:00 [queued]>
[2023-07-30 12:36:23,947] {taskinstance.py:896} INFO - Dependencies all met for <TaskInstance: my_first_dag.create_user 2023-06-22T18:01:24+00:00 [queued]>
[2023-07-30 12:36:23,948] {taskinstance.py:1087} INFO - 
--------------------------------------------------------------------------------
[2023-07-30 12:36:23,949] {taskinstance.py:1088} INFO - Starting attempt 1 of 1
[2023-07-30 12:36:23,949] {taskinstance.py:1089} INFO - 
--------------------------------------------------------------------------------
[2023-07-30 12:36:23,992] {taskinstance.py:1107} INFO - Executing <Task(BashOperator): create_user> on 2023-06-22T18:01:24+00:00
[2023-07-30 12:36:23,996] {standard_task_runner.py:52} INFO - Started process 7153 to run task
[2023-07-30 12:36:24,008] {standard_task_runner.py:76} INFO - Running: ['airflow', 'tasks', 'run', 'my_first_dag', 'create_user', '2023-06-22T18:01:24+00:00', '--job-id', '14208', '--pool', 'default_pool', '--raw', '--subdir', 'DAGS_FOLDER/data_ingestion_dag/test.py', '--cfg-path', '/tmp/tmphvy_gc1d', '--error-file', '/tmp/tmpod0rfv2_']
[2023-07-30 12:36:24,010] {standard_task_runner.py:77} INFO - Job 14208: Subtask create_user
[2023-07-30 12:36:24,106] {logging_mixin.py:104} INFO - Running <TaskInstance: my_first_dag.create_user 2023-06-22T18:01:24+00:00 [running]> on host fd6918d9d7f3
[2023-07-30 12:36:24,554] {taskinstance.py:1300} INFO - Exporting the following env vars:
AIRFLOW_CTX_DAG_OWNER=airflow
AIRFLOW_CTX_DAG_ID=my_first_dag
AIRFLOW_CTX_TASK_ID=create_user
AIRFLOW_CTX_EXECUTION_DATE=2023-06-22T18:01:24+00:00
AIRFLOW_CTX_DAG_RUN_ID=scheduled__2023-06-22T18:01:24+00:00
[2023-07-30 12:36:24,557] {subprocess.py:52} INFO - Tmp dir root location: 
 /tmp
[2023-07-30 12:36:24,558] {subprocess.py:63} INFO - Running command: ['bash', '-c', '\nid -u test_user;\nif [$? -eq o];\n    then echo "User exists"\nelse sudo useradd -r test_user;\n    echo "User created";\nfi']
[2023-07-30 12:36:24,568] {subprocess.py:75} INFO - Output:
[2023-07-30 12:36:24,642] {subprocess.py:79} INFO - id: ‘test_user’: no such user
[2023-07-30 12:36:24,649] {subprocess.py:79} INFO - bash: line 2: [1: command not found
[2023-07-30 12:36:24,711] {subprocess.py:79} INFO - 
[2023-07-30 12:36:24,713] {subprocess.py:79} INFO - We trust you have received the usual lecture from the local System
[2023-07-30 12:36:24,713] {subprocess.py:79} INFO - Administrator. It usually boils down to these three things:
[2023-07-30 12:36:24,714] {subprocess.py:79} INFO - 
[2023-07-30 12:36:24,715] {subprocess.py:79} INFO -     #1) Respect the privacy of others.
[2023-07-30 12:36:24,715] {subprocess.py:79} INFO -     #2) Think before you type.
[2023-07-30 12:36:24,716] {subprocess.py:79} INFO -     #3) With great power comes great responsibility.
[2023-07-30 12:36:24,716] {subprocess.py:79} INFO - 
[2023-07-30 12:36:24,717] {subprocess.py:79} INFO - sudo: no tty present and no askpass program specified
[2023-07-30 12:36:24,725] {subprocess.py:79} INFO - User created
[2023-07-30 12:36:24,728] {subprocess.py:83} INFO - Command exited with return code 0
[2023-07-30 12:36:24,783] {taskinstance.py:1204} INFO - Marking task as SUCCESS. dag_id=my_first_dag, task_id=create_user, execution_date=20230622T180124, start_date=20230730T123623, end_date=20230730T123624
[2023-07-30 12:36:24,855] {taskinstance.py:1265} INFO - 0 downstream tasks scheduled from follow-on schedule check
[2023-07-30 12:36:24,904] {local_task_job.py:151} INFO - Task exited with return code 0
