[2023-07-30 12:21:38,691] {taskinstance.py:896} INFO - Dependencies all met for <TaskInstance: my_first_dag.create_user 2023-06-22T17:01:09+00:00 [queued]>
[2023-07-30 12:21:38,876] {taskinstance.py:896} INFO - Dependencies all met for <TaskInstance: my_first_dag.create_user 2023-06-22T17:01:09+00:00 [queued]>
[2023-07-30 12:21:38,877] {taskinstance.py:1087} INFO - 
--------------------------------------------------------------------------------
[2023-07-30 12:21:38,878] {taskinstance.py:1088} INFO - Starting attempt 1 of 1
[2023-07-30 12:21:38,879] {taskinstance.py:1089} INFO - 
--------------------------------------------------------------------------------
[2023-07-30 12:21:38,942] {taskinstance.py:1107} INFO - Executing <Task(BashOperator): create_user> on 2023-06-22T17:01:09+00:00
[2023-07-30 12:21:38,947] {standard_task_runner.py:52} INFO - Started process 5506 to run task
[2023-07-30 12:21:38,961] {standard_task_runner.py:76} INFO - Running: ['airflow', 'tasks', 'run', 'my_first_dag', 'create_user', '2023-06-22T17:01:09+00:00', '--job-id', '14133', '--pool', 'default_pool', '--raw', '--subdir', 'DAGS_FOLDER/data_ingestion_dag/test.py', '--cfg-path', '/tmp/tmpjr8_a0aj', '--error-file', '/tmp/tmpekf62r1b']
[2023-07-30 12:21:38,963] {standard_task_runner.py:77} INFO - Job 14133: Subtask create_user
[2023-07-30 12:21:39,093] {logging_mixin.py:104} INFO - Running <TaskInstance: my_first_dag.create_user 2023-06-22T17:01:09+00:00 [running]> on host fd6918d9d7f3
[2023-07-30 12:21:39,557] {taskinstance.py:1300} INFO - Exporting the following env vars:
AIRFLOW_CTX_DAG_OWNER=airflow
AIRFLOW_CTX_DAG_ID=my_first_dag
AIRFLOW_CTX_TASK_ID=create_user
AIRFLOW_CTX_EXECUTION_DATE=2023-06-22T17:01:09+00:00
AIRFLOW_CTX_DAG_RUN_ID=scheduled__2023-06-22T17:01:09+00:00
[2023-07-30 12:21:39,560] {subprocess.py:52} INFO - Tmp dir root location: 
 /tmp
[2023-07-30 12:21:39,562] {subprocess.py:63} INFO - Running command: ['bash', '-c', '\nid -u test_user;\nif [$? -eq o];\n    then echo "User exists"\nelse sudo useradd -r test_user;\n    echo "User created";\nfi']
[2023-07-30 12:21:39,574] {subprocess.py:75} INFO - Output:
[2023-07-30 12:21:39,647] {subprocess.py:79} INFO - id: ‘test_user’: no such user
[2023-07-30 12:21:39,655] {subprocess.py:79} INFO - bash: line 2: [1: command not found
[2023-07-30 12:21:39,722] {subprocess.py:79} INFO - 
[2023-07-30 12:21:39,723] {subprocess.py:79} INFO - We trust you have received the usual lecture from the local System
[2023-07-30 12:21:39,724] {subprocess.py:79} INFO - Administrator. It usually boils down to these three things:
[2023-07-30 12:21:39,725] {subprocess.py:79} INFO - 
[2023-07-30 12:21:39,726] {subprocess.py:79} INFO -     #1) Respect the privacy of others.
[2023-07-30 12:21:39,728] {subprocess.py:79} INFO -     #2) Think before you type.
[2023-07-30 12:21:39,729] {subprocess.py:79} INFO -     #3) With great power comes great responsibility.
[2023-07-30 12:21:39,729] {subprocess.py:79} INFO - 
[2023-07-30 12:21:39,730] {subprocess.py:79} INFO - sudo: no tty present and no askpass program specified
[2023-07-30 12:21:39,739] {subprocess.py:79} INFO - User created
[2023-07-30 12:21:39,742] {subprocess.py:83} INFO - Command exited with return code 0
[2023-07-30 12:21:39,882] {taskinstance.py:1204} INFO - Marking task as SUCCESS. dag_id=my_first_dag, task_id=create_user, execution_date=20230622T170109, start_date=20230730T122138, end_date=20230730T122139
[2023-07-30 12:21:39,995] {taskinstance.py:1265} INFO - 0 downstream tasks scheduled from follow-on schedule check
[2023-07-30 12:21:40,019] {local_task_job.py:151} INFO - Task exited with return code 0
