[2023-07-30 14:07:39,703] {taskinstance.py:896} INFO - Dependencies all met for <TaskInstance: trending_tags_ingestion.load_data_to_postgres 2023-07-30T14:07:29.750891+00:00 [queued]>
[2023-07-30 14:07:39,731] {taskinstance.py:896} INFO - Dependencies all met for <TaskInstance: trending_tags_ingestion.load_data_to_postgres 2023-07-30T14:07:29.750891+00:00 [queued]>
[2023-07-30 14:07:39,732] {taskinstance.py:1087} INFO - 
--------------------------------------------------------------------------------
[2023-07-30 14:07:39,732] {taskinstance.py:1088} INFO - Starting attempt 1 of 2
[2023-07-30 14:07:39,733] {taskinstance.py:1089} INFO - 
--------------------------------------------------------------------------------
[2023-07-30 14:07:39,788] {taskinstance.py:1107} INFO - Executing <Task(PythonOperator): load_data_to_postgres> on 2023-07-30T14:07:29.750891+00:00
[2023-07-30 14:07:39,796] {standard_task_runner.py:52} INFO - Started process 12131 to run task
[2023-07-30 14:07:39,813] {standard_task_runner.py:76} INFO - Running: ['airflow', 'tasks', 'run', 'trending_tags_ingestion', 'load_data_to_postgres', '2023-07-30T14:07:29.750891+00:00', '--job-id', '14432', '--pool', 'default_pool', '--raw', '--subdir', 'DAGS_FOLDER/data_ingestion_dag/stackapi.py', '--cfg-path', '/tmp/tmp1v2mijwx', '--error-file', '/tmp/tmpwlp5ntuc']
[2023-07-30 14:07:39,815] {standard_task_runner.py:77} INFO - Job 14432: Subtask load_data_to_postgres
[2023-07-30 14:07:39,922] {logging_mixin.py:104} INFO - Running <TaskInstance: trending_tags_ingestion.load_data_to_postgres 2023-07-30T14:07:29.750891+00:00 [running]> on host fd6918d9d7f3
[2023-07-30 14:07:40,073] {taskinstance.py:1300} INFO - Exporting the following env vars:
AIRFLOW_CTX_DAG_OWNER=airflow
AIRFLOW_CTX_DAG_ID=trending_tags_ingestion
AIRFLOW_CTX_TASK_ID=load_data_to_postgres
AIRFLOW_CTX_EXECUTION_DATE=2023-07-30T14:07:29.750891+00:00
AIRFLOW_CTX_DAG_RUN_ID=manual__2023-07-30T14:07:29.750891+00:00
[2023-07-30 14:07:40,077] {logging_mixin.py:104} INFO - Error: could not connect to server: Connection refused
	Is the server running on host "0.0.0.0" and accepting
	TCP/IP connections on port 5432?
[2023-07-30 14:07:40,078] {logging_mixin.py:104} INFO - 
[2023-07-30 14:07:40,078] {python.py:151} INFO - Done. Returned value was: None
[2023-07-30 14:07:40,100] {taskinstance.py:1204} INFO - Marking task as SUCCESS. dag_id=trending_tags_ingestion, task_id=load_data_to_postgres, execution_date=20230730T140729, start_date=20230730T140739, end_date=20230730T140740
[2023-07-30 14:07:40,192] {taskinstance.py:1265} INFO - 0 downstream tasks scheduled from follow-on schedule check
[2023-07-30 14:07:40,221] {local_task_job.py:151} INFO - Task exited with return code 0
