[2023-07-17 15:11:13,729] {taskinstance.py:896} INFO - Dependencies all met for <TaskInstance: my_first_dag.create_user 2023-06-22T11:01:43+00:00 [queued]>
[2023-07-17 15:11:13,859] {taskinstance.py:896} INFO - Dependencies all met for <TaskInstance: my_first_dag.create_user 2023-06-22T11:01:43+00:00 [queued]>
[2023-07-17 15:11:13,860] {taskinstance.py:1087} INFO - 
--------------------------------------------------------------------------------
[2023-07-17 15:11:13,861] {taskinstance.py:1088} INFO - Starting attempt 1 of 1
[2023-07-17 15:11:13,862] {taskinstance.py:1089} INFO - 
--------------------------------------------------------------------------------
[2023-07-17 15:11:13,905] {taskinstance.py:1107} INFO - Executing <Task(BashOperator): create_user> on 2023-06-22T11:01:43+00:00
[2023-07-17 15:11:13,909] {standard_task_runner.py:52} INFO - Started process 13810 to run task
[2023-07-17 15:11:13,921] {standard_task_runner.py:76} INFO - Running: ['airflow', 'tasks', 'run', 'my_first_dag', 'create_user', '2023-06-22T11:01:43+00:00', '--job-id', '13797', '--pool', 'default_pool', '--raw', '--subdir', 'DAGS_FOLDER/data_ingestion_dag/test.py', '--cfg-path', '/tmp/tmpndvwxjx3', '--error-file', '/tmp/tmp_yws0ywe']
[2023-07-17 15:11:13,923] {standard_task_runner.py:77} INFO - Job 13797: Subtask create_user
[2023-07-17 15:11:14,020] {logging_mixin.py:104} INFO - Running <TaskInstance: my_first_dag.create_user 2023-06-22T11:01:43+00:00 [running]> on host d9c3ec86c3ab
[2023-07-17 15:11:14,394] {taskinstance.py:1300} INFO - Exporting the following env vars:
AIRFLOW_CTX_DAG_OWNER=airflow
AIRFLOW_CTX_DAG_ID=my_first_dag
AIRFLOW_CTX_TASK_ID=create_user
AIRFLOW_CTX_EXECUTION_DATE=2023-06-22T11:01:43+00:00
AIRFLOW_CTX_DAG_RUN_ID=scheduled__2023-06-22T11:01:43+00:00
[2023-07-17 15:11:14,397] {subprocess.py:52} INFO - Tmp dir root location: 
 /tmp
[2023-07-17 15:11:14,398] {subprocess.py:63} INFO - Running command: ['bash', '-c', '\nid -u test_user;\nif [$? -eq o];\n    then echo "User exists"\nelse sudo useradd -r test_user;\n    echo "User created";\nfi']
[2023-07-17 15:11:14,410] {subprocess.py:75} INFO - Output:
[2023-07-17 15:11:14,483] {subprocess.py:79} INFO - id: ‘test_user’: no such user
[2023-07-17 15:11:14,489] {subprocess.py:79} INFO - bash: line 2: [1: command not found
[2023-07-17 15:11:14,551] {subprocess.py:79} INFO - 
[2023-07-17 15:11:14,552] {subprocess.py:79} INFO - We trust you have received the usual lecture from the local System
[2023-07-17 15:11:14,553] {subprocess.py:79} INFO - Administrator. It usually boils down to these three things:
[2023-07-17 15:11:14,554] {subprocess.py:79} INFO - 
[2023-07-17 15:11:14,554] {subprocess.py:79} INFO -     #1) Respect the privacy of others.
[2023-07-17 15:11:14,555] {subprocess.py:79} INFO -     #2) Think before you type.
[2023-07-17 15:11:14,556] {subprocess.py:79} INFO -     #3) With great power comes great responsibility.
[2023-07-17 15:11:14,556] {subprocess.py:79} INFO - 
[2023-07-17 15:11:14,557] {subprocess.py:79} INFO - sudo: no tty present and no askpass program specified
[2023-07-17 15:11:14,565] {subprocess.py:79} INFO - User created
[2023-07-17 15:11:14,568] {subprocess.py:83} INFO - Command exited with return code 0
[2023-07-17 15:11:14,641] {taskinstance.py:1204} INFO - Marking task as SUCCESS. dag_id=my_first_dag, task_id=create_user, execution_date=20230622T110143, start_date=20230717T151113, end_date=20230717T151114
[2023-07-17 15:11:14,722] {taskinstance.py:1265} INFO - 0 downstream tasks scheduled from follow-on schedule check
[2023-07-17 15:11:14,735] {local_task_job.py:151} INFO - Task exited with return code 0
