[2023-06-27 10:46:27,089] {taskinstance.py:896} INFO - Dependencies all met for <TaskInstance: my_first_dag.create_user 2023-06-15T00:01:16+00:00 [queued]>
[2023-06-27 10:46:27,239] {taskinstance.py:896} INFO - Dependencies all met for <TaskInstance: my_first_dag.create_user 2023-06-15T00:01:16+00:00 [queued]>
[2023-06-27 10:46:27,240] {taskinstance.py:1087} INFO - 
--------------------------------------------------------------------------------
[2023-06-27 10:46:27,241] {taskinstance.py:1088} INFO - Starting attempt 1 of 1
[2023-06-27 10:46:27,242] {taskinstance.py:1089} INFO - 
--------------------------------------------------------------------------------
[2023-06-27 10:46:27,306] {taskinstance.py:1107} INFO - Executing <Task(BashOperator): create_user> on 2023-06-15T00:01:16+00:00
[2023-06-27 10:46:27,311] {standard_task_runner.py:52} INFO - Started process 61533 to run task
[2023-06-27 10:46:27,324] {standard_task_runner.py:76} INFO - Running: ['airflow', 'tasks', 'run', 'my_first_dag', 'create_user', '2023-06-15T00:01:16+00:00', '--job-id', '2924', '--pool', 'default_pool', '--raw', '--subdir', 'DAGS_FOLDER/data_ingestion_dag/test.py', '--cfg-path', '/tmp/tmpr4butilr', '--error-file', '/tmp/tmpfr22_ol6']
[2023-06-27 10:46:27,326] {standard_task_runner.py:77} INFO - Job 2924: Subtask create_user
[2023-06-27 10:46:27,434] {logging_mixin.py:104} INFO - Running <TaskInstance: my_first_dag.create_user 2023-06-15T00:01:16+00:00 [running]> on host d9c3ec86c3ab
[2023-06-27 10:46:27,686] {taskinstance.py:1300} INFO - Exporting the following env vars:
AIRFLOW_CTX_DAG_OWNER=airflow
AIRFLOW_CTX_DAG_ID=my_first_dag
AIRFLOW_CTX_TASK_ID=create_user
AIRFLOW_CTX_EXECUTION_DATE=2023-06-15T00:01:16+00:00
AIRFLOW_CTX_DAG_RUN_ID=scheduled__2023-06-15T00:01:16+00:00
[2023-06-27 10:46:27,690] {subprocess.py:52} INFO - Tmp dir root location: 
 /tmp
[2023-06-27 10:46:27,691] {subprocess.py:63} INFO - Running command: ['bash', '-c', '\nid -u test_user;\nif [$? -eq o];\n    then echo "User exists"\nelse sudo useradd -r test_user;\n    echo "User created";\nfi']
[2023-06-27 10:46:27,705] {subprocess.py:75} INFO - Output:
[2023-06-27 10:46:27,785] {subprocess.py:79} INFO - id: ‘test_user’: no such user
[2023-06-27 10:46:27,793] {subprocess.py:79} INFO - bash: line 2: [1: command not found
[2023-06-27 10:46:27,863] {subprocess.py:79} INFO - 
[2023-06-27 10:46:27,864] {subprocess.py:79} INFO - We trust you have received the usual lecture from the local System
[2023-06-27 10:46:27,865] {subprocess.py:79} INFO - Administrator. It usually boils down to these three things:
[2023-06-27 10:46:27,865] {subprocess.py:79} INFO - 
[2023-06-27 10:46:27,866] {subprocess.py:79} INFO -     #1) Respect the privacy of others.
[2023-06-27 10:46:27,867] {subprocess.py:79} INFO -     #2) Think before you type.
[2023-06-27 10:46:27,867] {subprocess.py:79} INFO -     #3) With great power comes great responsibility.
[2023-06-27 10:46:27,868] {subprocess.py:79} INFO - 
[2023-06-27 10:46:27,869] {subprocess.py:79} INFO - sudo: no tty present and no askpass program specified
[2023-06-27 10:46:27,876] {subprocess.py:79} INFO - User created
[2023-06-27 10:46:27,879] {subprocess.py:83} INFO - Command exited with return code 0
[2023-06-27 10:46:27,933] {taskinstance.py:1204} INFO - Marking task as SUCCESS. dag_id=my_first_dag, task_id=create_user, execution_date=20230615T000116, start_date=20230627T104627, end_date=20230627T104627
[2023-06-27 10:46:28,012] {taskinstance.py:1265} INFO - 0 downstream tasks scheduled from follow-on schedule check
[2023-06-27 10:46:28,058] {local_task_job.py:151} INFO - Task exited with return code 0
