[2023-07-11 13:24:34,259] {taskinstance.py:896} INFO - Dependencies all met for <TaskInstance: my_first_dag.create_user 2023-06-17T19:01:01+00:00 [queued]>
[2023-07-11 13:24:34,365] {taskinstance.py:896} INFO - Dependencies all met for <TaskInstance: my_first_dag.create_user 2023-06-17T19:01:01+00:00 [queued]>
[2023-07-11 13:24:34,366] {taskinstance.py:1087} INFO - 
--------------------------------------------------------------------------------
[2023-07-11 13:24:34,367] {taskinstance.py:1088} INFO - Starting attempt 1 of 1
[2023-07-11 13:24:34,367] {taskinstance.py:1089} INFO - 
--------------------------------------------------------------------------------
[2023-07-11 13:24:34,419] {taskinstance.py:1107} INFO - Executing <Task(BashOperator): create_user> on 2023-06-17T19:01:01+00:00
[2023-07-11 13:24:34,426] {standard_task_runner.py:52} INFO - Started process 26387 to run task
[2023-07-11 13:24:34,439] {standard_task_runner.py:76} INFO - Running: ['airflow', 'tasks', 'run', 'my_first_dag', 'create_user', '2023-06-17T19:01:01+00:00', '--job-id', '6965', '--pool', 'default_pool', '--raw', '--subdir', 'DAGS_FOLDER/data_ingestion_dag/test.py', '--cfg-path', '/tmp/tmpje7uol0v', '--error-file', '/tmp/tmpe5acbmy4']
[2023-07-11 13:24:34,441] {standard_task_runner.py:77} INFO - Job 6965: Subtask create_user
[2023-07-11 13:24:34,577] {logging_mixin.py:104} INFO - Running <TaskInstance: my_first_dag.create_user 2023-06-17T19:01:01+00:00 [running]> on host d9c3ec86c3ab
[2023-07-11 13:24:34,918] {taskinstance.py:1300} INFO - Exporting the following env vars:
AIRFLOW_CTX_DAG_OWNER=airflow
AIRFLOW_CTX_DAG_ID=my_first_dag
AIRFLOW_CTX_TASK_ID=create_user
AIRFLOW_CTX_EXECUTION_DATE=2023-06-17T19:01:01+00:00
AIRFLOW_CTX_DAG_RUN_ID=scheduled__2023-06-17T19:01:01+00:00
[2023-07-11 13:24:34,921] {subprocess.py:52} INFO - Tmp dir root location: 
 /tmp
[2023-07-11 13:24:34,923] {subprocess.py:63} INFO - Running command: ['bash', '-c', '\nid -u test_user;\nif [$? -eq o];\n    then echo "User exists"\nelse sudo useradd -r test_user;\n    echo "User created";\nfi']
[2023-07-11 13:24:34,936] {subprocess.py:75} INFO - Output:
[2023-07-11 13:24:35,014] {subprocess.py:79} INFO - id: ‘test_user’: no such user
[2023-07-11 13:24:35,021] {subprocess.py:79} INFO - bash: line 2: [1: command not found
[2023-07-11 13:24:35,093] {subprocess.py:79} INFO - 
[2023-07-11 13:24:35,095] {subprocess.py:79} INFO - We trust you have received the usual lecture from the local System
[2023-07-11 13:24:35,097] {subprocess.py:79} INFO - Administrator. It usually boils down to these three things:
[2023-07-11 13:24:35,098] {subprocess.py:79} INFO - 
[2023-07-11 13:24:35,098] {subprocess.py:79} INFO -     #1) Respect the privacy of others.
[2023-07-11 13:24:35,100] {subprocess.py:79} INFO -     #2) Think before you type.
[2023-07-11 13:24:35,100] {subprocess.py:79} INFO -     #3) With great power comes great responsibility.
[2023-07-11 13:24:35,101] {subprocess.py:79} INFO - 
[2023-07-11 13:24:35,103] {subprocess.py:79} INFO - sudo: no tty present and no askpass program specified
[2023-07-11 13:24:35,110] {subprocess.py:79} INFO - User created
[2023-07-11 13:24:35,115] {subprocess.py:83} INFO - Command exited with return code 0
[2023-07-11 13:24:35,187] {taskinstance.py:1204} INFO - Marking task as SUCCESS. dag_id=my_first_dag, task_id=create_user, execution_date=20230617T190101, start_date=20230711T132434, end_date=20230711T132435
[2023-07-11 13:24:35,273] {taskinstance.py:1265} INFO - 0 downstream tasks scheduled from follow-on schedule check
[2023-07-11 13:24:35,294] {local_task_job.py:151} INFO - Task exited with return code 0
