[2023-07-17 15:17:08,275] {taskinstance.py:896} INFO - Dependencies all met for <TaskInstance: my_first_dag.create_user 2023-06-22T12:01:14+00:00 [queued]>
[2023-07-17 15:17:08,400] {taskinstance.py:896} INFO - Dependencies all met for <TaskInstance: my_first_dag.create_user 2023-06-22T12:01:14+00:00 [queued]>
[2023-07-17 15:17:08,401] {taskinstance.py:1087} INFO - 
--------------------------------------------------------------------------------
[2023-07-17 15:17:08,402] {taskinstance.py:1088} INFO - Starting attempt 1 of 1
[2023-07-17 15:17:08,403] {taskinstance.py:1089} INFO - 
--------------------------------------------------------------------------------
[2023-07-17 15:17:08,446] {taskinstance.py:1107} INFO - Executing <Task(BashOperator): create_user> on 2023-06-22T12:01:14+00:00
[2023-07-17 15:17:08,450] {standard_task_runner.py:52} INFO - Started process 14471 to run task
[2023-07-17 15:17:08,461] {standard_task_runner.py:76} INFO - Running: ['airflow', 'tasks', 'run', 'my_first_dag', 'create_user', '2023-06-22T12:01:14+00:00', '--job-id', '13828', '--pool', 'default_pool', '--raw', '--subdir', 'DAGS_FOLDER/data_ingestion_dag/test.py', '--cfg-path', '/tmp/tmp8dhmllem', '--error-file', '/tmp/tmptw1f_9rk']
[2023-07-17 15:17:08,463] {standard_task_runner.py:77} INFO - Job 13828: Subtask create_user
[2023-07-17 15:17:08,561] {logging_mixin.py:104} INFO - Running <TaskInstance: my_first_dag.create_user 2023-06-22T12:01:14+00:00 [running]> on host d9c3ec86c3ab
[2023-07-17 15:17:08,987] {taskinstance.py:1300} INFO - Exporting the following env vars:
AIRFLOW_CTX_DAG_OWNER=airflow
AIRFLOW_CTX_DAG_ID=my_first_dag
AIRFLOW_CTX_TASK_ID=create_user
AIRFLOW_CTX_EXECUTION_DATE=2023-06-22T12:01:14+00:00
AIRFLOW_CTX_DAG_RUN_ID=scheduled__2023-06-22T12:01:14+00:00
[2023-07-17 15:17:08,990] {subprocess.py:52} INFO - Tmp dir root location: 
 /tmp
[2023-07-17 15:17:08,991] {subprocess.py:63} INFO - Running command: ['bash', '-c', '\nid -u test_user;\nif [$? -eq o];\n    then echo "User exists"\nelse sudo useradd -r test_user;\n    echo "User created";\nfi']
[2023-07-17 15:17:09,002] {subprocess.py:75} INFO - Output:
[2023-07-17 15:17:09,074] {subprocess.py:79} INFO - id: ‘test_user’: no such user
[2023-07-17 15:17:09,081] {subprocess.py:79} INFO - bash: line 2: [1: command not found
[2023-07-17 15:17:09,142] {subprocess.py:79} INFO - 
[2023-07-17 15:17:09,143] {subprocess.py:79} INFO - We trust you have received the usual lecture from the local System
[2023-07-17 15:17:09,144] {subprocess.py:79} INFO - Administrator. It usually boils down to these three things:
[2023-07-17 15:17:09,144] {subprocess.py:79} INFO - 
[2023-07-17 15:17:09,145] {subprocess.py:79} INFO -     #1) Respect the privacy of others.
[2023-07-17 15:17:09,146] {subprocess.py:79} INFO -     #2) Think before you type.
[2023-07-17 15:17:09,146] {subprocess.py:79} INFO -     #3) With great power comes great responsibility.
[2023-07-17 15:17:09,147] {subprocess.py:79} INFO - 
[2023-07-17 15:17:09,147] {subprocess.py:79} INFO - sudo: no tty present and no askpass program specified
[2023-07-17 15:17:09,155] {subprocess.py:79} INFO - User created
[2023-07-17 15:17:09,157] {subprocess.py:83} INFO - Command exited with return code 0
[2023-07-17 15:17:09,217] {taskinstance.py:1204} INFO - Marking task as SUCCESS. dag_id=my_first_dag, task_id=create_user, execution_date=20230622T120114, start_date=20230717T151708, end_date=20230717T151709
[2023-07-17 15:17:09,293] {taskinstance.py:1265} INFO - 0 downstream tasks scheduled from follow-on schedule check
[2023-07-17 15:17:09,317] {local_task_job.py:151} INFO - Task exited with return code 0
