[2023-06-27 12:10:27,385] {taskinstance.py:896} INFO - Dependencies all met for <TaskInstance: my_first_dag.create_user 2023-06-15T07:01:52+00:00 [queued]>
[2023-06-27 12:10:27,458] {taskinstance.py:896} INFO - Dependencies all met for <TaskInstance: my_first_dag.create_user 2023-06-15T07:01:52+00:00 [queued]>
[2023-06-27 12:10:27,459] {taskinstance.py:1087} INFO - 
--------------------------------------------------------------------------------
[2023-06-27 12:10:27,460] {taskinstance.py:1088} INFO - Starting attempt 1 of 1
[2023-06-27 12:10:27,461] {taskinstance.py:1089} INFO - 
--------------------------------------------------------------------------------
[2023-06-27 12:10:27,516] {taskinstance.py:1107} INFO - Executing <Task(BashOperator): create_user> on 2023-06-15T07:01:52+00:00
[2023-06-27 12:10:27,521] {standard_task_runner.py:52} INFO - Started process 71234 to run task
[2023-06-27 12:10:27,536] {standard_task_runner.py:76} INFO - Running: ['airflow', 'tasks', 'run', 'my_first_dag', 'create_user', '2023-06-15T07:01:52+00:00', '--job-id', '3381', '--pool', 'default_pool', '--raw', '--subdir', 'DAGS_FOLDER/data_ingestion_dag/test.py', '--cfg-path', '/tmp/tmp0x5ltp99', '--error-file', '/tmp/tmpmrdezzyh']
[2023-06-27 12:10:27,538] {standard_task_runner.py:77} INFO - Job 3381: Subtask create_user
[2023-06-27 12:10:27,640] {logging_mixin.py:104} INFO - Running <TaskInstance: my_first_dag.create_user 2023-06-15T07:01:52+00:00 [running]> on host d9c3ec86c3ab
[2023-06-27 12:10:27,864] {taskinstance.py:1300} INFO - Exporting the following env vars:
AIRFLOW_CTX_DAG_OWNER=airflow
AIRFLOW_CTX_DAG_ID=my_first_dag
AIRFLOW_CTX_TASK_ID=create_user
AIRFLOW_CTX_EXECUTION_DATE=2023-06-15T07:01:52+00:00
AIRFLOW_CTX_DAG_RUN_ID=scheduled__2023-06-15T07:01:52+00:00
[2023-06-27 12:10:27,868] {subprocess.py:52} INFO - Tmp dir root location: 
 /tmp
[2023-06-27 12:10:27,870] {subprocess.py:63} INFO - Running command: ['bash', '-c', '\nid -u test_user;\nif [$? -eq o];\n    then echo "User exists"\nelse sudo useradd -r test_user;\n    echo "User created";\nfi']
[2023-06-27 12:10:27,884] {subprocess.py:75} INFO - Output:
[2023-06-27 12:10:27,961] {subprocess.py:79} INFO - id: ‘test_user’: no such user
[2023-06-27 12:10:27,969] {subprocess.py:79} INFO - bash: line 2: [1: command not found
[2023-06-27 12:10:28,040] {subprocess.py:79} INFO - 
[2023-06-27 12:10:28,041] {subprocess.py:79} INFO - We trust you have received the usual lecture from the local System
[2023-06-27 12:10:28,042] {subprocess.py:79} INFO - Administrator. It usually boils down to these three things:
[2023-06-27 12:10:28,043] {subprocess.py:79} INFO - 
[2023-06-27 12:10:28,043] {subprocess.py:79} INFO -     #1) Respect the privacy of others.
[2023-06-27 12:10:28,044] {subprocess.py:79} INFO -     #2) Think before you type.
[2023-06-27 12:10:28,044] {subprocess.py:79} INFO -     #3) With great power comes great responsibility.
[2023-06-27 12:10:28,045] {subprocess.py:79} INFO - 
[2023-06-27 12:10:28,045] {subprocess.py:79} INFO - sudo: no tty present and no askpass program specified
[2023-06-27 12:10:28,056] {subprocess.py:79} INFO - User created
[2023-06-27 12:10:28,059] {subprocess.py:83} INFO - Command exited with return code 0
[2023-06-27 12:10:28,120] {taskinstance.py:1204} INFO - Marking task as SUCCESS. dag_id=my_first_dag, task_id=create_user, execution_date=20230615T070152, start_date=20230627T121027, end_date=20230627T121028
[2023-06-27 12:10:28,194] {taskinstance.py:1265} INFO - 0 downstream tasks scheduled from follow-on schedule check
[2023-06-27 12:10:28,234] {local_task_job.py:151} INFO - Task exited with return code 0
