[2023-06-28 17:02:52,068] {taskinstance.py:896} INFO - Dependencies all met for <TaskInstance: my_first_dag.create_user 2023-06-15T18:01:11+00:00 [queued]>
[2023-06-28 17:02:52,217] {taskinstance.py:896} INFO - Dependencies all met for <TaskInstance: my_first_dag.create_user 2023-06-15T18:01:11+00:00 [queued]>
[2023-06-28 17:02:52,218] {taskinstance.py:1087} INFO - 
--------------------------------------------------------------------------------
[2023-06-28 17:02:52,219] {taskinstance.py:1088} INFO - Starting attempt 1 of 1
[2023-06-28 17:02:52,219] {taskinstance.py:1089} INFO - 
--------------------------------------------------------------------------------
[2023-06-28 17:02:52,271] {taskinstance.py:1107} INFO - Executing <Task(BashOperator): create_user> on 2023-06-15T18:01:11+00:00
[2023-06-28 17:02:52,280] {standard_task_runner.py:52} INFO - Started process 8210 to run task
[2023-06-28 17:02:52,293] {standard_task_runner.py:76} INFO - Running: ['airflow', 'tasks', 'run', 'my_first_dag', 'create_user', '2023-06-15T18:01:11+00:00', '--job-id', '4011', '--pool', 'default_pool', '--raw', '--subdir', 'DAGS_FOLDER/data_ingestion_dag/test.py', '--cfg-path', '/tmp/tmpwyhkd8z0', '--error-file', '/tmp/tmp55x0_zgs']
[2023-06-28 17:02:52,295] {standard_task_runner.py:77} INFO - Job 4011: Subtask create_user
[2023-06-28 17:02:52,404] {logging_mixin.py:104} INFO - Running <TaskInstance: my_first_dag.create_user 2023-06-15T18:01:11+00:00 [running]> on host d9c3ec86c3ab
[2023-06-28 17:02:52,676] {taskinstance.py:1300} INFO - Exporting the following env vars:
AIRFLOW_CTX_DAG_OWNER=airflow
AIRFLOW_CTX_DAG_ID=my_first_dag
AIRFLOW_CTX_TASK_ID=create_user
AIRFLOW_CTX_EXECUTION_DATE=2023-06-15T18:01:11+00:00
AIRFLOW_CTX_DAG_RUN_ID=scheduled__2023-06-15T18:01:11+00:00
[2023-06-28 17:02:52,680] {subprocess.py:52} INFO - Tmp dir root location: 
 /tmp
[2023-06-28 17:02:52,681] {subprocess.py:63} INFO - Running command: ['bash', '-c', '\nid -u test_user;\nif [$? -eq o];\n    then echo "User exists"\nelse sudo useradd -r test_user;\n    echo "User created";\nfi']
[2023-06-28 17:02:52,701] {subprocess.py:75} INFO - Output:
[2023-06-28 17:02:52,777] {subprocess.py:79} INFO - id: ‘test_user’: no such user
[2023-06-28 17:02:52,785] {subprocess.py:79} INFO - bash: line 2: [1: command not found
[2023-06-28 17:02:52,853] {subprocess.py:79} INFO - 
[2023-06-28 17:02:52,854] {subprocess.py:79} INFO - We trust you have received the usual lecture from the local System
[2023-06-28 17:02:52,855] {subprocess.py:79} INFO - Administrator. It usually boils down to these three things:
[2023-06-28 17:02:52,855] {subprocess.py:79} INFO - 
[2023-06-28 17:02:52,856] {subprocess.py:79} INFO -     #1) Respect the privacy of others.
[2023-06-28 17:02:52,857] {subprocess.py:79} INFO -     #2) Think before you type.
[2023-06-28 17:02:52,857] {subprocess.py:79} INFO -     #3) With great power comes great responsibility.
[2023-06-28 17:02:52,858] {subprocess.py:79} INFO - 
[2023-06-28 17:02:52,858] {subprocess.py:79} INFO - sudo: no tty present and no askpass program specified
[2023-06-28 17:02:52,868] {subprocess.py:79} INFO - User created
[2023-06-28 17:02:52,872] {subprocess.py:83} INFO - Command exited with return code 0
[2023-06-28 17:02:52,964] {taskinstance.py:1204} INFO - Marking task as SUCCESS. dag_id=my_first_dag, task_id=create_user, execution_date=20230615T180111, start_date=20230628T170252, end_date=20230628T170252
[2023-06-28 17:02:53,062] {taskinstance.py:1265} INFO - 0 downstream tasks scheduled from follow-on schedule check
[2023-06-28 17:02:53,108] {local_task_job.py:151} INFO - Task exited with return code 0
