[2023-07-14 07:01:07,912] {taskinstance.py:896} INFO - Dependencies all met for <TaskInstance: my_first_dag.create_user 2023-06-21T11:01:11+00:00 [queued]>
[2023-07-14 07:01:08,052] {taskinstance.py:896} INFO - Dependencies all met for <TaskInstance: my_first_dag.create_user 2023-06-21T11:01:11+00:00 [queued]>
[2023-07-14 07:01:08,053] {taskinstance.py:1087} INFO - 
--------------------------------------------------------------------------------
[2023-07-14 07:01:08,054] {taskinstance.py:1088} INFO - Starting attempt 1 of 1
[2023-07-14 07:01:08,054] {taskinstance.py:1089} INFO - 
--------------------------------------------------------------------------------
[2023-07-14 07:01:08,141] {taskinstance.py:1107} INFO - Executing <Task(BashOperator): create_user> on 2023-06-21T11:01:11+00:00
[2023-07-14 07:01:08,145] {standard_task_runner.py:52} INFO - Started process 22703 to run task
[2023-07-14 07:01:08,156] {standard_task_runner.py:76} INFO - Running: ['airflow', 'tasks', 'run', 'my_first_dag', 'create_user', '2023-06-21T11:01:11+00:00', '--job-id', '12312', '--pool', 'default_pool', '--raw', '--subdir', 'DAGS_FOLDER/data_ingestion_dag/test.py', '--cfg-path', '/tmp/tmpint5s14e', '--error-file', '/tmp/tmp9v655csj']
[2023-07-14 07:01:08,158] {standard_task_runner.py:77} INFO - Job 12312: Subtask create_user
[2023-07-14 07:01:08,301] {logging_mixin.py:104} INFO - Running <TaskInstance: my_first_dag.create_user 2023-06-21T11:01:11+00:00 [running]> on host d9c3ec86c3ab
[2023-07-14 07:01:08,720] {taskinstance.py:1300} INFO - Exporting the following env vars:
AIRFLOW_CTX_DAG_OWNER=airflow
AIRFLOW_CTX_DAG_ID=my_first_dag
AIRFLOW_CTX_TASK_ID=create_user
AIRFLOW_CTX_EXECUTION_DATE=2023-06-21T11:01:11+00:00
AIRFLOW_CTX_DAG_RUN_ID=scheduled__2023-06-21T11:01:11+00:00
[2023-07-14 07:01:08,723] {subprocess.py:52} INFO - Tmp dir root location: 
 /tmp
[2023-07-14 07:01:08,724] {subprocess.py:63} INFO - Running command: ['bash', '-c', '\nid -u test_user;\nif [$? -eq o];\n    then echo "User exists"\nelse sudo useradd -r test_user;\n    echo "User created";\nfi']
[2023-07-14 07:01:08,734] {subprocess.py:75} INFO - Output:
[2023-07-14 07:01:08,802] {subprocess.py:79} INFO - id: ‘test_user’: no such user
[2023-07-14 07:01:08,810] {subprocess.py:79} INFO - bash: line 2: [1: command not found
[2023-07-14 07:01:08,871] {subprocess.py:79} INFO - 
[2023-07-14 07:01:08,872] {subprocess.py:79} INFO - We trust you have received the usual lecture from the local System
[2023-07-14 07:01:08,872] {subprocess.py:79} INFO - Administrator. It usually boils down to these three things:
[2023-07-14 07:01:08,873] {subprocess.py:79} INFO - 
[2023-07-14 07:01:08,874] {subprocess.py:79} INFO -     #1) Respect the privacy of others.
[2023-07-14 07:01:08,874] {subprocess.py:79} INFO -     #2) Think before you type.
[2023-07-14 07:01:08,875] {subprocess.py:79} INFO -     #3) With great power comes great responsibility.
[2023-07-14 07:01:08,875] {subprocess.py:79} INFO - 
[2023-07-14 07:01:08,876] {subprocess.py:79} INFO - sudo: no tty present and no askpass program specified
[2023-07-14 07:01:08,884] {subprocess.py:79} INFO - User created
[2023-07-14 07:01:08,887] {subprocess.py:83} INFO - Command exited with return code 0
[2023-07-14 07:01:08,959] {taskinstance.py:1204} INFO - Marking task as SUCCESS. dag_id=my_first_dag, task_id=create_user, execution_date=20230621T110111, start_date=20230714T070107, end_date=20230714T070108
[2023-07-14 07:01:09,079] {taskinstance.py:1265} INFO - 0 downstream tasks scheduled from follow-on schedule check
[2023-07-14 07:01:09,106] {local_task_job.py:151} INFO - Task exited with return code 0
