[2023-07-12 17:12:31,571] {taskinstance.py:896} INFO - Dependencies all met for <TaskInstance: my_first_dag.create_user 2023-06-19T09:01:33+00:00 [queued]>
[2023-07-12 17:12:31,670] {taskinstance.py:896} INFO - Dependencies all met for <TaskInstance: my_first_dag.create_user 2023-06-19T09:01:33+00:00 [queued]>
[2023-07-12 17:12:31,671] {taskinstance.py:1087} INFO - 
--------------------------------------------------------------------------------
[2023-07-12 17:12:31,672] {taskinstance.py:1088} INFO - Starting attempt 1 of 1
[2023-07-12 17:12:31,673] {taskinstance.py:1089} INFO - 
--------------------------------------------------------------------------------
[2023-07-12 17:12:31,725] {taskinstance.py:1107} INFO - Executing <Task(BashOperator): create_user> on 2023-06-19T09:01:33+00:00
[2023-07-12 17:12:31,729] {standard_task_runner.py:52} INFO - Started process 76087 to run task
[2023-07-12 17:12:31,741] {standard_task_runner.py:76} INFO - Running: ['airflow', 'tasks', 'run', 'my_first_dag', 'create_user', '2023-06-19T09:01:33+00:00', '--job-id', '9302', '--pool', 'default_pool', '--raw', '--subdir', 'DAGS_FOLDER/data_ingestion_dag/test.py', '--cfg-path', '/tmp/tmptb4_c3lh', '--error-file', '/tmp/tmpyeeioh2_']
[2023-07-12 17:12:31,743] {standard_task_runner.py:77} INFO - Job 9302: Subtask create_user
[2023-07-12 17:12:31,840] {logging_mixin.py:104} INFO - Running <TaskInstance: my_first_dag.create_user 2023-06-19T09:01:33+00:00 [running]> on host d9c3ec86c3ab
[2023-07-12 17:12:32,138] {taskinstance.py:1300} INFO - Exporting the following env vars:
AIRFLOW_CTX_DAG_OWNER=airflow
AIRFLOW_CTX_DAG_ID=my_first_dag
AIRFLOW_CTX_TASK_ID=create_user
AIRFLOW_CTX_EXECUTION_DATE=2023-06-19T09:01:33+00:00
AIRFLOW_CTX_DAG_RUN_ID=scheduled__2023-06-19T09:01:33+00:00
[2023-07-12 17:12:32,141] {subprocess.py:52} INFO - Tmp dir root location: 
 /tmp
[2023-07-12 17:12:32,142] {subprocess.py:63} INFO - Running command: ['bash', '-c', '\nid -u test_user;\nif [$? -eq o];\n    then echo "User exists"\nelse sudo useradd -r test_user;\n    echo "User created";\nfi']
[2023-07-12 17:12:32,154] {subprocess.py:75} INFO - Output:
[2023-07-12 17:12:32,226] {subprocess.py:79} INFO - id: ‘test_user’: no such user
[2023-07-12 17:12:32,233] {subprocess.py:79} INFO - bash: line 2: [1: command not found
[2023-07-12 17:12:32,299] {subprocess.py:79} INFO - 
[2023-07-12 17:12:32,300] {subprocess.py:79} INFO - We trust you have received the usual lecture from the local System
[2023-07-12 17:12:32,301] {subprocess.py:79} INFO - Administrator. It usually boils down to these three things:
[2023-07-12 17:12:32,302] {subprocess.py:79} INFO - 
[2023-07-12 17:12:32,302] {subprocess.py:79} INFO -     #1) Respect the privacy of others.
[2023-07-12 17:12:32,303] {subprocess.py:79} INFO -     #2) Think before you type.
[2023-07-12 17:12:32,304] {subprocess.py:79} INFO -     #3) With great power comes great responsibility.
[2023-07-12 17:12:32,305] {subprocess.py:79} INFO - 
[2023-07-12 17:12:32,305] {subprocess.py:79} INFO - sudo: no tty present and no askpass program specified
[2023-07-12 17:12:32,312] {subprocess.py:79} INFO - User created
[2023-07-12 17:12:32,315] {subprocess.py:83} INFO - Command exited with return code 0
[2023-07-12 17:12:32,376] {taskinstance.py:1204} INFO - Marking task as SUCCESS. dag_id=my_first_dag, task_id=create_user, execution_date=20230619T090133, start_date=20230712T171231, end_date=20230712T171232
[2023-07-12 17:12:32,455] {taskinstance.py:1265} INFO - 0 downstream tasks scheduled from follow-on schedule check
[2023-07-12 17:12:32,474] {local_task_job.py:151} INFO - Task exited with return code 0
