[2023-07-11 10:40:31,318] {taskinstance.py:896} INFO - Dependencies all met for <TaskInstance: my_first_dag.create_user 2023-06-17T07:01:34+00:00 [queued]>
[2023-07-11 10:40:31,448] {taskinstance.py:896} INFO - Dependencies all met for <TaskInstance: my_first_dag.create_user 2023-06-17T07:01:34+00:00 [queued]>
[2023-07-11 10:40:31,449] {taskinstance.py:1087} INFO - 
--------------------------------------------------------------------------------
[2023-07-11 10:40:31,450] {taskinstance.py:1088} INFO - Starting attempt 1 of 1
[2023-07-11 10:40:31,451] {taskinstance.py:1089} INFO - 
--------------------------------------------------------------------------------
[2023-07-11 10:40:31,512] {taskinstance.py:1107} INFO - Executing <Task(BashOperator): create_user> on 2023-06-17T07:01:34+00:00
[2023-07-11 10:40:31,540] {standard_task_runner.py:52} INFO - Started process 11685 to run task
[2023-07-11 10:40:31,563] {standard_task_runner.py:76} INFO - Running: ['airflow', 'tasks', 'run', 'my_first_dag', 'create_user', '2023-06-17T07:01:34+00:00', '--job-id', '6275', '--pool', 'default_pool', '--raw', '--subdir', 'DAGS_FOLDER/data_ingestion_dag/test.py', '--cfg-path', '/tmp/tmptcshzrji', '--error-file', '/tmp/tmpitt_gxoj']
[2023-07-11 10:40:31,565] {standard_task_runner.py:77} INFO - Job 6275: Subtask create_user
[2023-07-11 10:40:31,684] {logging_mixin.py:104} INFO - Running <TaskInstance: my_first_dag.create_user 2023-06-17T07:01:34+00:00 [running]> on host d9c3ec86c3ab
[2023-07-11 10:40:32,060] {taskinstance.py:1300} INFO - Exporting the following env vars:
AIRFLOW_CTX_DAG_OWNER=airflow
AIRFLOW_CTX_DAG_ID=my_first_dag
AIRFLOW_CTX_TASK_ID=create_user
AIRFLOW_CTX_EXECUTION_DATE=2023-06-17T07:01:34+00:00
AIRFLOW_CTX_DAG_RUN_ID=scheduled__2023-06-17T07:01:34+00:00
[2023-07-11 10:40:32,063] {subprocess.py:52} INFO - Tmp dir root location: 
 /tmp
[2023-07-11 10:40:32,065] {subprocess.py:63} INFO - Running command: ['bash', '-c', '\nid -u test_user;\nif [$? -eq o];\n    then echo "User exists"\nelse sudo useradd -r test_user;\n    echo "User created";\nfi']
[2023-07-11 10:40:32,081] {subprocess.py:75} INFO - Output:
[2023-07-11 10:40:32,170] {subprocess.py:79} INFO - id: ‘test_user’: no such user
[2023-07-11 10:40:32,179] {subprocess.py:79} INFO - bash: line 2: [1: command not found
[2023-07-11 10:40:32,254] {subprocess.py:79} INFO - 
[2023-07-11 10:40:32,256] {subprocess.py:79} INFO - We trust you have received the usual lecture from the local System
[2023-07-11 10:40:32,257] {subprocess.py:79} INFO - Administrator. It usually boils down to these three things:
[2023-07-11 10:40:32,258] {subprocess.py:79} INFO - 
[2023-07-11 10:40:32,259] {subprocess.py:79} INFO -     #1) Respect the privacy of others.
[2023-07-11 10:40:32,260] {subprocess.py:79} INFO -     #2) Think before you type.
[2023-07-11 10:40:32,261] {subprocess.py:79} INFO -     #3) With great power comes great responsibility.
[2023-07-11 10:40:32,262] {subprocess.py:79} INFO - 
[2023-07-11 10:40:32,263] {subprocess.py:79} INFO - sudo: no tty present and no askpass program specified
[2023-07-11 10:40:32,272] {subprocess.py:79} INFO - User created
[2023-07-11 10:40:32,275] {subprocess.py:83} INFO - Command exited with return code 0
[2023-07-11 10:40:32,349] {taskinstance.py:1204} INFO - Marking task as SUCCESS. dag_id=my_first_dag, task_id=create_user, execution_date=20230617T070134, start_date=20230711T104031, end_date=20230711T104032
[2023-07-11 10:40:32,442] {taskinstance.py:1265} INFO - 0 downstream tasks scheduled from follow-on schedule check
[2023-07-11 10:40:32,460] {local_task_job.py:151} INFO - Task exited with return code 0
