[2023-06-27 05:57:03,274] {taskinstance.py:896} INFO - Dependencies all met for <TaskInstance: my_first_dag.create_user 2023-06-14T00:01:24+00:00 [queued]>
[2023-06-27 05:57:03,415] {taskinstance.py:896} INFO - Dependencies all met for <TaskInstance: my_first_dag.create_user 2023-06-14T00:01:24+00:00 [queued]>
[2023-06-27 05:57:03,417] {taskinstance.py:1087} INFO - 
--------------------------------------------------------------------------------
[2023-06-27 05:57:03,420] {taskinstance.py:1088} INFO - Starting attempt 1 of 1
[2023-06-27 05:57:03,421] {taskinstance.py:1089} INFO - 
--------------------------------------------------------------------------------
[2023-06-27 05:57:03,533] {taskinstance.py:1107} INFO - Executing <Task(BashOperator): create_user> on 2023-06-14T00:01:24+00:00
[2023-06-27 05:57:03,569] {standard_task_runner.py:52} INFO - Started process 31155 to run task
[2023-06-27 05:57:03,598] {standard_task_runner.py:76} INFO - Running: ['airflow', 'tasks', 'run', 'my_first_dag', 'create_user', '2023-06-14T00:01:24+00:00', '--job-id', '1487', '--pool', 'default_pool', '--raw', '--subdir', 'DAGS_FOLDER/data_ingestion_dag/test.py', '--cfg-path', '/tmp/tmpg22mb6ct', '--error-file', '/tmp/tmpmsafrj1z']
[2023-06-27 05:57:03,601] {standard_task_runner.py:77} INFO - Job 1487: Subtask create_user
[2023-06-27 05:57:03,852] {logging_mixin.py:104} INFO - Running <TaskInstance: my_first_dag.create_user 2023-06-14T00:01:24+00:00 [running]> on host d9c3ec86c3ab
[2023-06-27 05:57:04,407] {taskinstance.py:1300} INFO - Exporting the following env vars:
AIRFLOW_CTX_DAG_OWNER=airflow
AIRFLOW_CTX_DAG_ID=my_first_dag
AIRFLOW_CTX_TASK_ID=create_user
AIRFLOW_CTX_EXECUTION_DATE=2023-06-14T00:01:24+00:00
AIRFLOW_CTX_DAG_RUN_ID=scheduled__2023-06-14T00:01:24+00:00
[2023-06-27 05:57:04,415] {subprocess.py:52} INFO - Tmp dir root location: 
 /tmp
[2023-06-27 05:57:04,420] {subprocess.py:63} INFO - Running command: ['bash', '-c', '\nid -u test_user;\nif [$? -eq o];\n    then echo "User exists"\nelse sudo useradd -r test_user;\n    echo "User created";\nfi']
[2023-06-27 05:57:04,473] {subprocess.py:75} INFO - Output:
[2023-06-27 05:57:04,793] {subprocess.py:79} INFO - id: ‘test_user’: no such user
[2023-06-27 05:57:04,806] {subprocess.py:79} INFO - bash: line 2: [1: command not found
[2023-06-27 05:57:04,948] {subprocess.py:79} INFO - 
[2023-06-27 05:57:04,952] {subprocess.py:79} INFO - We trust you have received the usual lecture from the local System
[2023-06-27 05:57:04,958] {subprocess.py:79} INFO - Administrator. It usually boils down to these three things:
[2023-06-27 05:57:04,961] {subprocess.py:79} INFO - 
[2023-06-27 05:57:04,963] {subprocess.py:79} INFO -     #1) Respect the privacy of others.
[2023-06-27 05:57:04,965] {subprocess.py:79} INFO -     #2) Think before you type.
[2023-06-27 05:57:04,966] {subprocess.py:79} INFO -     #3) With great power comes great responsibility.
[2023-06-27 05:57:04,968] {subprocess.py:79} INFO - 
[2023-06-27 05:57:04,969] {subprocess.py:79} INFO - sudo: no tty present and no askpass program specified
[2023-06-27 05:57:04,973] {subprocess.py:79} INFO - User created
[2023-06-27 05:57:04,978] {subprocess.py:83} INFO - Command exited with return code 0
[2023-06-27 05:57:08,402] {taskinstance.py:1204} INFO - Marking task as SUCCESS. dag_id=my_first_dag, task_id=create_user, execution_date=20230614T000124, start_date=20230627T055703, end_date=20230627T055708
[2023-06-27 05:57:08,845] {taskinstance.py:1265} INFO - 0 downstream tasks scheduled from follow-on schedule check
[2023-06-27 05:57:08,951] {local_task_job.py:198} WARNING - State of this instance has been externally set to success. Terminating instance.
[2023-06-27 05:57:08,966] {process_utils.py:100} INFO - Sending Signals.SIGTERM to GPID 31155
[2023-06-27 05:57:08,968] {process_utils.py:66} INFO - Process psutil.Process(pid=31155, status='terminated', exitcode=0, started='05:57:03') (31155) terminated with exit code 0
