[2023-07-12 06:00:31,710] {taskinstance.py:896} INFO - Dependencies all met for <TaskInstance: my_first_dag.create_user 2023-06-17T21:01:55+00:00 [queued]>
[2023-07-12 06:00:31,840] {taskinstance.py:896} INFO - Dependencies all met for <TaskInstance: my_first_dag.create_user 2023-06-17T21:01:55+00:00 [queued]>
[2023-07-12 06:00:31,841] {taskinstance.py:1087} INFO - 
--------------------------------------------------------------------------------
[2023-07-12 06:00:31,842] {taskinstance.py:1088} INFO - Starting attempt 1 of 1
[2023-07-12 06:00:31,843] {taskinstance.py:1089} INFO - 
--------------------------------------------------------------------------------
[2023-07-12 06:00:31,895] {taskinstance.py:1107} INFO - Executing <Task(BashOperator): create_user> on 2023-06-17T21:01:55+00:00
[2023-07-12 06:00:31,907] {standard_task_runner.py:52} INFO - Started process 30292 to run task
[2023-07-12 06:00:31,925] {standard_task_runner.py:76} INFO - Running: ['airflow', 'tasks', 'run', 'my_first_dag', 'create_user', '2023-06-17T21:01:55+00:00', '--job-id', '7152', '--pool', 'default_pool', '--raw', '--subdir', 'DAGS_FOLDER/data_ingestion_dag/test.py', '--cfg-path', '/tmp/tmpb_q3q321', '--error-file', '/tmp/tmp_7t47pp_']
[2023-07-12 06:00:31,928] {standard_task_runner.py:77} INFO - Job 7152: Subtask create_user
[2023-07-12 06:00:32,054] {logging_mixin.py:104} INFO - Running <TaskInstance: my_first_dag.create_user 2023-06-17T21:01:55+00:00 [running]> on host d9c3ec86c3ab
[2023-07-12 06:00:32,446] {taskinstance.py:1300} INFO - Exporting the following env vars:
AIRFLOW_CTX_DAG_OWNER=airflow
AIRFLOW_CTX_DAG_ID=my_first_dag
AIRFLOW_CTX_TASK_ID=create_user
AIRFLOW_CTX_EXECUTION_DATE=2023-06-17T21:01:55+00:00
AIRFLOW_CTX_DAG_RUN_ID=scheduled__2023-06-17T21:01:55+00:00
[2023-07-12 06:00:32,449] {subprocess.py:52} INFO - Tmp dir root location: 
 /tmp
[2023-07-12 06:00:32,451] {subprocess.py:63} INFO - Running command: ['bash', '-c', '\nid -u test_user;\nif [$? -eq o];\n    then echo "User exists"\nelse sudo useradd -r test_user;\n    echo "User created";\nfi']
[2023-07-12 06:00:32,465] {subprocess.py:75} INFO - Output:
[2023-07-12 06:00:32,547] {subprocess.py:79} INFO - id: ‘test_user’: no such user
[2023-07-12 06:00:32,558] {subprocess.py:79} INFO - bash: line 2: [1: command not found
[2023-07-12 06:00:32,627] {subprocess.py:79} INFO - 
[2023-07-12 06:00:32,628] {subprocess.py:79} INFO - We trust you have received the usual lecture from the local System
[2023-07-12 06:00:32,629] {subprocess.py:79} INFO - Administrator. It usually boils down to these three things:
[2023-07-12 06:00:32,630] {subprocess.py:79} INFO - 
[2023-07-12 06:00:32,631] {subprocess.py:79} INFO -     #1) Respect the privacy of others.
[2023-07-12 06:00:32,631] {subprocess.py:79} INFO -     #2) Think before you type.
[2023-07-12 06:00:32,632] {subprocess.py:79} INFO -     #3) With great power comes great responsibility.
[2023-07-12 06:00:32,633] {subprocess.py:79} INFO - 
[2023-07-12 06:00:32,633] {subprocess.py:79} INFO - sudo: no tty present and no askpass program specified
[2023-07-12 06:00:32,640] {subprocess.py:79} INFO - User created
[2023-07-12 06:00:32,643] {subprocess.py:83} INFO - Command exited with return code 0
[2023-07-12 06:00:32,717] {taskinstance.py:1204} INFO - Marking task as SUCCESS. dag_id=my_first_dag, task_id=create_user, execution_date=20230617T210155, start_date=20230712T060031, end_date=20230712T060032
[2023-07-12 06:00:32,807] {taskinstance.py:1265} INFO - 0 downstream tasks scheduled from follow-on schedule check
[2023-07-12 06:00:32,821] {local_task_job.py:151} INFO - Task exited with return code 0
