[2023-06-27 10:19:45,564] {taskinstance.py:896} INFO - Dependencies all met for <TaskInstance: my_first_dag.create_user 2023-06-14T21:01:59+00:00 [queued]>
[2023-06-27 10:19:45,623] {taskinstance.py:896} INFO - Dependencies all met for <TaskInstance: my_first_dag.create_user 2023-06-14T21:01:59+00:00 [queued]>
[2023-06-27 10:19:45,623] {taskinstance.py:1087} INFO - 
--------------------------------------------------------------------------------
[2023-06-27 10:19:45,624] {taskinstance.py:1088} INFO - Starting attempt 1 of 1
[2023-06-27 10:19:45,625] {taskinstance.py:1089} INFO - 
--------------------------------------------------------------------------------
[2023-06-27 10:19:45,669] {taskinstance.py:1107} INFO - Executing <Task(BashOperator): create_user> on 2023-06-14T21:01:59+00:00
[2023-06-27 10:19:45,673] {standard_task_runner.py:52} INFO - Started process 58612 to run task
[2023-06-27 10:19:45,683] {standard_task_runner.py:76} INFO - Running: ['airflow', 'tasks', 'run', 'my_first_dag', 'create_user', '2023-06-14T21:01:59+00:00', '--job-id', '2786', '--pool', 'default_pool', '--raw', '--subdir', 'DAGS_FOLDER/data_ingestion_dag/test.py', '--cfg-path', '/tmp/tmpcr425wrc', '--error-file', '/tmp/tmpucdpqh7g']
[2023-06-27 10:19:45,685] {standard_task_runner.py:77} INFO - Job 2786: Subtask create_user
[2023-06-27 10:19:45,777] {logging_mixin.py:104} INFO - Running <TaskInstance: my_first_dag.create_user 2023-06-14T21:01:59+00:00 [running]> on host d9c3ec86c3ab
[2023-06-27 10:19:45,979] {taskinstance.py:1300} INFO - Exporting the following env vars:
AIRFLOW_CTX_DAG_OWNER=airflow
AIRFLOW_CTX_DAG_ID=my_first_dag
AIRFLOW_CTX_TASK_ID=create_user
AIRFLOW_CTX_EXECUTION_DATE=2023-06-14T21:01:59+00:00
AIRFLOW_CTX_DAG_RUN_ID=scheduled__2023-06-14T21:01:59+00:00
[2023-06-27 10:19:45,982] {subprocess.py:52} INFO - Tmp dir root location: 
 /tmp
[2023-06-27 10:19:45,984] {subprocess.py:63} INFO - Running command: ['bash', '-c', '\nid -u test_user;\nif [$? -eq o];\n    then echo "User exists"\nelse sudo useradd -r test_user;\n    echo "User created";\nfi']
[2023-06-27 10:19:45,995] {subprocess.py:75} INFO - Output:
[2023-06-27 10:19:46,067] {subprocess.py:79} INFO - id: ‘test_user’: no such user
[2023-06-27 10:19:46,074] {subprocess.py:79} INFO - bash: line 2: [1: command not found
[2023-06-27 10:19:46,139] {subprocess.py:79} INFO - 
[2023-06-27 10:19:46,140] {subprocess.py:79} INFO - We trust you have received the usual lecture from the local System
[2023-06-27 10:19:46,140] {subprocess.py:79} INFO - Administrator. It usually boils down to these three things:
[2023-06-27 10:19:46,141] {subprocess.py:79} INFO - 
[2023-06-27 10:19:46,142] {subprocess.py:79} INFO -     #1) Respect the privacy of others.
[2023-06-27 10:19:46,142] {subprocess.py:79} INFO -     #2) Think before you type.
[2023-06-27 10:19:46,143] {subprocess.py:79} INFO -     #3) With great power comes great responsibility.
[2023-06-27 10:19:46,143] {subprocess.py:79} INFO - 
[2023-06-27 10:19:46,144] {subprocess.py:79} INFO - sudo: no tty present and no askpass program specified
[2023-06-27 10:19:46,151] {subprocess.py:79} INFO - User created
[2023-06-27 10:19:46,154] {subprocess.py:83} INFO - Command exited with return code 0
[2023-06-27 10:19:46,212] {taskinstance.py:1204} INFO - Marking task as SUCCESS. dag_id=my_first_dag, task_id=create_user, execution_date=20230614T210159, start_date=20230627T101945, end_date=20230627T101946
[2023-06-27 10:19:46,285] {taskinstance.py:1265} INFO - 0 downstream tasks scheduled from follow-on schedule check
[2023-06-27 10:19:46,297] {local_task_job.py:151} INFO - Task exited with return code 0
