[2023-07-30 12:25:19,570] {taskinstance.py:896} INFO - Dependencies all met for <TaskInstance: my_first_dag.create_user 2023-06-22T17:01:27+00:00 [queued]>
[2023-07-30 12:25:19,727] {taskinstance.py:896} INFO - Dependencies all met for <TaskInstance: my_first_dag.create_user 2023-06-22T17:01:27+00:00 [queued]>
[2023-07-30 12:25:19,728] {taskinstance.py:1087} INFO - 
--------------------------------------------------------------------------------
[2023-07-30 12:25:19,728] {taskinstance.py:1088} INFO - Starting attempt 1 of 1
[2023-07-30 12:25:19,729] {taskinstance.py:1089} INFO - 
--------------------------------------------------------------------------------
[2023-07-30 12:25:19,776] {taskinstance.py:1107} INFO - Executing <Task(BashOperator): create_user> on 2023-06-22T17:01:27+00:00
[2023-07-30 12:25:19,781] {standard_task_runner.py:52} INFO - Started process 5902 to run task
[2023-07-30 12:25:19,794] {standard_task_runner.py:76} INFO - Running: ['airflow', 'tasks', 'run', 'my_first_dag', 'create_user', '2023-06-22T17:01:27+00:00', '--job-id', '14151', '--pool', 'default_pool', '--raw', '--subdir', 'DAGS_FOLDER/data_ingestion_dag/test.py', '--cfg-path', '/tmp/tmpd1gs4bzu', '--error-file', '/tmp/tmpqqfsxfji']
[2023-07-30 12:25:19,796] {standard_task_runner.py:77} INFO - Job 14151: Subtask create_user
[2023-07-30 12:25:19,895] {logging_mixin.py:104} INFO - Running <TaskInstance: my_first_dag.create_user 2023-06-22T17:01:27+00:00 [running]> on host fd6918d9d7f3
[2023-07-30 12:25:20,360] {taskinstance.py:1300} INFO - Exporting the following env vars:
AIRFLOW_CTX_DAG_OWNER=airflow
AIRFLOW_CTX_DAG_ID=my_first_dag
AIRFLOW_CTX_TASK_ID=create_user
AIRFLOW_CTX_EXECUTION_DATE=2023-06-22T17:01:27+00:00
AIRFLOW_CTX_DAG_RUN_ID=scheduled__2023-06-22T17:01:27+00:00
[2023-07-30 12:25:20,363] {subprocess.py:52} INFO - Tmp dir root location: 
 /tmp
[2023-07-30 12:25:20,365] {subprocess.py:63} INFO - Running command: ['bash', '-c', '\nid -u test_user;\nif [$? -eq o];\n    then echo "User exists"\nelse sudo useradd -r test_user;\n    echo "User created";\nfi']
[2023-07-30 12:25:20,379] {subprocess.py:75} INFO - Output:
[2023-07-30 12:25:20,457] {subprocess.py:79} INFO - id: ‘test_user’: no such user
[2023-07-30 12:25:20,466] {subprocess.py:79} INFO - bash: line 2: [1: command not found
[2023-07-30 12:25:20,544] {subprocess.py:79} INFO - 
[2023-07-30 12:25:20,545] {subprocess.py:79} INFO - We trust you have received the usual lecture from the local System
[2023-07-30 12:25:20,546] {subprocess.py:79} INFO - Administrator. It usually boils down to these three things:
[2023-07-30 12:25:20,546] {subprocess.py:79} INFO - 
[2023-07-30 12:25:20,547] {subprocess.py:79} INFO -     #1) Respect the privacy of others.
[2023-07-30 12:25:20,548] {subprocess.py:79} INFO -     #2) Think before you type.
[2023-07-30 12:25:20,549] {subprocess.py:79} INFO -     #3) With great power comes great responsibility.
[2023-07-30 12:25:20,550] {subprocess.py:79} INFO - 
[2023-07-30 12:25:20,551] {subprocess.py:79} INFO - sudo: no tty present and no askpass program specified
[2023-07-30 12:25:20,558] {subprocess.py:79} INFO - User created
[2023-07-30 12:25:20,561] {subprocess.py:83} INFO - Command exited with return code 0
[2023-07-30 12:25:20,625] {taskinstance.py:1204} INFO - Marking task as SUCCESS. dag_id=my_first_dag, task_id=create_user, execution_date=20230622T170127, start_date=20230730T122519, end_date=20230730T122520
[2023-07-30 12:25:20,703] {taskinstance.py:1265} INFO - 0 downstream tasks scheduled from follow-on schedule check
[2023-07-30 12:25:20,731] {local_task_job.py:151} INFO - Task exited with return code 0
