[2023-06-28 17:00:39,766] {taskinstance.py:896} INFO - Dependencies all met for <TaskInstance: my_first_dag.create_user 2023-06-15T18:01:01+00:00 [queued]>
[2023-06-28 17:00:39,855] {taskinstance.py:896} INFO - Dependencies all met for <TaskInstance: my_first_dag.create_user 2023-06-15T18:01:01+00:00 [queued]>
[2023-06-28 17:00:39,856] {taskinstance.py:1087} INFO - 
--------------------------------------------------------------------------------
[2023-06-28 17:00:39,857] {taskinstance.py:1088} INFO - Starting attempt 1 of 1
[2023-06-28 17:00:39,857] {taskinstance.py:1089} INFO - 
--------------------------------------------------------------------------------
[2023-06-28 17:00:39,909] {taskinstance.py:1107} INFO - Executing <Task(BashOperator): create_user> on 2023-06-15T18:01:01+00:00
[2023-06-28 17:00:39,915] {standard_task_runner.py:52} INFO - Started process 7994 to run task
[2023-06-28 17:00:39,928] {standard_task_runner.py:76} INFO - Running: ['airflow', 'tasks', 'run', 'my_first_dag', 'create_user', '2023-06-15T18:01:01+00:00', '--job-id', '4001', '--pool', 'default_pool', '--raw', '--subdir', 'DAGS_FOLDER/data_ingestion_dag/test.py', '--cfg-path', '/tmp/tmpzu_3r5ap', '--error-file', '/tmp/tmp6g0_36v1']
[2023-06-28 17:00:39,931] {standard_task_runner.py:77} INFO - Job 4001: Subtask create_user
[2023-06-28 17:00:40,053] {logging_mixin.py:104} INFO - Running <TaskInstance: my_first_dag.create_user 2023-06-15T18:01:01+00:00 [running]> on host d9c3ec86c3ab
[2023-06-28 17:00:40,337] {taskinstance.py:1300} INFO - Exporting the following env vars:
AIRFLOW_CTX_DAG_OWNER=airflow
AIRFLOW_CTX_DAG_ID=my_first_dag
AIRFLOW_CTX_TASK_ID=create_user
AIRFLOW_CTX_EXECUTION_DATE=2023-06-15T18:01:01+00:00
AIRFLOW_CTX_DAG_RUN_ID=scheduled__2023-06-15T18:01:01+00:00
[2023-06-28 17:00:40,340] {subprocess.py:52} INFO - Tmp dir root location: 
 /tmp
[2023-06-28 17:00:40,342] {subprocess.py:63} INFO - Running command: ['bash', '-c', '\nid -u test_user;\nif [$? -eq o];\n    then echo "User exists"\nelse sudo useradd -r test_user;\n    echo "User created";\nfi']
[2023-06-28 17:00:40,354] {subprocess.py:75} INFO - Output:
[2023-06-28 17:00:40,438] {subprocess.py:79} INFO - id: ‘test_user’: no such user
[2023-06-28 17:00:40,445] {subprocess.py:79} INFO - bash: line 2: [1: command not found
[2023-06-28 17:00:40,511] {subprocess.py:79} INFO - 
[2023-06-28 17:00:40,512] {subprocess.py:79} INFO - We trust you have received the usual lecture from the local System
[2023-06-28 17:00:40,513] {subprocess.py:79} INFO - Administrator. It usually boils down to these three things:
[2023-06-28 17:00:40,513] {subprocess.py:79} INFO - 
[2023-06-28 17:00:40,514] {subprocess.py:79} INFO -     #1) Respect the privacy of others.
[2023-06-28 17:00:40,515] {subprocess.py:79} INFO -     #2) Think before you type.
[2023-06-28 17:00:40,515] {subprocess.py:79} INFO -     #3) With great power comes great responsibility.
[2023-06-28 17:00:40,516] {subprocess.py:79} INFO - 
[2023-06-28 17:00:40,517] {subprocess.py:79} INFO - sudo: no tty present and no askpass program specified
[2023-06-28 17:00:40,524] {subprocess.py:79} INFO - User created
[2023-06-28 17:00:40,527] {subprocess.py:83} INFO - Command exited with return code 0
[2023-06-28 17:00:40,587] {taskinstance.py:1204} INFO - Marking task as SUCCESS. dag_id=my_first_dag, task_id=create_user, execution_date=20230615T180101, start_date=20230628T170039, end_date=20230628T170040
[2023-06-28 17:00:40,660] {taskinstance.py:1265} INFO - 0 downstream tasks scheduled from follow-on schedule check
[2023-06-28 17:00:40,701] {local_task_job.py:151} INFO - Task exited with return code 0
