[2023-07-30 10:17:50,099] {taskinstance.py:896} INFO - Dependencies all met for <TaskInstance: my_first_dag.create_user 2023-06-22T12:01:44+00:00 [queued]>
[2023-07-30 10:17:50,382] {taskinstance.py:896} INFO - Dependencies all met for <TaskInstance: my_first_dag.create_user 2023-06-22T12:01:44+00:00 [queued]>
[2023-07-30 10:17:50,384] {taskinstance.py:1087} INFO - 
--------------------------------------------------------------------------------
[2023-07-30 10:17:50,385] {taskinstance.py:1088} INFO - Starting attempt 1 of 1
[2023-07-30 10:17:50,386] {taskinstance.py:1089} INFO - 
--------------------------------------------------------------------------------
[2023-07-30 10:17:50,461] {taskinstance.py:1107} INFO - Executing <Task(BashOperator): create_user> on 2023-06-22T12:01:44+00:00
[2023-07-30 10:17:50,472] {standard_task_runner.py:52} INFO - Started process 67 to run task
[2023-07-30 10:17:50,489] {standard_task_runner.py:76} INFO - Running: ['airflow', 'tasks', 'run', 'my_first_dag', 'create_user', '2023-06-22T12:01:44+00:00', '--job-id', '13863', '--pool', 'default_pool', '--raw', '--subdir', 'DAGS_FOLDER/data_ingestion_dag/test.py', '--cfg-path', '/tmp/tmpd6c81nkk', '--error-file', '/tmp/tmpf44ibz72']
[2023-07-30 10:17:50,492] {standard_task_runner.py:77} INFO - Job 13863: Subtask create_user
[2023-07-30 10:17:50,641] {logging_mixin.py:104} INFO - Running <TaskInstance: my_first_dag.create_user 2023-06-22T12:01:44+00:00 [running]> on host 0a8f4de60a1e
[2023-07-30 10:17:51,553] {taskinstance.py:1300} INFO - Exporting the following env vars:
AIRFLOW_CTX_DAG_OWNER=airflow
AIRFLOW_CTX_DAG_ID=my_first_dag
AIRFLOW_CTX_TASK_ID=create_user
AIRFLOW_CTX_EXECUTION_DATE=2023-06-22T12:01:44+00:00
AIRFLOW_CTX_DAG_RUN_ID=scheduled__2023-06-22T12:01:44+00:00
[2023-07-30 10:17:51,556] {subprocess.py:52} INFO - Tmp dir root location: 
 /tmp
[2023-07-30 10:17:51,558] {subprocess.py:63} INFO - Running command: ['bash', '-c', '\nid -u test_user;\nif [$? -eq o];\n    then echo "User exists"\nelse sudo useradd -r test_user;\n    echo "User created";\nfi']
[2023-07-30 10:17:51,580] {subprocess.py:75} INFO - Output:
[2023-07-30 10:17:51,664] {subprocess.py:79} INFO - id: ‘test_user’: no such user
[2023-07-30 10:17:51,672] {subprocess.py:79} INFO - bash: line 2: [1: command not found
[2023-07-30 10:17:51,775] {subprocess.py:79} INFO - 
[2023-07-30 10:17:51,777] {subprocess.py:79} INFO - We trust you have received the usual lecture from the local System
[2023-07-30 10:17:51,778] {subprocess.py:79} INFO - Administrator. It usually boils down to these three things:
[2023-07-30 10:17:51,779] {subprocess.py:79} INFO - 
[2023-07-30 10:17:51,780] {subprocess.py:79} INFO -     #1) Respect the privacy of others.
[2023-07-30 10:17:51,781] {subprocess.py:79} INFO -     #2) Think before you type.
[2023-07-30 10:17:51,783] {subprocess.py:79} INFO -     #3) With great power comes great responsibility.
[2023-07-30 10:17:51,784] {subprocess.py:79} INFO - 
[2023-07-30 10:17:51,786] {subprocess.py:79} INFO - sudo: no tty present and no askpass program specified
[2023-07-30 10:17:51,795] {subprocess.py:79} INFO - User created
[2023-07-30 10:17:51,798] {subprocess.py:83} INFO - Command exited with return code 0
[2023-07-30 10:17:51,926] {taskinstance.py:1204} INFO - Marking task as SUCCESS. dag_id=my_first_dag, task_id=create_user, execution_date=20230622T120144, start_date=20230730T101750, end_date=20230730T101751
[2023-07-30 10:17:52,031] {taskinstance.py:1265} INFO - 0 downstream tasks scheduled from follow-on schedule check
[2023-07-30 10:17:52,048] {local_task_job.py:151} INFO - Task exited with return code 0
