[2023-07-11 12:08:10,513] {taskinstance.py:896} INFO - Dependencies all met for <TaskInstance: my_first_dag.create_user 2023-06-17T14:01:53+00:00 [queued]>
[2023-07-11 12:08:10,603] {taskinstance.py:896} INFO - Dependencies all met for <TaskInstance: my_first_dag.create_user 2023-06-17T14:01:53+00:00 [queued]>
[2023-07-11 12:08:10,604] {taskinstance.py:1087} INFO - 
--------------------------------------------------------------------------------
[2023-07-11 12:08:10,605] {taskinstance.py:1088} INFO - Starting attempt 1 of 1
[2023-07-11 12:08:10,605] {taskinstance.py:1089} INFO - 
--------------------------------------------------------------------------------
[2023-07-11 12:08:10,650] {taskinstance.py:1107} INFO - Executing <Task(BashOperator): create_user> on 2023-06-17T14:01:53+00:00
[2023-07-11 12:08:10,655] {standard_task_runner.py:52} INFO - Started process 21076 to run task
[2023-07-11 12:08:10,666] {standard_task_runner.py:76} INFO - Running: ['airflow', 'tasks', 'run', 'my_first_dag', 'create_user', '2023-06-17T14:01:53+00:00', '--job-id', '6716', '--pool', 'default_pool', '--raw', '--subdir', 'DAGS_FOLDER/data_ingestion_dag/test.py', '--cfg-path', '/tmp/tmpsc852bat', '--error-file', '/tmp/tmpz70ta6g9']
[2023-07-11 12:08:10,668] {standard_task_runner.py:77} INFO - Job 6716: Subtask create_user
[2023-07-11 12:08:10,765] {logging_mixin.py:104} INFO - Running <TaskInstance: my_first_dag.create_user 2023-06-17T14:01:53+00:00 [running]> on host d9c3ec86c3ab
[2023-07-11 12:08:11,039] {taskinstance.py:1300} INFO - Exporting the following env vars:
AIRFLOW_CTX_DAG_OWNER=airflow
AIRFLOW_CTX_DAG_ID=my_first_dag
AIRFLOW_CTX_TASK_ID=create_user
AIRFLOW_CTX_EXECUTION_DATE=2023-06-17T14:01:53+00:00
AIRFLOW_CTX_DAG_RUN_ID=scheduled__2023-06-17T14:01:53+00:00
[2023-07-11 12:08:11,041] {subprocess.py:52} INFO - Tmp dir root location: 
 /tmp
[2023-07-11 12:08:11,043] {subprocess.py:63} INFO - Running command: ['bash', '-c', '\nid -u test_user;\nif [$? -eq o];\n    then echo "User exists"\nelse sudo useradd -r test_user;\n    echo "User created";\nfi']
[2023-07-11 12:08:11,054] {subprocess.py:75} INFO - Output:
[2023-07-11 12:08:11,128] {subprocess.py:79} INFO - id: ‘test_user’: no such user
[2023-07-11 12:08:11,135] {subprocess.py:79} INFO - bash: line 2: [1: command not found
[2023-07-11 12:08:11,200] {subprocess.py:79} INFO - 
[2023-07-11 12:08:11,201] {subprocess.py:79} INFO - We trust you have received the usual lecture from the local System
[2023-07-11 12:08:11,203] {subprocess.py:79} INFO - Administrator. It usually boils down to these three things:
[2023-07-11 12:08:11,203] {subprocess.py:79} INFO - 
[2023-07-11 12:08:11,204] {subprocess.py:79} INFO -     #1) Respect the privacy of others.
[2023-07-11 12:08:11,205] {subprocess.py:79} INFO -     #2) Think before you type.
[2023-07-11 12:08:11,205] {subprocess.py:79} INFO -     #3) With great power comes great responsibility.
[2023-07-11 12:08:11,206] {subprocess.py:79} INFO - 
[2023-07-11 12:08:11,206] {subprocess.py:79} INFO - sudo: no tty present and no askpass program specified
[2023-07-11 12:08:11,214] {subprocess.py:79} INFO - User created
[2023-07-11 12:08:11,217] {subprocess.py:83} INFO - Command exited with return code 0
[2023-07-11 12:08:11,278] {taskinstance.py:1204} INFO - Marking task as SUCCESS. dag_id=my_first_dag, task_id=create_user, execution_date=20230617T140153, start_date=20230711T120810, end_date=20230711T120811
[2023-07-11 12:08:11,361] {taskinstance.py:1265} INFO - 0 downstream tasks scheduled from follow-on schedule check
[2023-07-11 12:08:11,402] {local_task_job.py:151} INFO - Task exited with return code 0
