[2023-06-29 11:26:02,076] {taskinstance.py:896} INFO - Dependencies all met for <TaskInstance: my_first_dag.create_user 2023-06-16T22:01:32+00:00 [queued]>
[2023-06-29 11:26:02,216] {taskinstance.py:896} INFO - Dependencies all met for <TaskInstance: my_first_dag.create_user 2023-06-16T22:01:32+00:00 [queued]>
[2023-06-29 11:26:02,218] {taskinstance.py:1087} INFO - 
--------------------------------------------------------------------------------
[2023-06-29 11:41:32,482] {taskinstance.py:896} INFO - Dependencies all met for <TaskInstance: my_first_dag.create_user 2023-06-16T22:01:32+00:00 [queued]>
[2023-06-29 11:41:32,599] {taskinstance.py:896} INFO - Dependencies all met for <TaskInstance: my_first_dag.create_user 2023-06-16T22:01:32+00:00 [queued]>
[2023-06-29 11:41:32,601] {taskinstance.py:1087} INFO - 
--------------------------------------------------------------------------------
[2023-06-29 11:41:32,602] {taskinstance.py:1088} INFO - Starting attempt 1 of 1
[2023-06-29 11:41:32,603] {taskinstance.py:1089} INFO - 
--------------------------------------------------------------------------------
[2023-06-29 11:41:32,676] {taskinstance.py:1107} INFO - Executing <Task(BashOperator): create_user> on 2023-06-16T22:01:32+00:00
[2023-06-29 11:41:32,681] {standard_task_runner.py:52} INFO - Started process 68 to run task
[2023-06-29 11:41:32,698] {standard_task_runner.py:76} INFO - Running: ['airflow', 'tasks', 'run', 'my_first_dag', 'create_user', '2023-06-16T22:01:32+00:00', '--job-id', '5730', '--pool', 'default_pool', '--raw', '--subdir', 'DAGS_FOLDER/data_ingestion_dag/test.py', '--cfg-path', '/tmp/tmp3270uu5x', '--error-file', '/tmp/tmpqj5ci3dz']
[2023-06-29 11:41:32,700] {standard_task_runner.py:77} INFO - Job 5730: Subtask create_user
[2023-06-29 11:41:32,839] {logging_mixin.py:104} INFO - Running <TaskInstance: my_first_dag.create_user 2023-06-16T22:01:32+00:00 [running]> on host d9c3ec86c3ab
[2023-06-29 11:41:33,225] {taskinstance.py:1300} INFO - Exporting the following env vars:
AIRFLOW_CTX_DAG_OWNER=airflow
AIRFLOW_CTX_DAG_ID=my_first_dag
AIRFLOW_CTX_TASK_ID=create_user
AIRFLOW_CTX_EXECUTION_DATE=2023-06-16T22:01:32+00:00
AIRFLOW_CTX_DAG_RUN_ID=scheduled__2023-06-16T22:01:32+00:00
[2023-06-29 11:41:33,229] {subprocess.py:52} INFO - Tmp dir root location: 
 /tmp
[2023-06-29 11:41:33,231] {subprocess.py:63} INFO - Running command: ['bash', '-c', '\nid -u test_user;\nif [$? -eq o];\n    then echo "User exists"\nelse sudo useradd -r test_user;\n    echo "User created";\nfi']
[2023-06-29 11:41:33,245] {subprocess.py:75} INFO - Output:
[2023-06-29 11:41:33,336] {subprocess.py:79} INFO - id: ‘test_user’: no such user
[2023-06-29 11:41:33,346] {subprocess.py:79} INFO - bash: line 2: [1: command not found
[2023-06-29 11:41:33,436] {subprocess.py:79} INFO - 
[2023-06-29 11:41:33,437] {subprocess.py:79} INFO - We trust you have received the usual lecture from the local System
[2023-06-29 11:41:33,438] {subprocess.py:79} INFO - Administrator. It usually boils down to these three things:
[2023-06-29 11:41:33,439] {subprocess.py:79} INFO - 
[2023-06-29 11:41:33,440] {subprocess.py:79} INFO -     #1) Respect the privacy of others.
[2023-06-29 11:41:33,441] {subprocess.py:79} INFO -     #2) Think before you type.
[2023-06-29 11:41:33,442] {subprocess.py:79} INFO -     #3) With great power comes great responsibility.
[2023-06-29 11:41:33,443] {subprocess.py:79} INFO - 
[2023-06-29 11:41:33,445] {subprocess.py:79} INFO - sudo: no tty present and no askpass program specified
[2023-06-29 11:41:33,455] {subprocess.py:79} INFO - User created
[2023-06-29 11:41:33,461] {subprocess.py:83} INFO - Command exited with return code 0
[2023-06-29 11:41:33,566] {taskinstance.py:1204} INFO - Marking task as SUCCESS. dag_id=my_first_dag, task_id=create_user, execution_date=20230616T220132, start_date=20230629T114132, end_date=20230629T114133
[2023-06-29 11:41:33,671] {taskinstance.py:1265} INFO - 0 downstream tasks scheduled from follow-on schedule check
[2023-06-29 11:41:33,713] {local_task_job.py:151} INFO - Task exited with return code 0
