[2023-07-12 17:05:36,839] {taskinstance.py:896} INFO - Dependencies all met for <TaskInstance: my_first_dag.create_user 2023-06-19T08:01:56+00:00 [queued]>
[2023-07-12 17:05:36,951] {taskinstance.py:896} INFO - Dependencies all met for <TaskInstance: my_first_dag.create_user 2023-06-19T08:01:56+00:00 [queued]>
[2023-07-12 17:05:36,952] {taskinstance.py:1087} INFO - 
--------------------------------------------------------------------------------
[2023-07-12 17:05:36,953] {taskinstance.py:1088} INFO - Starting attempt 1 of 1
[2023-07-12 17:05:36,953] {taskinstance.py:1089} INFO - 
--------------------------------------------------------------------------------
[2023-07-12 17:05:37,001] {taskinstance.py:1107} INFO - Executing <Task(BashOperator): create_user> on 2023-06-19T08:01:56+00:00
[2023-07-12 17:05:37,006] {standard_task_runner.py:52} INFO - Started process 75287 to run task
[2023-07-12 17:05:37,018] {standard_task_runner.py:76} INFO - Running: ['airflow', 'tasks', 'run', 'my_first_dag', 'create_user', '2023-06-19T08:01:56+00:00', '--job-id', '9264', '--pool', 'default_pool', '--raw', '--subdir', 'DAGS_FOLDER/data_ingestion_dag/test.py', '--cfg-path', '/tmp/tmpb903xe6k', '--error-file', '/tmp/tmpfmfh3nwq']
[2023-07-12 17:05:37,020] {standard_task_runner.py:77} INFO - Job 9264: Subtask create_user
[2023-07-12 17:05:37,123] {logging_mixin.py:104} INFO - Running <TaskInstance: my_first_dag.create_user 2023-06-19T08:01:56+00:00 [running]> on host d9c3ec86c3ab
[2023-07-12 17:05:37,423] {taskinstance.py:1300} INFO - Exporting the following env vars:
AIRFLOW_CTX_DAG_OWNER=airflow
AIRFLOW_CTX_DAG_ID=my_first_dag
AIRFLOW_CTX_TASK_ID=create_user
AIRFLOW_CTX_EXECUTION_DATE=2023-06-19T08:01:56+00:00
AIRFLOW_CTX_DAG_RUN_ID=scheduled__2023-06-19T08:01:56+00:00
[2023-07-12 17:05:37,426] {subprocess.py:52} INFO - Tmp dir root location: 
 /tmp
[2023-07-12 17:05:37,428] {subprocess.py:63} INFO - Running command: ['bash', '-c', '\nid -u test_user;\nif [$? -eq o];\n    then echo "User exists"\nelse sudo useradd -r test_user;\n    echo "User created";\nfi']
[2023-07-12 17:05:37,439] {subprocess.py:75} INFO - Output:
[2023-07-12 17:05:37,514] {subprocess.py:79} INFO - id: ‘test_user’: no such user
[2023-07-12 17:05:37,522] {subprocess.py:79} INFO - bash: line 2: [1: command not found
[2023-07-12 17:05:37,593] {subprocess.py:79} INFO - 
[2023-07-12 17:05:37,594] {subprocess.py:79} INFO - We trust you have received the usual lecture from the local System
[2023-07-12 17:05:37,596] {subprocess.py:79} INFO - Administrator. It usually boils down to these three things:
[2023-07-12 17:05:37,597] {subprocess.py:79} INFO - 
[2023-07-12 17:05:37,598] {subprocess.py:79} INFO -     #1) Respect the privacy of others.
[2023-07-12 17:05:37,599] {subprocess.py:79} INFO -     #2) Think before you type.
[2023-07-12 17:05:37,600] {subprocess.py:79} INFO -     #3) With great power comes great responsibility.
[2023-07-12 17:05:37,600] {subprocess.py:79} INFO - 
[2023-07-12 17:05:37,601] {subprocess.py:79} INFO - sudo: no tty present and no askpass program specified
[2023-07-12 17:05:37,609] {subprocess.py:79} INFO - User created
[2023-07-12 17:05:37,612] {subprocess.py:83} INFO - Command exited with return code 0
[2023-07-12 17:05:37,672] {taskinstance.py:1204} INFO - Marking task as SUCCESS. dag_id=my_first_dag, task_id=create_user, execution_date=20230619T080156, start_date=20230712T170536, end_date=20230712T170537
[2023-07-12 17:05:37,748] {taskinstance.py:1265} INFO - 0 downstream tasks scheduled from follow-on schedule check
[2023-07-12 17:05:37,796] {local_task_job.py:151} INFO - Task exited with return code 0
