[2023-07-30 13:31:27,560] {taskinstance.py:896} INFO - Dependencies all met for <TaskInstance: trending_tags_ingestion.load_data_to_postgres 2023-07-30T12:01:00+00:00 [queued]>
[2023-07-30 13:31:27,596] {taskinstance.py:896} INFO - Dependencies all met for <TaskInstance: trending_tags_ingestion.load_data_to_postgres 2023-07-30T12:01:00+00:00 [queued]>
[2023-07-30 13:31:27,597] {taskinstance.py:1087} INFO - 
--------------------------------------------------------------------------------
[2023-07-30 13:31:27,597] {taskinstance.py:1088} INFO - Starting attempt 1 of 2
[2023-07-30 13:31:27,598] {taskinstance.py:1089} INFO - 
--------------------------------------------------------------------------------
[2023-07-30 13:31:27,641] {taskinstance.py:1107} INFO - Executing <Task(PythonOperator): load_data_to_postgres> on 2023-07-30T12:01:00+00:00
[2023-07-30 13:31:27,646] {standard_task_runner.py:52} INFO - Started process 11927 to run task
[2023-07-30 13:31:27,657] {standard_task_runner.py:76} INFO - Running: ['airflow', 'tasks', 'run', 'trending_tags_ingestion', 'load_data_to_postgres', '2023-07-30T12:01:00+00:00', '--job-id', '14423', '--pool', 'default_pool', '--raw', '--subdir', 'DAGS_FOLDER/data_ingestion_dag/stackapi.py', '--cfg-path', '/tmp/tmp_ypenon9', '--error-file', '/tmp/tmpf3d3pqg4']
[2023-07-30 13:31:27,658] {standard_task_runner.py:77} INFO - Job 14423: Subtask load_data_to_postgres
[2023-07-30 13:31:27,751] {logging_mixin.py:104} INFO - Running <TaskInstance: trending_tags_ingestion.load_data_to_postgres 2023-07-30T12:01:00+00:00 [running]> on host fd6918d9d7f3
[2023-07-30 13:31:27,873] {taskinstance.py:1300} INFO - Exporting the following env vars:
AIRFLOW_CTX_DAG_OWNER=airflow
AIRFLOW_CTX_DAG_ID=trending_tags_ingestion
AIRFLOW_CTX_TASK_ID=load_data_to_postgres
AIRFLOW_CTX_EXECUTION_DATE=2023-07-30T12:01:00+00:00
AIRFLOW_CTX_DAG_RUN_ID=scheduled__2023-07-30T12:01:00+00:00
[2023-07-30 13:31:27,876] {taskinstance.py:1501} ERROR - Task failed with exception
Traceback (most recent call last):
  File "/home/airflow/.local/lib/python3.8/site-packages/airflow/models/taskinstance.py", line 1157, in _run_raw_task
    self._prepare_and_execute_task_with_callbacks(context, task)
  File "/home/airflow/.local/lib/python3.8/site-packages/airflow/models/taskinstance.py", line 1331, in _prepare_and_execute_task_with_callbacks
    result = self._execute_task(context, task_copy)
  File "/home/airflow/.local/lib/python3.8/site-packages/airflow/models/taskinstance.py", line 1361, in _execute_task
    result = task_copy.execute(context=context)
  File "/home/airflow/.local/lib/python3.8/site-packages/airflow/operators/python.py", line 150, in execute
    return_value = self.execute_callable()
  File "/home/airflow/.local/lib/python3.8/site-packages/airflow/operators/python.py", line 161, in execute_callable
    return self.python_callable(*self.op_args, **self.op_kwargs)
TypeError: load_data_to_postgres() missing 1 required positional argument: 'trending_tags'
[2023-07-30 13:31:27,884] {taskinstance.py:1544} INFO - Marking task as UP_FOR_RETRY. dag_id=trending_tags_ingestion, task_id=load_data_to_postgres, execution_date=20230730T120100, start_date=20230730T133127, end_date=20230730T133127
[2023-07-30 13:31:27,989] {local_task_job.py:151} INFO - Task exited with return code 1
