[2023-06-29 08:39:37,387] {taskinstance.py:896} INFO - Dependencies all met for <TaskInstance: my_first_dag.create_user 2023-06-16T08:01:16+00:00 [queued]>
[2023-06-29 08:39:37,474] {taskinstance.py:896} INFO - Dependencies all met for <TaskInstance: my_first_dag.create_user 2023-06-16T08:01:16+00:00 [queued]>
[2023-06-29 08:39:37,475] {taskinstance.py:1087} INFO - 
--------------------------------------------------------------------------------
[2023-06-29 08:39:37,476] {taskinstance.py:1088} INFO - Starting attempt 1 of 1
[2023-06-29 08:39:37,476] {taskinstance.py:1089} INFO - 
--------------------------------------------------------------------------------
[2023-06-29 08:39:37,535] {taskinstance.py:1107} INFO - Executing <Task(BashOperator): create_user> on 2023-06-16T08:01:16+00:00
[2023-06-29 08:39:37,540] {standard_task_runner.py:52} INFO - Started process 26414 to run task
[2023-06-29 08:39:37,552] {standard_task_runner.py:76} INFO - Running: ['airflow', 'tasks', 'run', 'my_first_dag', 'create_user', '2023-06-16T08:01:16+00:00', '--job-id', '4869', '--pool', 'default_pool', '--raw', '--subdir', 'DAGS_FOLDER/data_ingestion_dag/test.py', '--cfg-path', '/tmp/tmpicodl3qh', '--error-file', '/tmp/tmp__ce8983']
[2023-06-29 08:39:37,553] {standard_task_runner.py:77} INFO - Job 4869: Subtask create_user
[2023-06-29 08:39:37,686] {logging_mixin.py:104} INFO - Running <TaskInstance: my_first_dag.create_user 2023-06-16T08:01:16+00:00 [running]> on host d9c3ec86c3ab
[2023-06-29 08:39:37,982] {taskinstance.py:1300} INFO - Exporting the following env vars:
AIRFLOW_CTX_DAG_OWNER=airflow
AIRFLOW_CTX_DAG_ID=my_first_dag
AIRFLOW_CTX_TASK_ID=create_user
AIRFLOW_CTX_EXECUTION_DATE=2023-06-16T08:01:16+00:00
AIRFLOW_CTX_DAG_RUN_ID=scheduled__2023-06-16T08:01:16+00:00
[2023-06-29 08:39:37,985] {subprocess.py:52} INFO - Tmp dir root location: 
 /tmp
[2023-06-29 08:39:37,987] {subprocess.py:63} INFO - Running command: ['bash', '-c', '\nid -u test_user;\nif [$? -eq o];\n    then echo "User exists"\nelse sudo useradd -r test_user;\n    echo "User created";\nfi']
[2023-06-29 08:39:37,999] {subprocess.py:75} INFO - Output:
[2023-06-29 08:39:38,070] {subprocess.py:79} INFO - id: ‘test_user’: no such user
[2023-06-29 08:39:38,078] {subprocess.py:79} INFO - bash: line 2: [1: command not found
[2023-06-29 08:39:38,140] {subprocess.py:79} INFO - 
[2023-06-29 08:39:38,141] {subprocess.py:79} INFO - We trust you have received the usual lecture from the local System
[2023-06-29 08:39:38,142] {subprocess.py:79} INFO - Administrator. It usually boils down to these three things:
[2023-06-29 08:39:38,142] {subprocess.py:79} INFO - 
[2023-06-29 08:39:38,143] {subprocess.py:79} INFO -     #1) Respect the privacy of others.
[2023-06-29 08:39:38,144] {subprocess.py:79} INFO -     #2) Think before you type.
[2023-06-29 08:39:38,145] {subprocess.py:79} INFO -     #3) With great power comes great responsibility.
[2023-06-29 08:39:38,145] {subprocess.py:79} INFO - 
[2023-06-29 08:39:38,146] {subprocess.py:79} INFO - sudo: no tty present and no askpass program specified
[2023-06-29 08:39:38,154] {subprocess.py:79} INFO - User created
[2023-06-29 08:39:38,157] {subprocess.py:83} INFO - Command exited with return code 0
[2023-06-29 08:39:38,253] {taskinstance.py:1204} INFO - Marking task as SUCCESS. dag_id=my_first_dag, task_id=create_user, execution_date=20230616T080116, start_date=20230629T083937, end_date=20230629T083938
[2023-06-29 08:39:38,327] {taskinstance.py:1265} INFO - 0 downstream tasks scheduled from follow-on schedule check
[2023-06-29 08:39:38,377] {local_task_job.py:151} INFO - Task exited with return code 0
