[2023-07-12 10:42:03,952] {taskinstance.py:896} INFO - Dependencies all met for <TaskInstance: my_first_dag.create_user 2023-06-18T21:01:04+00:00 [queued]>
[2023-07-12 10:42:04,096] {taskinstance.py:896} INFO - Dependencies all met for <TaskInstance: my_first_dag.create_user 2023-06-18T21:01:04+00:00 [queued]>
[2023-07-12 10:42:04,098] {taskinstance.py:1087} INFO - 
--------------------------------------------------------------------------------
[2023-07-12 10:42:04,099] {taskinstance.py:1088} INFO - Starting attempt 1 of 1
[2023-07-12 10:42:04,100] {taskinstance.py:1089} INFO - 
--------------------------------------------------------------------------------
[2023-07-12 10:42:04,155] {taskinstance.py:1107} INFO - Executing <Task(BashOperator): create_user> on 2023-06-18T21:01:04+00:00
[2023-07-12 10:42:04,171] {standard_task_runner.py:52} INFO - Started process 59996 to run task
[2023-07-12 10:42:04,188] {standard_task_runner.py:76} INFO - Running: ['airflow', 'tasks', 'run', 'my_first_dag', 'create_user', '2023-06-18T21:01:04+00:00', '--job-id', '8546', '--pool', 'default_pool', '--raw', '--subdir', 'DAGS_FOLDER/data_ingestion_dag/test.py', '--cfg-path', '/tmp/tmpnkb5amen', '--error-file', '/tmp/tmpcub70mjl']
[2023-07-12 10:42:04,190] {standard_task_runner.py:77} INFO - Job 8546: Subtask create_user
[2023-07-12 10:42:04,348] {logging_mixin.py:104} INFO - Running <TaskInstance: my_first_dag.create_user 2023-06-18T21:01:04+00:00 [running]> on host d9c3ec86c3ab
[2023-07-12 10:42:04,916] {taskinstance.py:1300} INFO - Exporting the following env vars:
AIRFLOW_CTX_DAG_OWNER=airflow
AIRFLOW_CTX_DAG_ID=my_first_dag
AIRFLOW_CTX_TASK_ID=create_user
AIRFLOW_CTX_EXECUTION_DATE=2023-06-18T21:01:04+00:00
AIRFLOW_CTX_DAG_RUN_ID=scheduled__2023-06-18T21:01:04+00:00
[2023-07-12 10:42:04,919] {subprocess.py:52} INFO - Tmp dir root location: 
 /tmp
[2023-07-12 10:42:04,920] {subprocess.py:63} INFO - Running command: ['bash', '-c', '\nid -u test_user;\nif [$? -eq o];\n    then echo "User exists"\nelse sudo useradd -r test_user;\n    echo "User created";\nfi']
[2023-07-12 10:42:04,937] {subprocess.py:75} INFO - Output:
[2023-07-12 10:42:05,040] {subprocess.py:79} INFO - id: ‘test_user’: no such user
[2023-07-12 10:42:05,049] {subprocess.py:79} INFO - bash: line 2: [1: command not found
[2023-07-12 10:42:05,131] {subprocess.py:79} INFO - 
[2023-07-12 10:42:05,134] {subprocess.py:79} INFO - We trust you have received the usual lecture from the local System
[2023-07-12 10:42:05,135] {subprocess.py:79} INFO - Administrator. It usually boils down to these three things:
[2023-07-12 10:42:05,135] {subprocess.py:79} INFO - 
[2023-07-12 10:42:05,136] {subprocess.py:79} INFO -     #1) Respect the privacy of others.
[2023-07-12 10:42:05,137] {subprocess.py:79} INFO -     #2) Think before you type.
[2023-07-12 10:42:05,137] {subprocess.py:79} INFO -     #3) With great power comes great responsibility.
[2023-07-12 10:42:05,138] {subprocess.py:79} INFO - 
[2023-07-12 10:42:05,139] {subprocess.py:79} INFO - sudo: no tty present and no askpass program specified
[2023-07-12 10:42:05,148] {subprocess.py:79} INFO - User created
[2023-07-12 10:42:05,151] {subprocess.py:83} INFO - Command exited with return code 0
[2023-07-12 10:42:05,253] {taskinstance.py:1204} INFO - Marking task as SUCCESS. dag_id=my_first_dag, task_id=create_user, execution_date=20230618T210104, start_date=20230712T104203, end_date=20230712T104205
[2023-07-12 10:42:05,353] {taskinstance.py:1265} INFO - 0 downstream tasks scheduled from follow-on schedule check
[2023-07-12 10:42:05,369] {local_task_job.py:151} INFO - Task exited with return code 0
