[2023-07-13 11:22:26,916] {taskinstance.py:896} INFO - Dependencies all met for <TaskInstance: my_first_dag.create_user 2023-06-20T17:01:41+00:00 [queued]>
[2023-07-13 11:22:27,025] {taskinstance.py:896} INFO - Dependencies all met for <TaskInstance: my_first_dag.create_user 2023-06-20T17:01:41+00:00 [queued]>
[2023-07-13 11:22:27,026] {taskinstance.py:1087} INFO - 
--------------------------------------------------------------------------------
[2023-07-13 11:22:27,026] {taskinstance.py:1088} INFO - Starting attempt 1 of 1
[2023-07-13 11:22:27,027] {taskinstance.py:1089} INFO - 
--------------------------------------------------------------------------------
[2023-07-13 11:22:27,071] {taskinstance.py:1107} INFO - Executing <Task(BashOperator): create_user> on 2023-06-20T17:01:41+00:00
[2023-07-13 11:22:27,075] {standard_task_runner.py:52} INFO - Started process 17696 to run task
[2023-07-13 11:22:27,087] {standard_task_runner.py:76} INFO - Running: ['airflow', 'tasks', 'run', 'my_first_dag', 'create_user', '2023-06-20T17:01:41+00:00', '--job-id', '11243', '--pool', 'default_pool', '--raw', '--subdir', 'DAGS_FOLDER/data_ingestion_dag/test.py', '--cfg-path', '/tmp/tmpqv_f6wuu', '--error-file', '/tmp/tmp9ji488vm']
[2023-07-13 11:22:27,088] {standard_task_runner.py:77} INFO - Job 11243: Subtask create_user
[2023-07-13 11:22:27,210] {logging_mixin.py:104} INFO - Running <TaskInstance: my_first_dag.create_user 2023-06-20T17:01:41+00:00 [running]> on host d9c3ec86c3ab
[2023-07-13 11:22:27,552] {taskinstance.py:1300} INFO - Exporting the following env vars:
AIRFLOW_CTX_DAG_OWNER=airflow
AIRFLOW_CTX_DAG_ID=my_first_dag
AIRFLOW_CTX_TASK_ID=create_user
AIRFLOW_CTX_EXECUTION_DATE=2023-06-20T17:01:41+00:00
AIRFLOW_CTX_DAG_RUN_ID=scheduled__2023-06-20T17:01:41+00:00
[2023-07-13 11:22:27,555] {subprocess.py:52} INFO - Tmp dir root location: 
 /tmp
[2023-07-13 11:22:27,557] {subprocess.py:63} INFO - Running command: ['bash', '-c', '\nid -u test_user;\nif [$? -eq o];\n    then echo "User exists"\nelse sudo useradd -r test_user;\n    echo "User created";\nfi']
[2023-07-13 11:22:27,573] {subprocess.py:75} INFO - Output:
[2023-07-13 11:22:27,658] {subprocess.py:79} INFO - id: ‘test_user’: no such user
[2023-07-13 11:22:27,668] {subprocess.py:79} INFO - bash: line 2: [1: command not found
[2023-07-13 11:22:27,744] {subprocess.py:79} INFO - 
[2023-07-13 11:22:27,746] {subprocess.py:79} INFO - We trust you have received the usual lecture from the local System
[2023-07-13 11:22:27,746] {subprocess.py:79} INFO - Administrator. It usually boils down to these three things:
[2023-07-13 11:22:27,747] {subprocess.py:79} INFO - 
[2023-07-13 11:22:27,748] {subprocess.py:79} INFO -     #1) Respect the privacy of others.
[2023-07-13 11:22:27,749] {subprocess.py:79} INFO -     #2) Think before you type.
[2023-07-13 11:22:27,750] {subprocess.py:79} INFO -     #3) With great power comes great responsibility.
[2023-07-13 11:22:27,751] {subprocess.py:79} INFO - 
[2023-07-13 11:22:27,751] {subprocess.py:79} INFO - sudo: no tty present and no askpass program specified
[2023-07-13 11:22:27,759] {subprocess.py:79} INFO - User created
[2023-07-13 11:22:27,762] {subprocess.py:83} INFO - Command exited with return code 0
