[2023-07-30 11:37:47,363] {taskinstance.py:896} INFO - Dependencies all met for <TaskInstance: my_first_dag.create_user 2023-06-22T13:01:27+00:00 [queued]>
[2023-07-30 11:37:47,534] {taskinstance.py:896} INFO - Dependencies all met for <TaskInstance: my_first_dag.create_user 2023-06-22T13:01:27+00:00 [queued]>
[2023-07-30 11:37:47,535] {taskinstance.py:1087} INFO - 
--------------------------------------------------------------------------------
[2023-07-30 11:37:47,535] {taskinstance.py:1088} INFO - Starting attempt 1 of 1
[2023-07-30 11:37:47,536] {taskinstance.py:1089} INFO - 
--------------------------------------------------------------------------------
[2023-07-30 11:37:47,586] {taskinstance.py:1107} INFO - Executing <Task(BashOperator): create_user> on 2023-06-22T13:01:27+00:00
[2023-07-30 11:37:47,592] {standard_task_runner.py:52} INFO - Started process 728 to run task
[2023-07-30 11:37:47,604] {standard_task_runner.py:76} INFO - Running: ['airflow', 'tasks', 'run', 'my_first_dag', 'create_user', '2023-06-22T13:01:27+00:00', '--job-id', '13910', '--pool', 'default_pool', '--raw', '--subdir', 'DAGS_FOLDER/data_ingestion_dag/test.py', '--cfg-path', '/tmp/tmpjgyc8ngj', '--error-file', '/tmp/tmpw_frbffe']
[2023-07-30 11:37:47,607] {standard_task_runner.py:77} INFO - Job 13910: Subtask create_user
[2023-07-30 11:37:47,719] {logging_mixin.py:104} INFO - Running <TaskInstance: my_first_dag.create_user 2023-06-22T13:01:27+00:00 [running]> on host fd6918d9d7f3
[2023-07-30 11:37:48,345] {taskinstance.py:1300} INFO - Exporting the following env vars:
AIRFLOW_CTX_DAG_OWNER=airflow
AIRFLOW_CTX_DAG_ID=my_first_dag
AIRFLOW_CTX_TASK_ID=create_user
AIRFLOW_CTX_EXECUTION_DATE=2023-06-22T13:01:27+00:00
AIRFLOW_CTX_DAG_RUN_ID=scheduled__2023-06-22T13:01:27+00:00
[2023-07-30 11:37:48,348] {subprocess.py:52} INFO - Tmp dir root location: 
 /tmp
[2023-07-30 11:37:48,351] {subprocess.py:63} INFO - Running command: ['bash', '-c', '\nid -u test_user;\nif [$? -eq o];\n    then echo "User exists"\nelse sudo useradd -r test_user;\n    echo "User created";\nfi']
[2023-07-30 11:37:48,365] {subprocess.py:75} INFO - Output:
[2023-07-30 11:37:48,438] {subprocess.py:79} INFO - id: ‘test_user’: no such user
[2023-07-30 11:37:48,445] {subprocess.py:79} INFO - bash: line 2: [1: command not found
[2023-07-30 11:37:48,506] {subprocess.py:79} INFO - 
[2023-07-30 11:37:48,507] {subprocess.py:79} INFO - We trust you have received the usual lecture from the local System
[2023-07-30 11:37:48,508] {subprocess.py:79} INFO - Administrator. It usually boils down to these three things:
[2023-07-30 11:37:48,508] {subprocess.py:79} INFO - 
[2023-07-30 11:37:48,509] {subprocess.py:79} INFO -     #1) Respect the privacy of others.
[2023-07-30 11:37:48,510] {subprocess.py:79} INFO -     #2) Think before you type.
[2023-07-30 11:37:48,510] {subprocess.py:79} INFO -     #3) With great power comes great responsibility.
[2023-07-30 11:37:48,511] {subprocess.py:79} INFO - 
[2023-07-30 11:37:48,511] {subprocess.py:79} INFO - sudo: no tty present and no askpass program specified
[2023-07-30 11:37:48,519] {subprocess.py:79} INFO - User created
[2023-07-30 11:37:48,522] {subprocess.py:83} INFO - Command exited with return code 0
[2023-07-30 11:37:48,585] {taskinstance.py:1204} INFO - Marking task as SUCCESS. dag_id=my_first_dag, task_id=create_user, execution_date=20230622T130127, start_date=20230730T113747, end_date=20230730T113748
[2023-07-30 11:37:48,668] {taskinstance.py:1265} INFO - 0 downstream tasks scheduled from follow-on schedule check
[2023-07-30 11:37:48,706] {local_task_job.py:151} INFO - Task exited with return code 0
