[2023-06-28 17:46:33,284] {taskinstance.py:896} INFO - Dependencies all met for <TaskInstance: my_first_dag.create_user 2023-06-15T21:01:47+00:00 [queued]>
[2023-06-28 17:46:33,357] {taskinstance.py:896} INFO - Dependencies all met for <TaskInstance: my_first_dag.create_user 2023-06-15T21:01:47+00:00 [queued]>
[2023-06-28 17:46:33,358] {taskinstance.py:1087} INFO - 
--------------------------------------------------------------------------------
[2023-06-28 17:46:33,359] {taskinstance.py:1088} INFO - Starting attempt 1 of 1
[2023-06-28 17:46:33,359] {taskinstance.py:1089} INFO - 
--------------------------------------------------------------------------------
[2023-06-28 17:46:33,410] {taskinstance.py:1107} INFO - Executing <Task(BashOperator): create_user> on 2023-06-15T21:01:47+00:00
[2023-06-28 17:46:33,415] {standard_task_runner.py:52} INFO - Started process 12838 to run task
[2023-06-28 17:46:33,426] {standard_task_runner.py:76} INFO - Running: ['airflow', 'tasks', 'run', 'my_first_dag', 'create_user', '2023-06-15T21:01:47+00:00', '--job-id', '4228', '--pool', 'default_pool', '--raw', '--subdir', 'DAGS_FOLDER/data_ingestion_dag/test.py', '--cfg-path', '/tmp/tmpk7e07nim', '--error-file', '/tmp/tmphsv1cm8y']
[2023-06-28 17:46:33,428] {standard_task_runner.py:77} INFO - Job 4228: Subtask create_user
[2023-06-28 17:46:33,538] {logging_mixin.py:104} INFO - Running <TaskInstance: my_first_dag.create_user 2023-06-15T21:01:47+00:00 [running]> on host d9c3ec86c3ab
[2023-06-28 17:46:33,801] {taskinstance.py:1300} INFO - Exporting the following env vars:
AIRFLOW_CTX_DAG_OWNER=airflow
AIRFLOW_CTX_DAG_ID=my_first_dag
AIRFLOW_CTX_TASK_ID=create_user
AIRFLOW_CTX_EXECUTION_DATE=2023-06-15T21:01:47+00:00
AIRFLOW_CTX_DAG_RUN_ID=scheduled__2023-06-15T21:01:47+00:00
[2023-06-28 17:46:33,803] {subprocess.py:52} INFO - Tmp dir root location: 
 /tmp
[2023-06-28 17:46:33,805] {subprocess.py:63} INFO - Running command: ['bash', '-c', '\nid -u test_user;\nif [$? -eq o];\n    then echo "User exists"\nelse sudo useradd -r test_user;\n    echo "User created";\nfi']
[2023-06-28 17:46:33,816] {subprocess.py:75} INFO - Output:
[2023-06-28 17:46:33,886] {subprocess.py:79} INFO - id: ‘test_user’: no such user
[2023-06-28 17:46:33,893] {subprocess.py:79} INFO - bash: line 2: [1: command not found
[2023-06-28 17:46:33,956] {subprocess.py:79} INFO - 
[2023-06-28 17:46:33,957] {subprocess.py:79} INFO - We trust you have received the usual lecture from the local System
[2023-06-28 17:46:33,958] {subprocess.py:79} INFO - Administrator. It usually boils down to these three things:
[2023-06-28 17:46:33,959] {subprocess.py:79} INFO - 
[2023-06-28 17:46:33,960] {subprocess.py:79} INFO -     #1) Respect the privacy of others.
[2023-06-28 17:46:33,962] {subprocess.py:79} INFO -     #2) Think before you type.
[2023-06-28 17:46:33,963] {subprocess.py:79} INFO -     #3) With great power comes great responsibility.
[2023-06-28 17:46:33,964] {subprocess.py:79} INFO - 
[2023-06-28 17:46:33,965] {subprocess.py:79} INFO - sudo: no tty present and no askpass program specified
[2023-06-28 17:46:33,971] {subprocess.py:79} INFO - User created
[2023-06-28 17:46:33,974] {subprocess.py:83} INFO - Command exited with return code 0
[2023-06-28 17:46:34,036] {taskinstance.py:1204} INFO - Marking task as SUCCESS. dag_id=my_first_dag, task_id=create_user, execution_date=20230615T210147, start_date=20230628T174633, end_date=20230628T174634
[2023-06-28 17:46:34,115] {taskinstance.py:1265} INFO - 0 downstream tasks scheduled from follow-on schedule check
[2023-06-28 17:46:34,162] {local_task_job.py:151} INFO - Task exited with return code 0
