[2023-07-11 12:12:44,669] {taskinstance.py:896} INFO - Dependencies all met for <TaskInstance: my_first_dag.create_user 2023-06-17T15:01:16+00:00 [queued]>
[2023-07-11 12:12:44,771] {taskinstance.py:896} INFO - Dependencies all met for <TaskInstance: my_first_dag.create_user 2023-06-17T15:01:16+00:00 [queued]>
[2023-07-11 12:12:44,773] {taskinstance.py:1087} INFO - 
--------------------------------------------------------------------------------
[2023-07-11 12:12:44,774] {taskinstance.py:1088} INFO - Starting attempt 1 of 1
[2023-07-11 12:12:44,774] {taskinstance.py:1089} INFO - 
--------------------------------------------------------------------------------
[2023-07-11 12:12:44,835] {taskinstance.py:1107} INFO - Executing <Task(BashOperator): create_user> on 2023-06-17T15:01:16+00:00
[2023-07-11 12:12:44,852] {standard_task_runner.py:52} INFO - Started process 21567 to run task
[2023-07-11 12:12:44,869] {standard_task_runner.py:76} INFO - Running: ['airflow', 'tasks', 'run', 'my_first_dag', 'create_user', '2023-06-17T15:01:16+00:00', '--job-id', '6739', '--pool', 'default_pool', '--raw', '--subdir', 'DAGS_FOLDER/data_ingestion_dag/test.py', '--cfg-path', '/tmp/tmpfxue6i5x', '--error-file', '/tmp/tmpxm66zh_9']
[2023-07-11 12:12:44,871] {standard_task_runner.py:77} INFO - Job 6739: Subtask create_user
[2023-07-11 12:12:45,014] {logging_mixin.py:104} INFO - Running <TaskInstance: my_first_dag.create_user 2023-06-17T15:01:16+00:00 [running]> on host d9c3ec86c3ab
[2023-07-11 12:12:45,316] {taskinstance.py:1300} INFO - Exporting the following env vars:
AIRFLOW_CTX_DAG_OWNER=airflow
AIRFLOW_CTX_DAG_ID=my_first_dag
AIRFLOW_CTX_TASK_ID=create_user
AIRFLOW_CTX_EXECUTION_DATE=2023-06-17T15:01:16+00:00
AIRFLOW_CTX_DAG_RUN_ID=scheduled__2023-06-17T15:01:16+00:00
[2023-07-11 12:12:45,319] {subprocess.py:52} INFO - Tmp dir root location: 
 /tmp
[2023-07-11 12:12:45,321] {subprocess.py:63} INFO - Running command: ['bash', '-c', '\nid -u test_user;\nif [$? -eq o];\n    then echo "User exists"\nelse sudo useradd -r test_user;\n    echo "User created";\nfi']
[2023-07-11 12:12:45,334] {subprocess.py:75} INFO - Output:
[2023-07-11 12:12:45,410] {subprocess.py:79} INFO - id: ‘test_user’: no such user
[2023-07-11 12:12:45,418] {subprocess.py:79} INFO - bash: line 2: [1: command not found
[2023-07-11 12:12:45,487] {subprocess.py:79} INFO - 
[2023-07-11 12:12:45,488] {subprocess.py:79} INFO - We trust you have received the usual lecture from the local System
[2023-07-11 12:12:45,489] {subprocess.py:79} INFO - Administrator. It usually boils down to these three things:
[2023-07-11 12:12:45,490] {subprocess.py:79} INFO - 
[2023-07-11 12:12:45,490] {subprocess.py:79} INFO -     #1) Respect the privacy of others.
[2023-07-11 12:12:45,491] {subprocess.py:79} INFO -     #2) Think before you type.
[2023-07-11 12:12:45,492] {subprocess.py:79} INFO -     #3) With great power comes great responsibility.
[2023-07-11 12:12:45,492] {subprocess.py:79} INFO - 
[2023-07-11 12:12:45,493] {subprocess.py:79} INFO - sudo: no tty present and no askpass program specified
[2023-07-11 12:12:45,500] {subprocess.py:79} INFO - User created
[2023-07-11 12:12:45,503] {subprocess.py:83} INFO - Command exited with return code 0
[2023-07-11 12:12:45,564] {taskinstance.py:1204} INFO - Marking task as SUCCESS. dag_id=my_first_dag, task_id=create_user, execution_date=20230617T150116, start_date=20230711T121244, end_date=20230711T121245
[2023-07-11 12:12:45,640] {taskinstance.py:1265} INFO - 0 downstream tasks scheduled from follow-on schedule check
[2023-07-11 12:12:45,692] {local_task_job.py:151} INFO - Task exited with return code 0
