[2023-07-14 08:07:54,556] {taskinstance.py:896} INFO - Dependencies all met for <TaskInstance: my_first_dag.create_user 2023-06-21T16:01:45+00:00 [queued]>
[2023-07-14 08:07:54,696] {taskinstance.py:896} INFO - Dependencies all met for <TaskInstance: my_first_dag.create_user 2023-06-21T16:01:45+00:00 [queued]>
[2023-07-14 08:07:54,697] {taskinstance.py:1087} INFO - 
--------------------------------------------------------------------------------
[2023-07-14 08:07:54,698] {taskinstance.py:1088} INFO - Starting attempt 1 of 1
[2023-07-14 08:07:54,698] {taskinstance.py:1089} INFO - 
--------------------------------------------------------------------------------
[2023-07-14 08:07:54,797] {taskinstance.py:1107} INFO - Executing <Task(BashOperator): create_user> on 2023-06-21T16:01:45+00:00
[2023-07-14 08:07:54,802] {standard_task_runner.py:52} INFO - Started process 29841 to run task
[2023-07-14 08:07:54,813] {standard_task_runner.py:76} INFO - Running: ['airflow', 'tasks', 'run', 'my_first_dag', 'create_user', '2023-06-21T16:01:45+00:00', '--job-id', '12647', '--pool', 'default_pool', '--raw', '--subdir', 'DAGS_FOLDER/data_ingestion_dag/test.py', '--cfg-path', '/tmp/tmpu1k0gafo', '--error-file', '/tmp/tmp_kz7jjoh']
[2023-07-14 08:07:54,815] {standard_task_runner.py:77} INFO - Job 12647: Subtask create_user
[2023-07-14 08:07:54,911] {logging_mixin.py:104} INFO - Running <TaskInstance: my_first_dag.create_user 2023-06-21T16:01:45+00:00 [running]> on host d9c3ec86c3ab
[2023-07-14 08:07:55,355] {taskinstance.py:1300} INFO - Exporting the following env vars:
AIRFLOW_CTX_DAG_OWNER=airflow
AIRFLOW_CTX_DAG_ID=my_first_dag
AIRFLOW_CTX_TASK_ID=create_user
AIRFLOW_CTX_EXECUTION_DATE=2023-06-21T16:01:45+00:00
AIRFLOW_CTX_DAG_RUN_ID=scheduled__2023-06-21T16:01:45+00:00
[2023-07-14 08:07:55,358] {subprocess.py:52} INFO - Tmp dir root location: 
 /tmp
[2023-07-14 08:07:55,359] {subprocess.py:63} INFO - Running command: ['bash', '-c', '\nid -u test_user;\nif [$? -eq o];\n    then echo "User exists"\nelse sudo useradd -r test_user;\n    echo "User created";\nfi']
[2023-07-14 08:07:55,369] {subprocess.py:75} INFO - Output:
[2023-07-14 08:07:55,440] {subprocess.py:79} INFO - id: ‘test_user’: no such user
[2023-07-14 08:07:55,447] {subprocess.py:79} INFO - bash: line 2: [1: command not found
[2023-07-14 08:07:55,506] {subprocess.py:79} INFO - 
[2023-07-14 08:07:55,507] {subprocess.py:79} INFO - We trust you have received the usual lecture from the local System
[2023-07-14 08:07:55,508] {subprocess.py:79} INFO - Administrator. It usually boils down to these three things:
[2023-07-14 08:07:55,509] {subprocess.py:79} INFO - 
[2023-07-14 08:07:55,509] {subprocess.py:79} INFO -     #1) Respect the privacy of others.
[2023-07-14 08:07:55,510] {subprocess.py:79} INFO -     #2) Think before you type.
[2023-07-14 08:07:55,510] {subprocess.py:79} INFO -     #3) With great power comes great responsibility.
[2023-07-14 08:07:55,511] {subprocess.py:79} INFO - 
[2023-07-14 08:07:55,512] {subprocess.py:79} INFO - sudo: no tty present and no askpass program specified
[2023-07-14 08:07:55,518] {subprocess.py:79} INFO - User created
[2023-07-14 08:07:55,522] {subprocess.py:83} INFO - Command exited with return code 0
[2023-07-14 08:07:55,603] {taskinstance.py:1204} INFO - Marking task as SUCCESS. dag_id=my_first_dag, task_id=create_user, execution_date=20230621T160145, start_date=20230714T080754, end_date=20230714T080755
[2023-07-14 08:07:55,676] {taskinstance.py:1265} INFO - 0 downstream tasks scheduled from follow-on schedule check
[2023-07-14 08:07:55,712] {local_task_job.py:151} INFO - Task exited with return code 0
