[2023-06-29 08:21:33,688] {taskinstance.py:896} INFO - Dependencies all met for <TaskInstance: my_first_dag.create_user 2023-06-16T06:01:44+00:00 [queued]>
[2023-06-29 08:21:33,779] {taskinstance.py:896} INFO - Dependencies all met for <TaskInstance: my_first_dag.create_user 2023-06-16T06:01:44+00:00 [queued]>
[2023-06-29 08:21:33,780] {taskinstance.py:1087} INFO - 
--------------------------------------------------------------------------------
[2023-06-29 08:21:33,780] {taskinstance.py:1088} INFO - Starting attempt 1 of 1
[2023-06-29 08:21:33,781] {taskinstance.py:1089} INFO - 
--------------------------------------------------------------------------------
[2023-06-29 08:21:33,837] {taskinstance.py:1107} INFO - Executing <Task(BashOperator): create_user> on 2023-06-16T06:01:44+00:00
[2023-06-29 08:21:33,842] {standard_task_runner.py:52} INFO - Started process 24440 to run task
[2023-06-29 08:21:33,855] {standard_task_runner.py:76} INFO - Running: ['airflow', 'tasks', 'run', 'my_first_dag', 'create_user', '2023-06-16T06:01:44+00:00', '--job-id', '4776', '--pool', 'default_pool', '--raw', '--subdir', 'DAGS_FOLDER/data_ingestion_dag/test.py', '--cfg-path', '/tmp/tmpdoar7fad', '--error-file', '/tmp/tmpatl4rr3p']
[2023-06-29 08:21:33,857] {standard_task_runner.py:77} INFO - Job 4776: Subtask create_user
[2023-06-29 08:21:33,985] {logging_mixin.py:104} INFO - Running <TaskInstance: my_first_dag.create_user 2023-06-16T06:01:44+00:00 [running]> on host d9c3ec86c3ab
[2023-06-29 08:21:34,258] {taskinstance.py:1300} INFO - Exporting the following env vars:
AIRFLOW_CTX_DAG_OWNER=airflow
AIRFLOW_CTX_DAG_ID=my_first_dag
AIRFLOW_CTX_TASK_ID=create_user
AIRFLOW_CTX_EXECUTION_DATE=2023-06-16T06:01:44+00:00
AIRFLOW_CTX_DAG_RUN_ID=scheduled__2023-06-16T06:01:44+00:00
[2023-06-29 08:21:34,261] {subprocess.py:52} INFO - Tmp dir root location: 
 /tmp
[2023-06-29 08:21:34,263] {subprocess.py:63} INFO - Running command: ['bash', '-c', '\nid -u test_user;\nif [$? -eq o];\n    then echo "User exists"\nelse sudo useradd -r test_user;\n    echo "User created";\nfi']
[2023-06-29 08:21:34,274] {subprocess.py:75} INFO - Output:
[2023-06-29 08:21:34,346] {subprocess.py:79} INFO - id: ‘test_user’: no such user
[2023-06-29 08:21:34,353] {subprocess.py:79} INFO - bash: line 2: [1: command not found
[2023-06-29 08:21:34,415] {subprocess.py:79} INFO - 
[2023-06-29 08:21:34,416] {subprocess.py:79} INFO - We trust you have received the usual lecture from the local System
[2023-06-29 08:21:34,417] {subprocess.py:79} INFO - Administrator. It usually boils down to these three things:
[2023-06-29 08:21:34,417] {subprocess.py:79} INFO - 
[2023-06-29 08:21:34,418] {subprocess.py:79} INFO -     #1) Respect the privacy of others.
[2023-06-29 08:21:34,419] {subprocess.py:79} INFO -     #2) Think before you type.
[2023-06-29 08:21:34,419] {subprocess.py:79} INFO -     #3) With great power comes great responsibility.
[2023-06-29 08:21:34,420] {subprocess.py:79} INFO - 
[2023-06-29 08:21:34,420] {subprocess.py:79} INFO - sudo: no tty present and no askpass program specified
[2023-06-29 08:21:34,428] {subprocess.py:79} INFO - User created
[2023-06-29 08:21:34,431] {subprocess.py:83} INFO - Command exited with return code 0
[2023-06-29 08:21:34,507] {taskinstance.py:1204} INFO - Marking task as SUCCESS. dag_id=my_first_dag, task_id=create_user, execution_date=20230616T060144, start_date=20230629T082133, end_date=20230629T082134
[2023-06-29 08:21:34,581] {taskinstance.py:1265} INFO - 0 downstream tasks scheduled from follow-on schedule check
[2023-06-29 08:21:34,597] {local_task_job.py:151} INFO - Task exited with return code 0
