[2023-07-30 14:01:09,501] {taskinstance.py:896} INFO - Dependencies all met for <TaskInstance: trending_tags_ingestion.load_data_to_postgres 2023-07-30T13:01:00+00:00 [queued]>
[2023-07-30 14:01:09,536] {taskinstance.py:896} INFO - Dependencies all met for <TaskInstance: trending_tags_ingestion.load_data_to_postgres 2023-07-30T13:01:00+00:00 [queued]>
[2023-07-30 14:01:09,537] {taskinstance.py:1087} INFO - 
--------------------------------------------------------------------------------
[2023-07-30 14:01:09,538] {taskinstance.py:1088} INFO - Starting attempt 1 of 2
[2023-07-30 14:01:09,538] {taskinstance.py:1089} INFO - 
--------------------------------------------------------------------------------
[2023-07-30 14:01:09,584] {taskinstance.py:1107} INFO - Executing <Task(PythonOperator): load_data_to_postgres> on 2023-07-30T13:01:00+00:00
[2023-07-30 14:01:09,589] {standard_task_runner.py:52} INFO - Started process 12089 to run task
[2023-07-30 14:01:09,600] {standard_task_runner.py:76} INFO - Running: ['airflow', 'tasks', 'run', 'trending_tags_ingestion', 'load_data_to_postgres', '2023-07-30T13:01:00+00:00', '--job-id', '14431', '--pool', 'default_pool', '--raw', '--subdir', 'DAGS_FOLDER/data_ingestion_dag/stackapi.py', '--cfg-path', '/tmp/tmppfckt_sk', '--error-file', '/tmp/tmpqw9ta60b']
[2023-07-30 14:01:09,602] {standard_task_runner.py:77} INFO - Job 14431: Subtask load_data_to_postgres
[2023-07-30 14:01:09,703] {logging_mixin.py:104} INFO - Running <TaskInstance: trending_tags_ingestion.load_data_to_postgres 2023-07-30T13:01:00+00:00 [running]> on host fd6918d9d7f3
[2023-07-30 14:01:09,827] {taskinstance.py:1300} INFO - Exporting the following env vars:
AIRFLOW_CTX_DAG_OWNER=airflow
AIRFLOW_CTX_DAG_ID=trending_tags_ingestion
AIRFLOW_CTX_TASK_ID=load_data_to_postgres
AIRFLOW_CTX_EXECUTION_DATE=2023-07-30T13:01:00+00:00
AIRFLOW_CTX_DAG_RUN_ID=scheduled__2023-07-30T13:01:00+00:00
[2023-07-30 14:01:09,834] {logging_mixin.py:104} INFO - Error: could not connect to server: Connection refused
	Is the server running on host "0.0.0.0" and accepting
	TCP/IP connections on port 5432?
[2023-07-30 14:01:09,835] {logging_mixin.py:104} INFO - 
[2023-07-30 14:01:09,835] {python.py:151} INFO - Done. Returned value was: None
[2023-07-30 14:01:09,853] {taskinstance.py:1204} INFO - Marking task as SUCCESS. dag_id=trending_tags_ingestion, task_id=load_data_to_postgres, execution_date=20230730T130100, start_date=20230730T140109, end_date=20230730T140109
[2023-07-30 14:01:09,928] {taskinstance.py:1265} INFO - 0 downstream tasks scheduled from follow-on schedule check
[2023-07-30 14:01:09,976] {local_task_job.py:151} INFO - Task exited with return code 0
