[2023-06-27 05:53:38,526] {taskinstance.py:896} INFO - Dependencies all met for <TaskInstance: my_first_dag.create_user 2023-06-14T00:01:11+00:00 [queued]>
[2023-06-27 05:53:38,587] {taskinstance.py:896} INFO - Dependencies all met for <TaskInstance: my_first_dag.create_user 2023-06-14T00:01:11+00:00 [queued]>
[2023-06-27 05:53:38,588] {taskinstance.py:1087} INFO - 
--------------------------------------------------------------------------------
[2023-06-27 05:53:38,588] {taskinstance.py:1088} INFO - Starting attempt 1 of 1
[2023-06-27 05:53:38,589] {taskinstance.py:1089} INFO - 
--------------------------------------------------------------------------------
[2023-06-27 05:53:38,640] {taskinstance.py:1107} INFO - Executing <Task(BashOperator): create_user> on 2023-06-14T00:01:11+00:00
[2023-06-27 05:53:38,645] {standard_task_runner.py:52} INFO - Started process 30873 to run task
[2023-06-27 05:53:38,658] {standard_task_runner.py:76} INFO - Running: ['airflow', 'tasks', 'run', 'my_first_dag', 'create_user', '2023-06-14T00:01:11+00:00', '--job-id', '1474', '--pool', 'default_pool', '--raw', '--subdir', 'DAGS_FOLDER/data_ingestion_dag/test.py', '--cfg-path', '/tmp/tmpuc3eap_t', '--error-file', '/tmp/tmp9oclk9ab']
[2023-06-27 05:53:38,660] {standard_task_runner.py:77} INFO - Job 1474: Subtask create_user
[2023-06-27 05:53:38,781] {logging_mixin.py:104} INFO - Running <TaskInstance: my_first_dag.create_user 2023-06-14T00:01:11+00:00 [running]> on host d9c3ec86c3ab
[2023-06-27 05:53:38,958] {taskinstance.py:1300} INFO - Exporting the following env vars:
AIRFLOW_CTX_DAG_OWNER=airflow
AIRFLOW_CTX_DAG_ID=my_first_dag
AIRFLOW_CTX_TASK_ID=create_user
AIRFLOW_CTX_EXECUTION_DATE=2023-06-14T00:01:11+00:00
AIRFLOW_CTX_DAG_RUN_ID=scheduled__2023-06-14T00:01:11+00:00
[2023-06-27 05:53:38,960] {subprocess.py:52} INFO - Tmp dir root location: 
 /tmp
[2023-06-27 05:53:38,962] {subprocess.py:63} INFO - Running command: ['bash', '-c', '\nid -u test_user;\nif [$? -eq o];\n    then echo "User exists"\nelse sudo useradd -r test_user;\n    echo "User created";\nfi']
[2023-06-27 05:53:38,972] {subprocess.py:75} INFO - Output:
[2023-06-27 05:53:39,046] {subprocess.py:79} INFO - id: ‘test_user’: no such user
[2023-06-27 05:53:39,053] {subprocess.py:79} INFO - bash: line 2: [1: command not found
[2023-06-27 05:53:39,121] {subprocess.py:79} INFO - 
[2023-06-27 05:53:39,122] {subprocess.py:79} INFO - We trust you have received the usual lecture from the local System
[2023-06-27 05:53:39,123] {subprocess.py:79} INFO - Administrator. It usually boils down to these three things:
[2023-06-27 05:53:39,124] {subprocess.py:79} INFO - 
[2023-06-27 05:53:39,124] {subprocess.py:79} INFO -     #1) Respect the privacy of others.
[2023-06-27 05:53:39,125] {subprocess.py:79} INFO -     #2) Think before you type.
[2023-06-27 05:53:39,126] {subprocess.py:79} INFO -     #3) With great power comes great responsibility.
[2023-06-27 05:53:39,126] {subprocess.py:79} INFO - 
[2023-06-27 05:53:39,127] {subprocess.py:79} INFO - sudo: no tty present and no askpass program specified
[2023-06-27 05:53:39,135] {subprocess.py:79} INFO - User created
[2023-06-27 05:53:39,138] {subprocess.py:83} INFO - Command exited with return code 0
[2023-06-27 05:53:39,197] {taskinstance.py:1204} INFO - Marking task as SUCCESS. dag_id=my_first_dag, task_id=create_user, execution_date=20230614T000111, start_date=20230627T055338, end_date=20230627T055339
[2023-06-27 05:53:39,271] {taskinstance.py:1265} INFO - 0 downstream tasks scheduled from follow-on schedule check
[2023-06-27 05:53:39,310] {local_task_job.py:151} INFO - Task exited with return code 0
