[2023-07-30 11:45:08,433] {taskinstance.py:896} INFO - Dependencies all met for <TaskInstance: my_first_dag.create_user 2023-06-22T14:01:05+00:00 [queued]>
[2023-07-30 11:45:08,635] {taskinstance.py:896} INFO - Dependencies all met for <TaskInstance: my_first_dag.create_user 2023-06-22T14:01:05+00:00 [queued]>
[2023-07-30 11:45:08,636] {taskinstance.py:1087} INFO - 
--------------------------------------------------------------------------------
[2023-07-30 11:45:08,637] {taskinstance.py:1088} INFO - Starting attempt 1 of 1
[2023-07-30 11:45:08,638] {taskinstance.py:1089} INFO - 
--------------------------------------------------------------------------------
[2023-07-30 11:45:08,695] {taskinstance.py:1107} INFO - Executing <Task(BashOperator): create_user> on 2023-06-22T14:01:05+00:00
[2023-07-30 11:45:08,706] {standard_task_runner.py:52} INFO - Started process 1536 to run task
[2023-07-30 11:45:08,724] {standard_task_runner.py:76} INFO - Running: ['airflow', 'tasks', 'run', 'my_first_dag', 'create_user', '2023-06-22T14:01:05+00:00', '--job-id', '13948', '--pool', 'default_pool', '--raw', '--subdir', 'DAGS_FOLDER/data_ingestion_dag/test.py', '--cfg-path', '/tmp/tmpxdf_pszt', '--error-file', '/tmp/tmpuxdy4h8o']
[2023-07-30 11:45:08,726] {standard_task_runner.py:77} INFO - Job 13948: Subtask create_user
[2023-07-30 11:45:08,833] {logging_mixin.py:104} INFO - Running <TaskInstance: my_first_dag.create_user 2023-06-22T14:01:05+00:00 [running]> on host fd6918d9d7f3
[2023-07-30 11:45:09,442] {taskinstance.py:1300} INFO - Exporting the following env vars:
AIRFLOW_CTX_DAG_OWNER=airflow
AIRFLOW_CTX_DAG_ID=my_first_dag
AIRFLOW_CTX_TASK_ID=create_user
AIRFLOW_CTX_EXECUTION_DATE=2023-06-22T14:01:05+00:00
AIRFLOW_CTX_DAG_RUN_ID=scheduled__2023-06-22T14:01:05+00:00
[2023-07-30 11:45:09,445] {subprocess.py:52} INFO - Tmp dir root location: 
 /tmp
[2023-07-30 11:45:09,447] {subprocess.py:63} INFO - Running command: ['bash', '-c', '\nid -u test_user;\nif [$? -eq o];\n    then echo "User exists"\nelse sudo useradd -r test_user;\n    echo "User created";\nfi']
[2023-07-30 11:45:09,461] {subprocess.py:75} INFO - Output:
[2023-07-30 11:45:09,539] {subprocess.py:79} INFO - id: ‘test_user’: no such user
[2023-07-30 11:45:09,547] {subprocess.py:79} INFO - bash: line 2: [1: command not found
[2023-07-30 11:45:09,619] {subprocess.py:79} INFO - 
[2023-07-30 11:45:09,621] {subprocess.py:79} INFO - We trust you have received the usual lecture from the local System
[2023-07-30 11:45:09,622] {subprocess.py:79} INFO - Administrator. It usually boils down to these three things:
[2023-07-30 11:45:09,623] {subprocess.py:79} INFO - 
[2023-07-30 11:45:09,624] {subprocess.py:79} INFO -     #1) Respect the privacy of others.
[2023-07-30 11:45:09,625] {subprocess.py:79} INFO -     #2) Think before you type.
[2023-07-30 11:45:09,628] {subprocess.py:79} INFO -     #3) With great power comes great responsibility.
[2023-07-30 11:45:09,629] {subprocess.py:79} INFO - 
[2023-07-30 11:45:09,629] {subprocess.py:79} INFO - sudo: no tty present and no askpass program specified
[2023-07-30 11:45:09,636] {subprocess.py:79} INFO - User created
[2023-07-30 11:45:09,639] {subprocess.py:83} INFO - Command exited with return code 0
[2023-07-30 11:45:09,706] {taskinstance.py:1204} INFO - Marking task as SUCCESS. dag_id=my_first_dag, task_id=create_user, execution_date=20230622T140105, start_date=20230730T114508, end_date=20230730T114509
[2023-07-30 11:45:09,785] {taskinstance.py:1265} INFO - 0 downstream tasks scheduled from follow-on schedule check
[2023-07-30 11:45:09,826] {local_task_job.py:151} INFO - Task exited with return code 0
