[2023-06-26 11:17:58,955] {taskinstance.py:896} INFO - Dependencies all met for <TaskInstance: my_first_dag.create_user 2023-06-13T02:01:20+00:00 [queued]>
[2023-06-26 11:17:58,986] {taskinstance.py:896} INFO - Dependencies all met for <TaskInstance: my_first_dag.create_user 2023-06-13T02:01:20+00:00 [queued]>
[2023-06-26 11:17:58,987] {taskinstance.py:1087} INFO - 
--------------------------------------------------------------------------------
[2023-06-26 11:17:58,988] {taskinstance.py:1088} INFO - Starting attempt 1 of 1
[2023-06-26 11:17:58,988] {taskinstance.py:1089} INFO - 
--------------------------------------------------------------------------------
[2023-06-26 11:17:59,043] {taskinstance.py:1107} INFO - Executing <Task(BashOperator): create_user> on 2023-06-13T02:01:20+00:00
[2023-06-26 11:17:59,048] {standard_task_runner.py:52} INFO - Started process 3061 to run task
[2023-06-26 11:17:59,062] {standard_task_runner.py:76} INFO - Running: ['airflow', 'tasks', 'run', 'my_first_dag', 'create_user', '2023-06-13T02:01:20+00:00', '--job-id', '148', '--pool', 'default_pool', '--raw', '--subdir', 'DAGS_FOLDER/data_ingestion_dag/test.py', '--cfg-path', '/tmp/tmpds_2l40n', '--error-file', '/tmp/tmpkox89exc']
[2023-06-26 11:17:59,063] {standard_task_runner.py:77} INFO - Job 148: Subtask create_user
[2023-06-26 11:17:59,163] {logging_mixin.py:104} INFO - Running <TaskInstance: my_first_dag.create_user 2023-06-13T02:01:20+00:00 [running]> on host d9c3ec86c3ab
[2023-06-26 11:17:59,307] {taskinstance.py:1300} INFO - Exporting the following env vars:
AIRFLOW_CTX_DAG_OWNER=airflow
AIRFLOW_CTX_DAG_ID=my_first_dag
AIRFLOW_CTX_TASK_ID=create_user
AIRFLOW_CTX_EXECUTION_DATE=2023-06-13T02:01:20+00:00
AIRFLOW_CTX_DAG_RUN_ID=scheduled__2023-06-13T02:01:20+00:00
[2023-06-26 11:17:59,311] {subprocess.py:52} INFO - Tmp dir root location: 
 /tmp
[2023-06-26 11:17:59,313] {subprocess.py:63} INFO - Running command: ['bash', '-c', '\nid -u test_user;\nif [$? -eq o];\n    then echo "User exists"\nelse sudo useradd -r test_user;\n    echo "User created";\nfi']
[2023-06-26 11:17:59,326] {subprocess.py:75} INFO - Output:
[2023-06-26 11:17:59,400] {subprocess.py:79} INFO - id: ‘test_user’: no such user
[2023-06-26 11:17:59,408] {subprocess.py:79} INFO - bash: line 2: [1: command not found
[2023-06-26 11:17:59,469] {subprocess.py:79} INFO - 
[2023-06-26 11:17:59,470] {subprocess.py:79} INFO - We trust you have received the usual lecture from the local System
[2023-06-26 11:17:59,470] {subprocess.py:79} INFO - Administrator. It usually boils down to these three things:
[2023-06-26 11:17:59,471] {subprocess.py:79} INFO - 
[2023-06-26 11:17:59,472] {subprocess.py:79} INFO -     #1) Respect the privacy of others.
[2023-06-26 11:17:59,472] {subprocess.py:79} INFO -     #2) Think before you type.
[2023-06-26 11:17:59,473] {subprocess.py:79} INFO -     #3) With great power comes great responsibility.
[2023-06-26 11:17:59,474] {subprocess.py:79} INFO - 
[2023-06-26 11:17:59,474] {subprocess.py:79} INFO - sudo: no tty present and no askpass program specified
[2023-06-26 11:17:59,481] {subprocess.py:79} INFO - User created
[2023-06-26 11:17:59,484] {subprocess.py:83} INFO - Command exited with return code 0
[2023-06-26 11:17:59,540] {taskinstance.py:1204} INFO - Marking task as SUCCESS. dag_id=my_first_dag, task_id=create_user, execution_date=20230613T020120, start_date=20230626T111758, end_date=20230626T111759
[2023-06-26 11:17:59,610] {taskinstance.py:1265} INFO - 0 downstream tasks scheduled from follow-on schedule check
[2023-06-26 11:17:59,632] {local_task_job.py:151} INFO - Task exited with return code 0
