[2023-07-30 12:13:38,706] {taskinstance.py:896} INFO - Dependencies all met for <TaskInstance: my_first_dag.create_user 2023-06-22T16:01:30+00:00 [queued]>
[2023-07-30 12:13:38,862] {taskinstance.py:896} INFO - Dependencies all met for <TaskInstance: my_first_dag.create_user 2023-06-22T16:01:30+00:00 [queued]>
[2023-07-30 12:13:38,863] {taskinstance.py:1087} INFO - 
--------------------------------------------------------------------------------
[2023-07-30 12:13:38,863] {taskinstance.py:1088} INFO - Starting attempt 1 of 1
[2023-07-30 12:13:38,864] {taskinstance.py:1089} INFO - 
--------------------------------------------------------------------------------
[2023-07-30 12:13:38,910] {taskinstance.py:1107} INFO - Executing <Task(BashOperator): create_user> on 2023-06-22T16:01:30+00:00
[2023-07-30 12:13:38,916] {standard_task_runner.py:52} INFO - Started process 4640 to run task
[2023-07-30 12:13:38,928] {standard_task_runner.py:76} INFO - Running: ['airflow', 'tasks', 'run', 'my_first_dag', 'create_user', '2023-06-22T16:01:30+00:00', '--job-id', '14093', '--pool', 'default_pool', '--raw', '--subdir', 'DAGS_FOLDER/data_ingestion_dag/test.py', '--cfg-path', '/tmp/tmpwal5hl50', '--error-file', '/tmp/tmpj3ba9tsn']
[2023-07-30 12:13:38,930] {standard_task_runner.py:77} INFO - Job 14093: Subtask create_user
[2023-07-30 12:13:39,026] {logging_mixin.py:104} INFO - Running <TaskInstance: my_first_dag.create_user 2023-06-22T16:01:30+00:00 [running]> on host fd6918d9d7f3
[2023-07-30 12:13:39,529] {taskinstance.py:1300} INFO - Exporting the following env vars:
AIRFLOW_CTX_DAG_OWNER=airflow
AIRFLOW_CTX_DAG_ID=my_first_dag
AIRFLOW_CTX_TASK_ID=create_user
AIRFLOW_CTX_EXECUTION_DATE=2023-06-22T16:01:30+00:00
AIRFLOW_CTX_DAG_RUN_ID=scheduled__2023-06-22T16:01:30+00:00
[2023-07-30 12:13:39,532] {subprocess.py:52} INFO - Tmp dir root location: 
 /tmp
[2023-07-30 12:13:39,534] {subprocess.py:63} INFO - Running command: ['bash', '-c', '\nid -u test_user;\nif [$? -eq o];\n    then echo "User exists"\nelse sudo useradd -r test_user;\n    echo "User created";\nfi']
[2023-07-30 12:13:39,547] {subprocess.py:75} INFO - Output:
[2023-07-30 12:13:39,620] {subprocess.py:79} INFO - id: ‘test_user’: no such user
[2023-07-30 12:13:39,628] {subprocess.py:79} INFO - bash: line 2: [1: command not found
[2023-07-30 12:13:39,690] {subprocess.py:79} INFO - 
[2023-07-30 12:13:39,691] {subprocess.py:79} INFO - We trust you have received the usual lecture from the local System
[2023-07-30 12:13:39,692] {subprocess.py:79} INFO - Administrator. It usually boils down to these three things:
[2023-07-30 12:13:39,692] {subprocess.py:79} INFO - 
[2023-07-30 12:13:39,693] {subprocess.py:79} INFO -     #1) Respect the privacy of others.
[2023-07-30 12:13:39,694] {subprocess.py:79} INFO -     #2) Think before you type.
[2023-07-30 12:13:39,694] {subprocess.py:79} INFO -     #3) With great power comes great responsibility.
[2023-07-30 12:13:39,695] {subprocess.py:79} INFO - 
[2023-07-30 12:13:39,695] {subprocess.py:79} INFO - sudo: no tty present and no askpass program specified
[2023-07-30 12:13:39,704] {subprocess.py:79} INFO - User created
[2023-07-30 12:13:39,707] {subprocess.py:83} INFO - Command exited with return code 0
[2023-07-30 12:13:39,766] {taskinstance.py:1204} INFO - Marking task as SUCCESS. dag_id=my_first_dag, task_id=create_user, execution_date=20230622T160130, start_date=20230730T121338, end_date=20230730T121339
[2023-07-30 12:13:39,841] {taskinstance.py:1265} INFO - 0 downstream tasks scheduled from follow-on schedule check
[2023-07-30 12:13:39,864] {local_task_job.py:151} INFO - Task exited with return code 0
