[2023-07-30 12:31:02,309] {taskinstance.py:896} INFO - Dependencies all met for <TaskInstance: my_first_dag.create_user 2023-06-22T17:01:56+00:00 [queued]>
[2023-07-30 12:31:02,500] {taskinstance.py:896} INFO - Dependencies all met for <TaskInstance: my_first_dag.create_user 2023-06-22T17:01:56+00:00 [queued]>
[2023-07-30 12:31:02,501] {taskinstance.py:1087} INFO - 
--------------------------------------------------------------------------------
[2023-07-30 12:31:02,502] {taskinstance.py:1088} INFO - Starting attempt 1 of 1
[2023-07-30 12:31:02,502] {taskinstance.py:1089} INFO - 
--------------------------------------------------------------------------------
[2023-07-30 12:31:02,551] {taskinstance.py:1107} INFO - Executing <Task(BashOperator): create_user> on 2023-06-22T17:01:56+00:00
[2023-07-30 12:31:02,564] {standard_task_runner.py:52} INFO - Started process 6538 to run task
[2023-07-30 12:31:02,582] {standard_task_runner.py:76} INFO - Running: ['airflow', 'tasks', 'run', 'my_first_dag', 'create_user', '2023-06-22T17:01:56+00:00', '--job-id', '14180', '--pool', 'default_pool', '--raw', '--subdir', 'DAGS_FOLDER/data_ingestion_dag/test.py', '--cfg-path', '/tmp/tmphmcoojwt', '--error-file', '/tmp/tmp674oyxyn']
[2023-07-30 12:31:02,584] {standard_task_runner.py:77} INFO - Job 14180: Subtask create_user
[2023-07-30 12:31:02,730] {logging_mixin.py:104} INFO - Running <TaskInstance: my_first_dag.create_user 2023-06-22T17:01:56+00:00 [running]> on host fd6918d9d7f3
[2023-07-30 12:31:03,302] {taskinstance.py:1300} INFO - Exporting the following env vars:
AIRFLOW_CTX_DAG_OWNER=airflow
AIRFLOW_CTX_DAG_ID=my_first_dag
AIRFLOW_CTX_TASK_ID=create_user
AIRFLOW_CTX_EXECUTION_DATE=2023-06-22T17:01:56+00:00
AIRFLOW_CTX_DAG_RUN_ID=scheduled__2023-06-22T17:01:56+00:00
[2023-07-30 12:31:03,305] {subprocess.py:52} INFO - Tmp dir root location: 
 /tmp
[2023-07-30 12:31:03,306] {subprocess.py:63} INFO - Running command: ['bash', '-c', '\nid -u test_user;\nif [$? -eq o];\n    then echo "User exists"\nelse sudo useradd -r test_user;\n    echo "User created";\nfi']
[2023-07-30 12:31:03,322] {subprocess.py:75} INFO - Output:
[2023-07-30 12:31:03,405] {subprocess.py:79} INFO - id: ‘test_user’: no such user
[2023-07-30 12:31:03,414] {subprocess.py:79} INFO - bash: line 2: [1: command not found
[2023-07-30 12:31:03,488] {subprocess.py:79} INFO - 
[2023-07-30 12:31:03,489] {subprocess.py:79} INFO - We trust you have received the usual lecture from the local System
[2023-07-30 12:31:03,490] {subprocess.py:79} INFO - Administrator. It usually boils down to these three things:
[2023-07-30 12:31:03,491] {subprocess.py:79} INFO - 
[2023-07-30 12:31:03,493] {subprocess.py:79} INFO -     #1) Respect the privacy of others.
[2023-07-30 12:31:03,494] {subprocess.py:79} INFO -     #2) Think before you type.
[2023-07-30 12:31:03,495] {subprocess.py:79} INFO -     #3) With great power comes great responsibility.
[2023-07-30 12:31:03,496] {subprocess.py:79} INFO - 
[2023-07-30 12:31:03,496] {subprocess.py:79} INFO - sudo: no tty present and no askpass program specified
[2023-07-30 12:31:03,504] {subprocess.py:79} INFO - User created
[2023-07-30 12:31:03,508] {subprocess.py:83} INFO - Command exited with return code 0
[2023-07-30 12:31:03,576] {taskinstance.py:1204} INFO - Marking task as SUCCESS. dag_id=my_first_dag, task_id=create_user, execution_date=20230622T170156, start_date=20230730T123102, end_date=20230730T123103
[2023-07-30 12:31:03,663] {taskinstance.py:1265} INFO - 0 downstream tasks scheduled from follow-on schedule check
[2023-07-30 12:31:03,677] {local_task_job.py:151} INFO - Task exited with return code 0
