[2023-06-29 07:35:52,659] {taskinstance.py:896} INFO - Dependencies all met for <TaskInstance: my_first_dag.create_user 2023-06-16T02:01:58+00:00 [queued]>
[2023-06-29 07:35:52,780] {taskinstance.py:896} INFO - Dependencies all met for <TaskInstance: my_first_dag.create_user 2023-06-16T02:01:58+00:00 [queued]>
[2023-06-29 07:35:52,781] {taskinstance.py:1087} INFO - 
--------------------------------------------------------------------------------
[2023-06-29 07:35:52,782] {taskinstance.py:1088} INFO - Starting attempt 1 of 1
[2023-06-29 07:35:52,783] {taskinstance.py:1089} INFO - 
--------------------------------------------------------------------------------
[2023-06-29 07:35:52,852] {taskinstance.py:1107} INFO - Executing <Task(BashOperator): create_user> on 2023-06-16T02:01:58+00:00
[2023-06-29 07:35:52,862] {standard_task_runner.py:52} INFO - Started process 19598 to run task
[2023-06-29 07:35:52,876] {standard_task_runner.py:76} INFO - Running: ['airflow', 'tasks', 'run', 'my_first_dag', 'create_user', '2023-06-16T02:01:58+00:00', '--job-id', '4550', '--pool', 'default_pool', '--raw', '--subdir', 'DAGS_FOLDER/data_ingestion_dag/test.py', '--cfg-path', '/tmp/tmpjb19x25_', '--error-file', '/tmp/tmpix5z7lzv']
[2023-06-29 07:35:52,879] {standard_task_runner.py:77} INFO - Job 4550: Subtask create_user
[2023-06-29 07:35:53,017] {logging_mixin.py:104} INFO - Running <TaskInstance: my_first_dag.create_user 2023-06-16T02:01:58+00:00 [running]> on host d9c3ec86c3ab
[2023-06-29 07:35:53,456] {taskinstance.py:1300} INFO - Exporting the following env vars:
AIRFLOW_CTX_DAG_OWNER=airflow
AIRFLOW_CTX_DAG_ID=my_first_dag
AIRFLOW_CTX_TASK_ID=create_user
AIRFLOW_CTX_EXECUTION_DATE=2023-06-16T02:01:58+00:00
AIRFLOW_CTX_DAG_RUN_ID=scheduled__2023-06-16T02:01:58+00:00
[2023-06-29 07:35:53,463] {subprocess.py:52} INFO - Tmp dir root location: 
 /tmp
[2023-06-29 07:35:53,465] {subprocess.py:63} INFO - Running command: ['bash', '-c', '\nid -u test_user;\nif [$? -eq o];\n    then echo "User exists"\nelse sudo useradd -r test_user;\n    echo "User created";\nfi']
[2023-06-29 07:35:53,485] {subprocess.py:75} INFO - Output:
[2023-06-29 07:35:53,578] {subprocess.py:79} INFO - id: ‘test_user’: no such user
[2023-06-29 07:35:53,588] {subprocess.py:79} INFO - bash: line 2: [1: command not found
[2023-06-29 07:35:53,672] {subprocess.py:79} INFO - 
[2023-06-29 07:35:53,674] {subprocess.py:79} INFO - We trust you have received the usual lecture from the local System
[2023-06-29 07:35:53,676] {subprocess.py:79} INFO - Administrator. It usually boils down to these three things:
[2023-06-29 07:35:53,678] {subprocess.py:79} INFO - 
[2023-06-29 07:35:53,680] {subprocess.py:79} INFO -     #1) Respect the privacy of others.
[2023-06-29 07:35:53,683] {subprocess.py:79} INFO -     #2) Think before you type.
[2023-06-29 07:35:53,685] {subprocess.py:79} INFO -     #3) With great power comes great responsibility.
[2023-06-29 07:35:53,687] {subprocess.py:79} INFO - 
[2023-06-29 07:35:53,689] {subprocess.py:79} INFO - sudo: no tty present and no askpass program specified
[2023-06-29 07:35:53,693] {subprocess.py:79} INFO - User created
[2023-06-29 07:35:53,698] {subprocess.py:83} INFO - Command exited with return code 0
[2023-06-29 07:35:53,831] {taskinstance.py:1204} INFO - Marking task as SUCCESS. dag_id=my_first_dag, task_id=create_user, execution_date=20230616T020158, start_date=20230629T073552, end_date=20230629T073553
[2023-06-29 07:35:54,011] {taskinstance.py:1265} INFO - 0 downstream tasks scheduled from follow-on schedule check
[2023-06-29 07:35:54,058] {local_task_job.py:151} INFO - Task exited with return code 0
