[2023-06-27 08:17:02,704] {taskinstance.py:896} INFO - Dependencies all met for <TaskInstance: my_first_dag.create_user 2023-06-14T13:01:14+00:00 [queued]>
[2023-06-27 08:17:02,762] {taskinstance.py:896} INFO - Dependencies all met for <TaskInstance: my_first_dag.create_user 2023-06-14T13:01:14+00:00 [queued]>
[2023-06-27 08:17:02,763] {taskinstance.py:1087} INFO - 
--------------------------------------------------------------------------------
[2023-06-27 08:17:02,764] {taskinstance.py:1088} INFO - Starting attempt 1 of 1
[2023-06-27 08:17:02,764] {taskinstance.py:1089} INFO - 
--------------------------------------------------------------------------------
[2023-06-27 08:17:02,820] {taskinstance.py:1107} INFO - Executing <Task(BashOperator): create_user> on 2023-06-14T13:01:14+00:00
[2023-06-27 08:17:02,826] {standard_task_runner.py:52} INFO - Started process 47466 to run task
[2023-06-27 08:17:02,837] {standard_task_runner.py:76} INFO - Running: ['airflow', 'tasks', 'run', 'my_first_dag', 'create_user', '2023-06-14T13:01:14+00:00', '--job-id', '2259', '--pool', 'default_pool', '--raw', '--subdir', 'DAGS_FOLDER/data_ingestion_dag/test.py', '--cfg-path', '/tmp/tmp90cqvk3m', '--error-file', '/tmp/tmpybr6608j']
[2023-06-27 08:17:02,839] {standard_task_runner.py:77} INFO - Job 2259: Subtask create_user
[2023-06-27 08:17:02,950] {logging_mixin.py:104} INFO - Running <TaskInstance: my_first_dag.create_user 2023-06-14T13:01:14+00:00 [running]> on host d9c3ec86c3ab
[2023-06-27 08:17:03,147] {taskinstance.py:1300} INFO - Exporting the following env vars:
AIRFLOW_CTX_DAG_OWNER=airflow
AIRFLOW_CTX_DAG_ID=my_first_dag
AIRFLOW_CTX_TASK_ID=create_user
AIRFLOW_CTX_EXECUTION_DATE=2023-06-14T13:01:14+00:00
AIRFLOW_CTX_DAG_RUN_ID=scheduled__2023-06-14T13:01:14+00:00
[2023-06-27 08:17:03,150] {subprocess.py:52} INFO - Tmp dir root location: 
 /tmp
[2023-06-27 08:17:03,152] {subprocess.py:63} INFO - Running command: ['bash', '-c', '\nid -u test_user;\nif [$? -eq o];\n    then echo "User exists"\nelse sudo useradd -r test_user;\n    echo "User created";\nfi']
[2023-06-27 08:17:03,164] {subprocess.py:75} INFO - Output:
[2023-06-27 08:17:03,236] {subprocess.py:79} INFO - id: ‘test_user’: no such user
[2023-06-27 08:17:03,244] {subprocess.py:79} INFO - bash: line 2: [1: command not found
[2023-06-27 08:17:03,310] {subprocess.py:79} INFO - 
[2023-06-27 08:17:03,312] {subprocess.py:79} INFO - We trust you have received the usual lecture from the local System
[2023-06-27 08:17:03,313] {subprocess.py:79} INFO - Administrator. It usually boils down to these three things:
[2023-06-27 08:17:03,316] {subprocess.py:79} INFO - 
[2023-06-27 08:17:03,319] {subprocess.py:79} INFO -     #1) Respect the privacy of others.
[2023-06-27 08:17:03,335] {subprocess.py:79} INFO -     #2) Think before you type.
[2023-06-27 08:17:03,337] {subprocess.py:79} INFO -     #3) With great power comes great responsibility.
[2023-06-27 08:17:03,338] {subprocess.py:79} INFO - 
[2023-06-27 08:17:03,339] {subprocess.py:79} INFO - sudo: no tty present and no askpass program specified
[2023-06-27 08:17:03,340] {subprocess.py:79} INFO - User created
[2023-06-27 08:17:03,343] {subprocess.py:83} INFO - Command exited with return code 0
[2023-06-27 08:17:03,434] {taskinstance.py:1204} INFO - Marking task as SUCCESS. dag_id=my_first_dag, task_id=create_user, execution_date=20230614T130114, start_date=20230627T081702, end_date=20230627T081703
[2023-06-27 08:17:03,533] {taskinstance.py:1265} INFO - 0 downstream tasks scheduled from follow-on schedule check
[2023-06-27 08:17:03,574] {local_task_job.py:151} INFO - Task exited with return code 0
