[2023-07-11 12:08:44,359] {taskinstance.py:896} INFO - Dependencies all met for <TaskInstance: my_first_dag.create_user 2023-06-17T14:01:56+00:00 [queued]>
[2023-07-11 12:08:44,458] {taskinstance.py:896} INFO - Dependencies all met for <TaskInstance: my_first_dag.create_user 2023-06-17T14:01:56+00:00 [queued]>
[2023-07-11 12:08:44,459] {taskinstance.py:1087} INFO - 
--------------------------------------------------------------------------------
[2023-07-11 12:08:44,460] {taskinstance.py:1088} INFO - Starting attempt 1 of 1
[2023-07-11 12:08:44,460] {taskinstance.py:1089} INFO - 
--------------------------------------------------------------------------------
[2023-07-11 12:08:44,508] {taskinstance.py:1107} INFO - Executing <Task(BashOperator): create_user> on 2023-06-17T14:01:56+00:00
[2023-07-11 12:08:44,514] {standard_task_runner.py:52} INFO - Started process 21140 to run task
[2023-07-11 12:08:44,527] {standard_task_runner.py:76} INFO - Running: ['airflow', 'tasks', 'run', 'my_first_dag', 'create_user', '2023-06-17T14:01:56+00:00', '--job-id', '6719', '--pool', 'default_pool', '--raw', '--subdir', 'DAGS_FOLDER/data_ingestion_dag/test.py', '--cfg-path', '/tmp/tmp042htq8q', '--error-file', '/tmp/tmp1cxies8y']
[2023-07-11 12:08:44,529] {standard_task_runner.py:77} INFO - Job 6719: Subtask create_user
[2023-07-11 12:08:44,631] {logging_mixin.py:104} INFO - Running <TaskInstance: my_first_dag.create_user 2023-06-17T14:01:56+00:00 [running]> on host d9c3ec86c3ab
[2023-07-11 12:08:44,905] {taskinstance.py:1300} INFO - Exporting the following env vars:
AIRFLOW_CTX_DAG_OWNER=airflow
AIRFLOW_CTX_DAG_ID=my_first_dag
AIRFLOW_CTX_TASK_ID=create_user
AIRFLOW_CTX_EXECUTION_DATE=2023-06-17T14:01:56+00:00
AIRFLOW_CTX_DAG_RUN_ID=scheduled__2023-06-17T14:01:56+00:00
[2023-07-11 12:08:44,908] {subprocess.py:52} INFO - Tmp dir root location: 
 /tmp
[2023-07-11 12:08:44,910] {subprocess.py:63} INFO - Running command: ['bash', '-c', '\nid -u test_user;\nif [$? -eq o];\n    then echo "User exists"\nelse sudo useradd -r test_user;\n    echo "User created";\nfi']
[2023-07-11 12:08:44,922] {subprocess.py:75} INFO - Output:
[2023-07-11 12:08:44,994] {subprocess.py:79} INFO - id: ‘test_user’: no such user
[2023-07-11 12:08:45,001] {subprocess.py:79} INFO - bash: line 2: [1: command not found
[2023-07-11 12:08:45,065] {subprocess.py:79} INFO - 
[2023-07-11 12:08:45,066] {subprocess.py:79} INFO - We trust you have received the usual lecture from the local System
[2023-07-11 12:08:45,067] {subprocess.py:79} INFO - Administrator. It usually boils down to these three things:
[2023-07-11 12:08:45,067] {subprocess.py:79} INFO - 
[2023-07-11 12:08:45,068] {subprocess.py:79} INFO -     #1) Respect the privacy of others.
[2023-07-11 12:08:45,069] {subprocess.py:79} INFO -     #2) Think before you type.
[2023-07-11 12:08:45,070] {subprocess.py:79} INFO -     #3) With great power comes great responsibility.
[2023-07-11 12:08:45,071] {subprocess.py:79} INFO - 
[2023-07-11 12:08:45,072] {subprocess.py:79} INFO - sudo: no tty present and no askpass program specified
[2023-07-11 12:08:45,078] {subprocess.py:79} INFO - User created
[2023-07-11 12:08:45,082] {subprocess.py:83} INFO - Command exited with return code 0
[2023-07-11 12:08:45,146] {taskinstance.py:1204} INFO - Marking task as SUCCESS. dag_id=my_first_dag, task_id=create_user, execution_date=20230617T140156, start_date=20230711T120844, end_date=20230711T120845
[2023-07-11 12:08:45,228] {taskinstance.py:1265} INFO - 0 downstream tasks scheduled from follow-on schedule check
[2023-07-11 12:08:45,261] {local_task_job.py:151} INFO - Task exited with return code 0
