[2023-06-26 10:58:49,994] {taskinstance.py:896} INFO - Dependencies all met for <TaskInstance: my_first_dag.create_user 2023-06-13T00:01:26+00:00 [queued]>
[2023-06-26 10:58:50,025] {taskinstance.py:896} INFO - Dependencies all met for <TaskInstance: my_first_dag.create_user 2023-06-13T00:01:26+00:00 [queued]>
[2023-06-26 10:58:50,026] {taskinstance.py:1087} INFO - 
--------------------------------------------------------------------------------
[2023-06-26 10:58:50,026] {taskinstance.py:1088} INFO - Starting attempt 1 of 1
[2023-06-26 10:58:50,027] {taskinstance.py:1089} INFO - 
--------------------------------------------------------------------------------
[2023-06-26 10:58:50,076] {taskinstance.py:1107} INFO - Executing <Task(BashOperator): create_user> on 2023-06-13T00:01:26+00:00
[2023-06-26 10:58:50,080] {standard_task_runner.py:52} INFO - Started process 685 to run task
[2023-06-26 10:58:50,091] {standard_task_runner.py:76} INFO - Running: ['airflow', 'tasks', 'run', 'my_first_dag', 'create_user', '2023-06-13T00:01:26+00:00', '--job-id', '34', '--pool', 'default_pool', '--raw', '--subdir', 'DAGS_FOLDER/data_ingestion_dag/test.py', '--cfg-path', '/tmp/tmpco2tzdy1', '--error-file', '/tmp/tmpxz628oxa']
[2023-06-26 10:58:50,093] {standard_task_runner.py:77} INFO - Job 34: Subtask create_user
[2023-06-26 10:58:50,188] {logging_mixin.py:104} INFO - Running <TaskInstance: my_first_dag.create_user 2023-06-13T00:01:26+00:00 [running]> on host d9c3ec86c3ab
[2023-06-26 10:58:50,329] {taskinstance.py:1300} INFO - Exporting the following env vars:
AIRFLOW_CTX_DAG_OWNER=airflow
AIRFLOW_CTX_DAG_ID=my_first_dag
AIRFLOW_CTX_TASK_ID=create_user
AIRFLOW_CTX_EXECUTION_DATE=2023-06-13T00:01:26+00:00
AIRFLOW_CTX_DAG_RUN_ID=scheduled__2023-06-13T00:01:26+00:00
[2023-06-26 10:58:50,332] {subprocess.py:52} INFO - Tmp dir root location: 
 /tmp
[2023-06-26 10:58:50,333] {subprocess.py:63} INFO - Running command: ['bash', '-c', '\nid -u test_user;\nif [$? -eq o];\n    then echo "User exists"\nelse sudo useradd -r test_user;\n    echo "User created";\nfi']
[2023-06-26 10:58:50,345] {subprocess.py:75} INFO - Output:
[2023-06-26 10:58:50,416] {subprocess.py:79} INFO - id: ‘test_user’: no such user
[2023-06-26 10:58:50,423] {subprocess.py:79} INFO - bash: line 2: [1: command not found
[2023-06-26 10:58:50,483] {subprocess.py:79} INFO - 
[2023-06-26 10:58:50,484] {subprocess.py:79} INFO - We trust you have received the usual lecture from the local System
[2023-06-26 10:58:50,485] {subprocess.py:79} INFO - Administrator. It usually boils down to these three things:
[2023-06-26 10:58:50,485] {subprocess.py:79} INFO - 
[2023-06-26 10:58:50,486] {subprocess.py:79} INFO -     #1) Respect the privacy of others.
[2023-06-26 10:58:50,487] {subprocess.py:79} INFO -     #2) Think before you type.
[2023-06-26 10:58:50,487] {subprocess.py:79} INFO -     #3) With great power comes great responsibility.
[2023-06-26 10:58:50,488] {subprocess.py:79} INFO - 
[2023-06-26 10:58:50,489] {subprocess.py:79} INFO - sudo: no tty present and no askpass program specified
[2023-06-26 10:58:50,496] {subprocess.py:79} INFO - User created
[2023-06-26 10:58:50,499] {subprocess.py:83} INFO - Command exited with return code 0
[2023-06-26 10:58:50,551] {taskinstance.py:1204} INFO - Marking task as SUCCESS. dag_id=my_first_dag, task_id=create_user, execution_date=20230613T000126, start_date=20230626T105849, end_date=20230626T105850
[2023-06-26 10:58:50,617] {taskinstance.py:1265} INFO - 0 downstream tasks scheduled from follow-on schedule check
[2023-06-26 10:58:50,667] {local_task_job.py:151} INFO - Task exited with return code 0
