[2023-07-14 05:08:11,822] {taskinstance.py:896} INFO - Dependencies all met for <TaskInstance: my_first_dag.create_user 2023-06-21T01:01:40+00:00 [queued]>
[2023-07-14 05:08:11,957] {taskinstance.py:896} INFO - Dependencies all met for <TaskInstance: my_first_dag.create_user 2023-06-21T01:01:40+00:00 [queued]>
[2023-07-14 05:08:11,958] {taskinstance.py:1087} INFO - 
--------------------------------------------------------------------------------
[2023-07-14 05:08:11,958] {taskinstance.py:1088} INFO - Starting attempt 1 of 1
[2023-07-14 05:08:11,959] {taskinstance.py:1089} INFO - 
--------------------------------------------------------------------------------
[2023-07-14 05:08:12,021] {taskinstance.py:1107} INFO - Executing <Task(BashOperator): create_user> on 2023-06-21T01:01:40+00:00
[2023-07-14 05:08:12,026] {standard_task_runner.py:52} INFO - Started process 10500 to run task
[2023-07-14 05:08:12,039] {standard_task_runner.py:76} INFO - Running: ['airflow', 'tasks', 'run', 'my_first_dag', 'create_user', '2023-06-21T01:01:40+00:00', '--job-id', '11739', '--pool', 'default_pool', '--raw', '--subdir', 'DAGS_FOLDER/data_ingestion_dag/test.py', '--cfg-path', '/tmp/tmpa3tym72x', '--error-file', '/tmp/tmpwhykud9w']
[2023-07-14 05:08:12,041] {standard_task_runner.py:77} INFO - Job 11739: Subtask create_user
[2023-07-14 05:08:12,138] {logging_mixin.py:104} INFO - Running <TaskInstance: my_first_dag.create_user 2023-06-21T01:01:40+00:00 [running]> on host d9c3ec86c3ab
[2023-07-14 05:08:12,576] {taskinstance.py:1300} INFO - Exporting the following env vars:
AIRFLOW_CTX_DAG_OWNER=airflow
AIRFLOW_CTX_DAG_ID=my_first_dag
AIRFLOW_CTX_TASK_ID=create_user
AIRFLOW_CTX_EXECUTION_DATE=2023-06-21T01:01:40+00:00
AIRFLOW_CTX_DAG_RUN_ID=scheduled__2023-06-21T01:01:40+00:00
[2023-07-14 05:08:12,579] {subprocess.py:52} INFO - Tmp dir root location: 
 /tmp
[2023-07-14 05:08:12,581] {subprocess.py:63} INFO - Running command: ['bash', '-c', '\nid -u test_user;\nif [$? -eq o];\n    then echo "User exists"\nelse sudo useradd -r test_user;\n    echo "User created";\nfi']
[2023-07-14 05:08:12,593] {subprocess.py:75} INFO - Output:
[2023-07-14 05:08:12,669] {subprocess.py:79} INFO - id: ‘test_user’: no such user
[2023-07-14 05:08:12,677] {subprocess.py:79} INFO - bash: line 2: [1: command not found
[2023-07-14 05:08:12,740] {subprocess.py:79} INFO - 
[2023-07-14 05:08:12,741] {subprocess.py:79} INFO - We trust you have received the usual lecture from the local System
[2023-07-14 05:08:12,742] {subprocess.py:79} INFO - Administrator. It usually boils down to these three things:
[2023-07-14 05:08:12,743] {subprocess.py:79} INFO - 
[2023-07-14 05:08:12,743] {subprocess.py:79} INFO -     #1) Respect the privacy of others.
[2023-07-14 05:08:12,744] {subprocess.py:79} INFO -     #2) Think before you type.
[2023-07-14 05:08:12,745] {subprocess.py:79} INFO -     #3) With great power comes great responsibility.
[2023-07-14 05:08:12,746] {subprocess.py:79} INFO - 
[2023-07-14 05:08:12,746] {subprocess.py:79} INFO - sudo: no tty present and no askpass program specified
[2023-07-14 05:08:12,754] {subprocess.py:79} INFO - User created
[2023-07-14 05:08:12,757] {subprocess.py:83} INFO - Command exited with return code 0
[2023-07-14 05:08:12,833] {taskinstance.py:1204} INFO - Marking task as SUCCESS. dag_id=my_first_dag, task_id=create_user, execution_date=20230621T010140, start_date=20230714T050811, end_date=20230714T050812
[2023-07-14 05:08:12,910] {taskinstance.py:1265} INFO - 0 downstream tasks scheduled from follow-on schedule check
[2023-07-14 05:08:12,941] {local_task_job.py:151} INFO - Task exited with return code 0
