[2023-06-26 11:43:36,770] {taskinstance.py:896} INFO - Dependencies all met for <TaskInstance: my_first_dag.create_user 2023-06-13T04:01:49+00:00 [queued]>
[2023-06-26 11:43:36,815] {taskinstance.py:896} INFO - Dependencies all met for <TaskInstance: my_first_dag.create_user 2023-06-13T04:01:49+00:00 [queued]>
[2023-06-26 11:43:36,815] {taskinstance.py:1087} INFO - 
--------------------------------------------------------------------------------
[2023-06-26 11:43:36,816] {taskinstance.py:1088} INFO - Starting attempt 1 of 1
[2023-06-26 11:43:36,817] {taskinstance.py:1089} INFO - 
--------------------------------------------------------------------------------
[2023-06-26 11:43:36,869] {taskinstance.py:1107} INFO - Executing <Task(BashOperator): create_user> on 2023-06-13T04:01:49+00:00
[2023-06-26 11:43:36,874] {standard_task_runner.py:52} INFO - Started process 6181 to run task
[2023-06-26 11:43:36,892] {standard_task_runner.py:76} INFO - Running: ['airflow', 'tasks', 'run', 'my_first_dag', 'create_user', '2023-06-13T04:01:49+00:00', '--job-id', '297', '--pool', 'default_pool', '--raw', '--subdir', 'DAGS_FOLDER/data_ingestion_dag/test.py', '--cfg-path', '/tmp/tmpfrt2e_9n', '--error-file', '/tmp/tmp7kuybbdn']
[2023-06-26 11:43:36,898] {standard_task_runner.py:77} INFO - Job 297: Subtask create_user
[2023-06-26 11:43:37,023] {logging_mixin.py:104} INFO - Running <TaskInstance: my_first_dag.create_user 2023-06-13T04:01:49+00:00 [running]> on host d9c3ec86c3ab
[2023-06-26 11:43:37,180] {taskinstance.py:1300} INFO - Exporting the following env vars:
AIRFLOW_CTX_DAG_OWNER=airflow
AIRFLOW_CTX_DAG_ID=my_first_dag
AIRFLOW_CTX_TASK_ID=create_user
AIRFLOW_CTX_EXECUTION_DATE=2023-06-13T04:01:49+00:00
AIRFLOW_CTX_DAG_RUN_ID=scheduled__2023-06-13T04:01:49+00:00
[2023-06-26 11:43:37,182] {subprocess.py:52} INFO - Tmp dir root location: 
 /tmp
[2023-06-26 11:43:37,184] {subprocess.py:63} INFO - Running command: ['bash', '-c', '\nid -u test_user;\nif [$? -eq o];\n    then echo "User exists"\nelse sudo useradd -r test_user;\n    echo "User created";\nfi']
[2023-06-26 11:43:37,195] {subprocess.py:75} INFO - Output:
[2023-06-26 11:43:37,265] {subprocess.py:79} INFO - id: ‘test_user’: no such user
[2023-06-26 11:43:37,272] {subprocess.py:79} INFO - bash: line 2: [1: command not found
[2023-06-26 11:43:37,338] {subprocess.py:79} INFO - 
[2023-06-26 11:43:37,340] {subprocess.py:79} INFO - We trust you have received the usual lecture from the local System
[2023-06-26 11:43:37,341] {subprocess.py:79} INFO - Administrator. It usually boils down to these three things:
[2023-06-26 11:43:37,343] {subprocess.py:79} INFO - 
[2023-06-26 11:43:37,344] {subprocess.py:79} INFO -     #1) Respect the privacy of others.
[2023-06-26 11:43:37,345] {subprocess.py:79} INFO -     #2) Think before you type.
[2023-06-26 11:43:37,346] {subprocess.py:79} INFO -     #3) With great power comes great responsibility.
[2023-06-26 11:43:37,347] {subprocess.py:79} INFO - 
[2023-06-26 11:43:37,349] {subprocess.py:79} INFO - sudo: no tty present and no askpass program specified
[2023-06-26 11:43:37,354] {subprocess.py:79} INFO - User created
[2023-06-26 11:43:37,357] {subprocess.py:83} INFO - Command exited with return code 0
[2023-06-26 11:43:37,416] {taskinstance.py:1204} INFO - Marking task as SUCCESS. dag_id=my_first_dag, task_id=create_user, execution_date=20230613T040149, start_date=20230626T114336, end_date=20230626T114337
[2023-06-26 11:43:37,496] {taskinstance.py:1265} INFO - 0 downstream tasks scheduled from follow-on schedule check
[2023-06-26 11:43:37,512] {local_task_job.py:151} INFO - Task exited with return code 0
