[2023-07-14 07:20:30,925] {taskinstance.py:896} INFO - Dependencies all met for <TaskInstance: my_first_dag.create_user 2023-06-21T12:01:44+00:00 [queued]>
[2023-07-14 07:20:31,060] {taskinstance.py:896} INFO - Dependencies all met for <TaskInstance: my_first_dag.create_user 2023-06-21T12:01:44+00:00 [queued]>
[2023-07-14 07:20:31,061] {taskinstance.py:1087} INFO - 
--------------------------------------------------------------------------------
[2023-07-14 07:20:31,061] {taskinstance.py:1088} INFO - Starting attempt 1 of 1
[2023-07-14 07:20:31,062] {taskinstance.py:1089} INFO - 
--------------------------------------------------------------------------------
[2023-07-14 07:20:31,128] {taskinstance.py:1107} INFO - Executing <Task(BashOperator): create_user> on 2023-06-21T12:01:44+00:00
[2023-07-14 07:20:31,133] {standard_task_runner.py:52} INFO - Started process 24684 to run task
[2023-07-14 07:20:31,145] {standard_task_runner.py:76} INFO - Running: ['airflow', 'tasks', 'run', 'my_first_dag', 'create_user', '2023-06-21T12:01:44+00:00', '--job-id', '12405', '--pool', 'default_pool', '--raw', '--subdir', 'DAGS_FOLDER/data_ingestion_dag/test.py', '--cfg-path', '/tmp/tmpc_3npf6q', '--error-file', '/tmp/tmpoah_lgqw']
[2023-07-14 07:20:31,147] {standard_task_runner.py:77} INFO - Job 12405: Subtask create_user
[2023-07-14 07:20:31,244] {logging_mixin.py:104} INFO - Running <TaskInstance: my_first_dag.create_user 2023-06-21T12:01:44+00:00 [running]> on host d9c3ec86c3ab
[2023-07-14 07:20:31,700] {taskinstance.py:1300} INFO - Exporting the following env vars:
AIRFLOW_CTX_DAG_OWNER=airflow
AIRFLOW_CTX_DAG_ID=my_first_dag
AIRFLOW_CTX_TASK_ID=create_user
AIRFLOW_CTX_EXECUTION_DATE=2023-06-21T12:01:44+00:00
AIRFLOW_CTX_DAG_RUN_ID=scheduled__2023-06-21T12:01:44+00:00
[2023-07-14 07:20:31,702] {subprocess.py:52} INFO - Tmp dir root location: 
 /tmp
[2023-07-14 07:20:31,704] {subprocess.py:63} INFO - Running command: ['bash', '-c', '\nid -u test_user;\nif [$? -eq o];\n    then echo "User exists"\nelse sudo useradd -r test_user;\n    echo "User created";\nfi']
[2023-07-14 07:20:31,716] {subprocess.py:75} INFO - Output:
[2023-07-14 07:20:31,786] {subprocess.py:79} INFO - id: ‘test_user’: no such user
[2023-07-14 07:20:31,793] {subprocess.py:79} INFO - bash: line 2: [1: command not found
[2023-07-14 07:20:31,855] {subprocess.py:79} INFO - 
[2023-07-14 07:20:31,856] {subprocess.py:79} INFO - We trust you have received the usual lecture from the local System
[2023-07-14 07:20:31,857] {subprocess.py:79} INFO - Administrator. It usually boils down to these three things:
[2023-07-14 07:20:31,857] {subprocess.py:79} INFO - 
[2023-07-14 07:20:31,858] {subprocess.py:79} INFO -     #1) Respect the privacy of others.
[2023-07-14 07:20:31,859] {subprocess.py:79} INFO -     #2) Think before you type.
[2023-07-14 07:20:31,859] {subprocess.py:79} INFO -     #3) With great power comes great responsibility.
[2023-07-14 07:20:31,860] {subprocess.py:79} INFO - 
[2023-07-14 07:20:31,861] {subprocess.py:79} INFO - sudo: no tty present and no askpass program specified
[2023-07-14 07:20:31,868] {subprocess.py:79} INFO - User created
[2023-07-14 07:20:31,871] {subprocess.py:83} INFO - Command exited with return code 0
[2023-07-14 07:20:31,946] {taskinstance.py:1204} INFO - Marking task as SUCCESS. dag_id=my_first_dag, task_id=create_user, execution_date=20230621T120144, start_date=20230714T072030, end_date=20230714T072031
[2023-07-14 07:20:32,021] {taskinstance.py:1265} INFO - 0 downstream tasks scheduled from follow-on schedule check
[2023-07-14 07:20:32,043] {local_task_job.py:151} INFO - Task exited with return code 0
