[2023-07-12 10:44:19,484] {taskinstance.py:896} INFO - Dependencies all met for <TaskInstance: my_first_dag.create_user 2023-06-18T21:01:15+00:00 [queued]>
[2023-07-12 10:44:19,596] {taskinstance.py:896} INFO - Dependencies all met for <TaskInstance: my_first_dag.create_user 2023-06-18T21:01:15+00:00 [queued]>
[2023-07-12 10:44:19,597] {taskinstance.py:1087} INFO - 
--------------------------------------------------------------------------------
[2023-07-12 10:44:19,598] {taskinstance.py:1088} INFO - Starting attempt 1 of 1
[2023-07-12 10:44:19,598] {taskinstance.py:1089} INFO - 
--------------------------------------------------------------------------------
[2023-07-12 10:44:19,649] {taskinstance.py:1107} INFO - Executing <Task(BashOperator): create_user> on 2023-06-18T21:01:15+00:00
[2023-07-12 10:44:19,656] {standard_task_runner.py:52} INFO - Started process 60233 to run task
[2023-07-12 10:44:19,671] {standard_task_runner.py:76} INFO - Running: ['airflow', 'tasks', 'run', 'my_first_dag', 'create_user', '2023-06-18T21:01:15+00:00', '--job-id', '8557', '--pool', 'default_pool', '--raw', '--subdir', 'DAGS_FOLDER/data_ingestion_dag/test.py', '--cfg-path', '/tmp/tmp_u1hskpc', '--error-file', '/tmp/tmpvffksymx']
[2023-07-12 10:44:19,672] {standard_task_runner.py:77} INFO - Job 8557: Subtask create_user
[2023-07-12 10:44:19,785] {logging_mixin.py:104} INFO - Running <TaskInstance: my_first_dag.create_user 2023-06-18T21:01:15+00:00 [running]> on host d9c3ec86c3ab
[2023-07-12 10:44:20,115] {taskinstance.py:1300} INFO - Exporting the following env vars:
AIRFLOW_CTX_DAG_OWNER=airflow
AIRFLOW_CTX_DAG_ID=my_first_dag
AIRFLOW_CTX_TASK_ID=create_user
AIRFLOW_CTX_EXECUTION_DATE=2023-06-18T21:01:15+00:00
AIRFLOW_CTX_DAG_RUN_ID=scheduled__2023-06-18T21:01:15+00:00
[2023-07-12 10:44:20,118] {subprocess.py:52} INFO - Tmp dir root location: 
 /tmp
[2023-07-12 10:44:20,120] {subprocess.py:63} INFO - Running command: ['bash', '-c', '\nid -u test_user;\nif [$? -eq o];\n    then echo "User exists"\nelse sudo useradd -r test_user;\n    echo "User created";\nfi']
[2023-07-12 10:44:20,132] {subprocess.py:75} INFO - Output:
[2023-07-12 10:44:20,210] {subprocess.py:79} INFO - id: ‘test_user’: no such user
[2023-07-12 10:44:20,223] {subprocess.py:79} INFO - bash: line 2: [1: command not found
[2023-07-12 10:44:20,296] {subprocess.py:79} INFO - 
[2023-07-12 10:44:20,298] {subprocess.py:79} INFO - We trust you have received the usual lecture from the local System
[2023-07-12 10:44:20,299] {subprocess.py:79} INFO - Administrator. It usually boils down to these three things:
[2023-07-12 10:44:20,299] {subprocess.py:79} INFO - 
[2023-07-12 10:44:20,300] {subprocess.py:79} INFO -     #1) Respect the privacy of others.
[2023-07-12 10:44:20,301] {subprocess.py:79} INFO -     #2) Think before you type.
[2023-07-12 10:44:20,302] {subprocess.py:79} INFO -     #3) With great power comes great responsibility.
[2023-07-12 10:44:20,303] {subprocess.py:79} INFO - 
[2023-07-12 10:44:20,304] {subprocess.py:79} INFO - sudo: no tty present and no askpass program specified
[2023-07-12 10:44:20,312] {subprocess.py:79} INFO - User created
[2023-07-12 10:44:20,316] {subprocess.py:83} INFO - Command exited with return code 0
[2023-07-12 10:44:20,393] {taskinstance.py:1204} INFO - Marking task as SUCCESS. dag_id=my_first_dag, task_id=create_user, execution_date=20230618T210115, start_date=20230712T104419, end_date=20230712T104420
[2023-07-12 10:44:20,509] {taskinstance.py:1265} INFO - 0 downstream tasks scheduled from follow-on schedule check
[2023-07-12 10:44:20,528] {local_task_job.py:151} INFO - Task exited with return code 0
