[2023-07-12 06:25:26,738] {taskinstance.py:896} INFO - Dependencies all met for <TaskInstance: my_first_dag.create_user 2023-06-17T23:01:57+00:00 [queued]>
[2023-07-12 06:25:26,851] {taskinstance.py:896} INFO - Dependencies all met for <TaskInstance: my_first_dag.create_user 2023-06-17T23:01:57+00:00 [queued]>
[2023-07-12 06:25:26,852] {taskinstance.py:1087} INFO - 
--------------------------------------------------------------------------------
[2023-07-12 06:25:26,852] {taskinstance.py:1088} INFO - Starting attempt 1 of 1
[2023-07-12 06:25:26,853] {taskinstance.py:1089} INFO - 
--------------------------------------------------------------------------------
[2023-07-12 06:25:26,904] {taskinstance.py:1107} INFO - Executing <Task(BashOperator): create_user> on 2023-06-17T23:01:57+00:00
[2023-07-12 06:25:26,917] {standard_task_runner.py:52} INFO - Started process 32913 to run task
[2023-07-12 06:25:26,933] {standard_task_runner.py:76} INFO - Running: ['airflow', 'tasks', 'run', 'my_first_dag', 'create_user', '2023-06-17T23:01:57+00:00', '--job-id', '7275', '--pool', 'default_pool', '--raw', '--subdir', 'DAGS_FOLDER/data_ingestion_dag/test.py', '--cfg-path', '/tmp/tmpprlqesgz', '--error-file', '/tmp/tmpwn0u_g9l']
[2023-07-12 06:25:26,936] {standard_task_runner.py:77} INFO - Job 7275: Subtask create_user
[2023-07-12 06:25:27,075] {logging_mixin.py:104} INFO - Running <TaskInstance: my_first_dag.create_user 2023-06-17T23:01:57+00:00 [running]> on host d9c3ec86c3ab
[2023-07-12 06:25:27,603] {taskinstance.py:1300} INFO - Exporting the following env vars:
AIRFLOW_CTX_DAG_OWNER=airflow
AIRFLOW_CTX_DAG_ID=my_first_dag
AIRFLOW_CTX_TASK_ID=create_user
AIRFLOW_CTX_EXECUTION_DATE=2023-06-17T23:01:57+00:00
AIRFLOW_CTX_DAG_RUN_ID=scheduled__2023-06-17T23:01:57+00:00
[2023-07-12 06:25:27,606] {subprocess.py:52} INFO - Tmp dir root location: 
 /tmp
[2023-07-12 06:25:27,608] {subprocess.py:63} INFO - Running command: ['bash', '-c', '\nid -u test_user;\nif [$? -eq o];\n    then echo "User exists"\nelse sudo useradd -r test_user;\n    echo "User created";\nfi']
[2023-07-12 06:25:27,628] {subprocess.py:75} INFO - Output:
[2023-07-12 06:25:27,715] {subprocess.py:79} INFO - id: ‘test_user’: no such user
[2023-07-12 06:25:27,722] {subprocess.py:79} INFO - bash: line 2: [1: command not found
[2023-07-12 06:25:27,788] {subprocess.py:79} INFO - 
[2023-07-12 06:25:27,790] {subprocess.py:79} INFO - We trust you have received the usual lecture from the local System
[2023-07-12 06:25:27,790] {subprocess.py:79} INFO - Administrator. It usually boils down to these three things:
[2023-07-12 06:25:27,791] {subprocess.py:79} INFO - 
[2023-07-12 06:25:27,792] {subprocess.py:79} INFO -     #1) Respect the privacy of others.
[2023-07-12 06:25:27,793] {subprocess.py:79} INFO -     #2) Think before you type.
[2023-07-12 06:25:27,793] {subprocess.py:79} INFO -     #3) With great power comes great responsibility.
[2023-07-12 06:25:27,794] {subprocess.py:79} INFO - 
[2023-07-12 06:25:27,794] {subprocess.py:79} INFO - sudo: no tty present and no askpass program specified
[2023-07-12 06:25:27,802] {subprocess.py:79} INFO - User created
[2023-07-12 06:25:27,806] {subprocess.py:83} INFO - Command exited with return code 0
[2023-07-12 06:25:27,960] {taskinstance.py:1204} INFO - Marking task as SUCCESS. dag_id=my_first_dag, task_id=create_user, execution_date=20230617T230157, start_date=20230712T062526, end_date=20230712T062527
[2023-07-12 06:25:28,056] {taskinstance.py:1265} INFO - 0 downstream tasks scheduled from follow-on schedule check
[2023-07-12 06:25:28,104] {local_task_job.py:151} INFO - Task exited with return code 0
