[2023-07-13 05:15:17,938] {taskinstance.py:896} INFO - Dependencies all met for <TaskInstance: my_first_dag.create_user 2023-06-19T14:01:21+00:00 [queued]>
[2023-07-13 05:15:18,043] {taskinstance.py:896} INFO - Dependencies all met for <TaskInstance: my_first_dag.create_user 2023-06-19T14:01:21+00:00 [queued]>
[2023-07-13 05:15:18,044] {taskinstance.py:1087} INFO - 
--------------------------------------------------------------------------------
[2023-07-13 05:15:18,044] {taskinstance.py:1088} INFO - Starting attempt 1 of 1
[2023-07-13 05:15:18,045] {taskinstance.py:1089} INFO - 
--------------------------------------------------------------------------------
[2023-07-13 05:15:18,088] {taskinstance.py:1107} INFO - Executing <Task(BashOperator): create_user> on 2023-06-19T14:01:21+00:00
[2023-07-13 05:15:18,092] {standard_task_runner.py:52} INFO - Started process 82323 to run task
[2023-07-13 05:15:18,104] {standard_task_runner.py:76} INFO - Running: ['airflow', 'tasks', 'run', 'my_first_dag', 'create_user', '2023-06-19T14:01:21+00:00', '--job-id', '9597', '--pool', 'default_pool', '--raw', '--subdir', 'DAGS_FOLDER/data_ingestion_dag/test.py', '--cfg-path', '/tmp/tmpfzar5xg4', '--error-file', '/tmp/tmpqa_m2qp1']
[2023-07-13 05:15:18,106] {standard_task_runner.py:77} INFO - Job 9597: Subtask create_user
[2023-07-13 05:15:18,202] {logging_mixin.py:104} INFO - Running <TaskInstance: my_first_dag.create_user 2023-06-19T14:01:21+00:00 [running]> on host d9c3ec86c3ab
[2023-07-13 05:15:18,517] {taskinstance.py:1300} INFO - Exporting the following env vars:
AIRFLOW_CTX_DAG_OWNER=airflow
AIRFLOW_CTX_DAG_ID=my_first_dag
AIRFLOW_CTX_TASK_ID=create_user
AIRFLOW_CTX_EXECUTION_DATE=2023-06-19T14:01:21+00:00
AIRFLOW_CTX_DAG_RUN_ID=scheduled__2023-06-19T14:01:21+00:00
[2023-07-13 05:15:18,520] {subprocess.py:52} INFO - Tmp dir root location: 
 /tmp
[2023-07-13 05:15:18,521] {subprocess.py:63} INFO - Running command: ['bash', '-c', '\nid -u test_user;\nif [$? -eq o];\n    then echo "User exists"\nelse sudo useradd -r test_user;\n    echo "User created";\nfi']
[2023-07-13 05:15:18,532] {subprocess.py:75} INFO - Output:
[2023-07-13 05:15:18,601] {subprocess.py:79} INFO - id: ‘test_user’: no such user
[2023-07-13 05:15:18,609] {subprocess.py:79} INFO - bash: line 2: [1: command not found
[2023-07-13 05:15:18,674] {subprocess.py:79} INFO - 
[2023-07-13 05:15:18,675] {subprocess.py:79} INFO - We trust you have received the usual lecture from the local System
[2023-07-13 05:15:18,676] {subprocess.py:79} INFO - Administrator. It usually boils down to these three things:
[2023-07-13 05:15:18,677] {subprocess.py:79} INFO - 
[2023-07-13 05:15:18,677] {subprocess.py:79} INFO -     #1) Respect the privacy of others.
[2023-07-13 05:15:18,678] {subprocess.py:79} INFO -     #2) Think before you type.
[2023-07-13 05:15:18,678] {subprocess.py:79} INFO -     #3) With great power comes great responsibility.
[2023-07-13 05:15:18,679] {subprocess.py:79} INFO - 
[2023-07-13 05:15:18,680] {subprocess.py:79} INFO - sudo: no tty present and no askpass program specified
[2023-07-13 05:15:18,687] {subprocess.py:79} INFO - User created
[2023-07-13 05:15:18,690] {subprocess.py:83} INFO - Command exited with return code 0
[2023-07-13 05:15:18,763] {taskinstance.py:1204} INFO - Marking task as SUCCESS. dag_id=my_first_dag, task_id=create_user, execution_date=20230619T140121, start_date=20230713T051517, end_date=20230713T051518
[2023-07-13 05:15:18,835] {taskinstance.py:1265} INFO - 0 downstream tasks scheduled from follow-on schedule check
[2023-07-13 05:15:18,879] {local_task_job.py:151} INFO - Task exited with return code 0
