[2023-07-11 09:08:31,536] {taskinstance.py:896} INFO - Dependencies all met for <TaskInstance: my_first_dag.create_user 2023-06-17T00:01:36+00:00 [queued]>
[2023-07-11 09:08:31,631] {taskinstance.py:896} INFO - Dependencies all met for <TaskInstance: my_first_dag.create_user 2023-06-17T00:01:36+00:00 [queued]>
[2023-07-11 09:08:31,633] {taskinstance.py:1087} INFO - 
--------------------------------------------------------------------------------
[2023-07-11 09:08:31,634] {taskinstance.py:1088} INFO - Starting attempt 1 of 1
[2023-07-11 09:08:31,634] {taskinstance.py:1089} INFO - 
--------------------------------------------------------------------------------
[2023-07-11 09:08:31,698] {taskinstance.py:1107} INFO - Executing <Task(BashOperator): create_user> on 2023-06-17T00:01:36+00:00
[2023-07-11 09:08:31,713] {standard_task_runner.py:52} INFO - Started process 2746 to run task
[2023-07-11 09:08:31,735] {standard_task_runner.py:76} INFO - Running: ['airflow', 'tasks', 'run', 'my_first_dag', 'create_user', '2023-06-17T00:01:36+00:00', '--job-id', '5856', '--pool', 'default_pool', '--raw', '--subdir', 'DAGS_FOLDER/data_ingestion_dag/test.py', '--cfg-path', '/tmp/tmpne2p8byl', '--error-file', '/tmp/tmpfikxghtp']
[2023-07-11 09:08:31,738] {standard_task_runner.py:77} INFO - Job 5856: Subtask create_user
[2023-07-11 09:08:31,882] {logging_mixin.py:104} INFO - Running <TaskInstance: my_first_dag.create_user 2023-06-17T00:01:36+00:00 [running]> on host d9c3ec86c3ab
[2023-07-11 09:08:32,195] {taskinstance.py:1300} INFO - Exporting the following env vars:
AIRFLOW_CTX_DAG_OWNER=airflow
AIRFLOW_CTX_DAG_ID=my_first_dag
AIRFLOW_CTX_TASK_ID=create_user
AIRFLOW_CTX_EXECUTION_DATE=2023-06-17T00:01:36+00:00
AIRFLOW_CTX_DAG_RUN_ID=scheduled__2023-06-17T00:01:36+00:00
[2023-07-11 09:08:32,198] {subprocess.py:52} INFO - Tmp dir root location: 
 /tmp
[2023-07-11 09:08:32,200] {subprocess.py:63} INFO - Running command: ['bash', '-c', '\nid -u test_user;\nif [$? -eq o];\n    then echo "User exists"\nelse sudo useradd -r test_user;\n    echo "User created";\nfi']
[2023-07-11 09:08:32,216] {subprocess.py:75} INFO - Output:
[2023-07-11 09:08:32,307] {subprocess.py:79} INFO - id: ‘test_user’: no such user
[2023-07-11 09:08:32,314] {subprocess.py:79} INFO - bash: line 2: [1: command not found
[2023-07-11 09:08:32,379] {subprocess.py:79} INFO - 
[2023-07-11 09:08:32,380] {subprocess.py:79} INFO - We trust you have received the usual lecture from the local System
[2023-07-11 09:08:32,380] {subprocess.py:79} INFO - Administrator. It usually boils down to these three things:
[2023-07-11 09:08:32,381] {subprocess.py:79} INFO - 
[2023-07-11 09:08:32,382] {subprocess.py:79} INFO -     #1) Respect the privacy of others.
[2023-07-11 09:08:32,383] {subprocess.py:79} INFO -     #2) Think before you type.
[2023-07-11 09:08:32,383] {subprocess.py:79} INFO -     #3) With great power comes great responsibility.
[2023-07-11 09:08:32,384] {subprocess.py:79} INFO - 
[2023-07-11 09:08:32,384] {subprocess.py:79} INFO - sudo: no tty present and no askpass program specified
[2023-07-11 09:08:32,393] {subprocess.py:79} INFO - User created
[2023-07-11 09:08:32,396] {subprocess.py:83} INFO - Command exited with return code 0
[2023-07-11 09:08:32,459] {taskinstance.py:1204} INFO - Marking task as SUCCESS. dag_id=my_first_dag, task_id=create_user, execution_date=20230617T000136, start_date=20230711T090831, end_date=20230711T090832
[2023-07-11 09:08:32,545] {taskinstance.py:1265} INFO - 0 downstream tasks scheduled from follow-on schedule check
[2023-07-11 09:08:32,594] {local_task_job.py:151} INFO - Task exited with return code 0
