[2023-07-30 11:46:12,813] {taskinstance.py:896} INFO - Dependencies all met for <TaskInstance: my_first_dag.create_user 2023-06-22T14:01:10+00:00 [queued]>
[2023-07-30 11:46:12,999] {taskinstance.py:896} INFO - Dependencies all met for <TaskInstance: my_first_dag.create_user 2023-06-22T14:01:10+00:00 [queued]>
[2023-07-30 11:46:13,000] {taskinstance.py:1087} INFO - 
--------------------------------------------------------------------------------
[2023-07-30 11:46:13,001] {taskinstance.py:1088} INFO - Starting attempt 1 of 1
[2023-07-30 11:46:13,002] {taskinstance.py:1089} INFO - 
--------------------------------------------------------------------------------
[2023-07-30 11:46:13,062] {taskinstance.py:1107} INFO - Executing <Task(BashOperator): create_user> on 2023-06-22T14:01:10+00:00
[2023-07-30 11:46:13,067] {standard_task_runner.py:52} INFO - Started process 1645 to run task
[2023-07-30 11:46:13,079] {standard_task_runner.py:76} INFO - Running: ['airflow', 'tasks', 'run', 'my_first_dag', 'create_user', '2023-06-22T14:01:10+00:00', '--job-id', '13953', '--pool', 'default_pool', '--raw', '--subdir', 'DAGS_FOLDER/data_ingestion_dag/test.py', '--cfg-path', '/tmp/tmp4rvh9bpt', '--error-file', '/tmp/tmpz0ywf_n7']
[2023-07-30 11:46:13,081] {standard_task_runner.py:77} INFO - Job 13953: Subtask create_user
[2023-07-30 11:46:13,184] {logging_mixin.py:104} INFO - Running <TaskInstance: my_first_dag.create_user 2023-06-22T14:01:10+00:00 [running]> on host fd6918d9d7f3
[2023-07-30 11:46:13,624] {taskinstance.py:1300} INFO - Exporting the following env vars:
AIRFLOW_CTX_DAG_OWNER=airflow
AIRFLOW_CTX_DAG_ID=my_first_dag
AIRFLOW_CTX_TASK_ID=create_user
AIRFLOW_CTX_EXECUTION_DATE=2023-06-22T14:01:10+00:00
AIRFLOW_CTX_DAG_RUN_ID=scheduled__2023-06-22T14:01:10+00:00
[2023-07-30 11:46:13,627] {subprocess.py:52} INFO - Tmp dir root location: 
 /tmp
[2023-07-30 11:46:13,628] {subprocess.py:63} INFO - Running command: ['bash', '-c', '\nid -u test_user;\nif [$? -eq o];\n    then echo "User exists"\nelse sudo useradd -r test_user;\n    echo "User created";\nfi']
[2023-07-30 11:46:13,639] {subprocess.py:75} INFO - Output:
[2023-07-30 11:46:13,709] {subprocess.py:79} INFO - id: ‘test_user’: no such user
[2023-07-30 11:46:13,717] {subprocess.py:79} INFO - bash: line 2: [1: command not found
[2023-07-30 11:46:13,785] {subprocess.py:79} INFO - 
[2023-07-30 11:46:13,786] {subprocess.py:79} INFO - We trust you have received the usual lecture from the local System
[2023-07-30 11:46:13,787] {subprocess.py:79} INFO - Administrator. It usually boils down to these three things:
[2023-07-30 11:46:13,787] {subprocess.py:79} INFO - 
[2023-07-30 11:46:13,788] {subprocess.py:79} INFO -     #1) Respect the privacy of others.
[2023-07-30 11:46:13,789] {subprocess.py:79} INFO -     #2) Think before you type.
[2023-07-30 11:46:13,789] {subprocess.py:79} INFO -     #3) With great power comes great responsibility.
[2023-07-30 11:46:13,790] {subprocess.py:79} INFO - 
[2023-07-30 11:46:13,791] {subprocess.py:79} INFO - sudo: no tty present and no askpass program specified
[2023-07-30 11:46:13,800] {subprocess.py:79} INFO - User created
[2023-07-30 11:46:13,804] {subprocess.py:83} INFO - Command exited with return code 0
[2023-07-30 11:46:13,865] {taskinstance.py:1204} INFO - Marking task as SUCCESS. dag_id=my_first_dag, task_id=create_user, execution_date=20230622T140110, start_date=20230730T114612, end_date=20230730T114613
[2023-07-30 11:46:13,949] {taskinstance.py:1265} INFO - 0 downstream tasks scheduled from follow-on schedule check
[2023-07-30 11:46:13,975] {local_task_job.py:151} INFO - Task exited with return code 0
