[2023-07-13 10:57:13,255] {taskinstance.py:896} INFO - Dependencies all met for <TaskInstance: my_first_dag.create_user 2023-06-20T15:01:32+00:00 [queued]>
[2023-07-13 10:57:13,375] {taskinstance.py:896} INFO - Dependencies all met for <TaskInstance: my_first_dag.create_user 2023-06-20T15:01:32+00:00 [queued]>
[2023-07-13 10:57:13,376] {taskinstance.py:1087} INFO - 
--------------------------------------------------------------------------------
[2023-07-13 10:57:13,377] {taskinstance.py:1088} INFO - Starting attempt 1 of 1
[2023-07-13 10:57:13,377] {taskinstance.py:1089} INFO - 
--------------------------------------------------------------------------------
[2023-07-13 10:57:13,477] {taskinstance.py:1107} INFO - Executing <Task(BashOperator): create_user> on 2023-06-20T15:01:32+00:00
[2023-07-13 10:57:13,483] {standard_task_runner.py:52} INFO - Started process 14926 to run task
[2023-07-13 10:57:13,494] {standard_task_runner.py:76} INFO - Running: ['airflow', 'tasks', 'run', 'my_first_dag', 'create_user', '2023-06-20T15:01:32+00:00', '--job-id', '11113', '--pool', 'default_pool', '--raw', '--subdir', 'DAGS_FOLDER/data_ingestion_dag/test.py', '--cfg-path', '/tmp/tmpuuoln8kr', '--error-file', '/tmp/tmp53ky46g0']
[2023-07-13 10:57:13,496] {standard_task_runner.py:77} INFO - Job 11113: Subtask create_user
[2023-07-13 10:57:13,618] {logging_mixin.py:104} INFO - Running <TaskInstance: my_first_dag.create_user 2023-06-20T15:01:32+00:00 [running]> on host d9c3ec86c3ab
[2023-07-13 10:57:14,075] {taskinstance.py:1300} INFO - Exporting the following env vars:
AIRFLOW_CTX_DAG_OWNER=airflow
AIRFLOW_CTX_DAG_ID=my_first_dag
AIRFLOW_CTX_TASK_ID=create_user
AIRFLOW_CTX_EXECUTION_DATE=2023-06-20T15:01:32+00:00
AIRFLOW_CTX_DAG_RUN_ID=scheduled__2023-06-20T15:01:32+00:00
[2023-07-13 10:57:14,079] {subprocess.py:52} INFO - Tmp dir root location: 
 /tmp
[2023-07-13 10:57:14,081] {subprocess.py:63} INFO - Running command: ['bash', '-c', '\nid -u test_user;\nif [$? -eq o];\n    then echo "User exists"\nelse sudo useradd -r test_user;\n    echo "User created";\nfi']
[2023-07-13 10:57:14,097] {subprocess.py:75} INFO - Output:
[2023-07-13 10:57:14,176] {subprocess.py:79} INFO - id: ‘test_user’: no such user
[2023-07-13 10:57:14,184] {subprocess.py:79} INFO - bash: line 2: [1: command not found
[2023-07-13 10:57:14,262] {subprocess.py:79} INFO - 
[2023-07-13 10:57:14,263] {subprocess.py:79} INFO - We trust you have received the usual lecture from the local System
[2023-07-13 10:57:14,266] {subprocess.py:79} INFO - Administrator. It usually boils down to these three things:
[2023-07-13 10:57:14,267] {subprocess.py:79} INFO - 
[2023-07-13 10:57:14,268] {subprocess.py:79} INFO -     #1) Respect the privacy of others.
[2023-07-13 10:57:14,269] {subprocess.py:79} INFO -     #2) Think before you type.
[2023-07-13 10:57:14,270] {subprocess.py:79} INFO -     #3) With great power comes great responsibility.
[2023-07-13 10:57:14,270] {subprocess.py:79} INFO - 
[2023-07-13 10:57:14,271] {subprocess.py:79} INFO - sudo: no tty present and no askpass program specified
[2023-07-13 10:57:14,279] {subprocess.py:79} INFO - User created
[2023-07-13 10:57:14,284] {subprocess.py:83} INFO - Command exited with return code 0
[2023-07-13 10:57:14,378] {taskinstance.py:1204} INFO - Marking task as SUCCESS. dag_id=my_first_dag, task_id=create_user, execution_date=20230620T150132, start_date=20230713T105713, end_date=20230713T105714
[2023-07-13 10:57:14,458] {taskinstance.py:1265} INFO - 0 downstream tasks scheduled from follow-on schedule check
[2023-07-13 10:57:14,512] {local_task_job.py:151} INFO - Task exited with return code 0
