[2023-07-30 12:30:25,214] {taskinstance.py:896} INFO - Dependencies all met for <TaskInstance: my_first_dag.create_user 2023-06-22T17:01:53+00:00 [queued]>
[2023-07-30 12:30:25,396] {taskinstance.py:896} INFO - Dependencies all met for <TaskInstance: my_first_dag.create_user 2023-06-22T17:01:53+00:00 [queued]>
[2023-07-30 12:30:25,397] {taskinstance.py:1087} INFO - 
--------------------------------------------------------------------------------
[2023-07-30 12:30:25,398] {taskinstance.py:1088} INFO - Starting attempt 1 of 1
[2023-07-30 12:30:25,398] {taskinstance.py:1089} INFO - 
--------------------------------------------------------------------------------
[2023-07-30 12:30:25,455] {taskinstance.py:1107} INFO - Executing <Task(BashOperator): create_user> on 2023-06-22T17:01:53+00:00
[2023-07-30 12:30:25,464] {standard_task_runner.py:52} INFO - Started process 6472 to run task
[2023-07-30 12:30:25,482] {standard_task_runner.py:76} INFO - Running: ['airflow', 'tasks', 'run', 'my_first_dag', 'create_user', '2023-06-22T17:01:53+00:00', '--job-id', '14177', '--pool', 'default_pool', '--raw', '--subdir', 'DAGS_FOLDER/data_ingestion_dag/test.py', '--cfg-path', '/tmp/tmp98rr6pv6', '--error-file', '/tmp/tmpued12gwo']
[2023-07-30 12:30:25,484] {standard_task_runner.py:77} INFO - Job 14177: Subtask create_user
[2023-07-30 12:30:25,612] {logging_mixin.py:104} INFO - Running <TaskInstance: my_first_dag.create_user 2023-06-22T17:01:53+00:00 [running]> on host fd6918d9d7f3
[2023-07-30 12:30:26,096] {taskinstance.py:1300} INFO - Exporting the following env vars:
AIRFLOW_CTX_DAG_OWNER=airflow
AIRFLOW_CTX_DAG_ID=my_first_dag
AIRFLOW_CTX_TASK_ID=create_user
AIRFLOW_CTX_EXECUTION_DATE=2023-06-22T17:01:53+00:00
AIRFLOW_CTX_DAG_RUN_ID=scheduled__2023-06-22T17:01:53+00:00
[2023-07-30 12:30:26,098] {subprocess.py:52} INFO - Tmp dir root location: 
 /tmp
[2023-07-30 12:30:26,100] {subprocess.py:63} INFO - Running command: ['bash', '-c', '\nid -u test_user;\nif [$? -eq o];\n    then echo "User exists"\nelse sudo useradd -r test_user;\n    echo "User created";\nfi']
[2023-07-30 12:30:26,116] {subprocess.py:75} INFO - Output:
[2023-07-30 12:30:26,200] {subprocess.py:79} INFO - id: ‘test_user’: no such user
[2023-07-30 12:30:26,207] {subprocess.py:79} INFO - bash: line 2: [1: command not found
[2023-07-30 12:30:26,273] {subprocess.py:79} INFO - 
[2023-07-30 12:30:26,274] {subprocess.py:79} INFO - We trust you have received the usual lecture from the local System
[2023-07-30 12:30:26,275] {subprocess.py:79} INFO - Administrator. It usually boils down to these three things:
[2023-07-30 12:30:26,275] {subprocess.py:79} INFO - 
[2023-07-30 12:30:26,276] {subprocess.py:79} INFO -     #1) Respect the privacy of others.
[2023-07-30 12:30:26,277] {subprocess.py:79} INFO -     #2) Think before you type.
[2023-07-30 12:30:26,277] {subprocess.py:79} INFO -     #3) With great power comes great responsibility.
[2023-07-30 12:30:26,278] {subprocess.py:79} INFO - 
[2023-07-30 12:30:26,278] {subprocess.py:79} INFO - sudo: no tty present and no askpass program specified
[2023-07-30 12:30:26,287] {subprocess.py:79} INFO - User created
[2023-07-30 12:30:26,290] {subprocess.py:83} INFO - Command exited with return code 0
[2023-07-30 12:30:26,351] {taskinstance.py:1204} INFO - Marking task as SUCCESS. dag_id=my_first_dag, task_id=create_user, execution_date=20230622T170153, start_date=20230730T123025, end_date=20230730T123026
[2023-07-30 12:30:26,424] {taskinstance.py:1265} INFO - 0 downstream tasks scheduled from follow-on schedule check
[2023-07-30 12:30:26,457] {local_task_job.py:151} INFO - Task exited with return code 0
