[2023-07-13 07:46:55,389] {taskinstance.py:896} INFO - Dependencies all met for <TaskInstance: my_first_dag.create_user 2023-06-20T02:01:23+00:00 [queued]>
[2023-07-13 07:46:55,495] {taskinstance.py:896} INFO - Dependencies all met for <TaskInstance: my_first_dag.create_user 2023-06-20T02:01:23+00:00 [queued]>
[2023-07-13 07:46:55,496] {taskinstance.py:1087} INFO - 
--------------------------------------------------------------------------------
[2023-07-13 07:46:55,497] {taskinstance.py:1088} INFO - Starting attempt 1 of 1
[2023-07-13 07:46:55,498] {taskinstance.py:1089} INFO - 
--------------------------------------------------------------------------------
[2023-07-13 07:46:55,556] {taskinstance.py:1107} INFO - Executing <Task(BashOperator): create_user> on 2023-06-20T02:01:23+00:00
[2023-07-13 07:46:55,562] {standard_task_runner.py:52} INFO - Started process 97762 to run task
[2023-07-13 07:46:55,575] {standard_task_runner.py:76} INFO - Running: ['airflow', 'tasks', 'run', 'my_first_dag', 'create_user', '2023-06-20T02:01:23+00:00', '--job-id', '10322', '--pool', 'default_pool', '--raw', '--subdir', 'DAGS_FOLDER/data_ingestion_dag/test.py', '--cfg-path', '/tmp/tmpjh6z1bta', '--error-file', '/tmp/tmp2_zy7h07']
[2023-07-13 07:46:55,577] {standard_task_runner.py:77} INFO - Job 10322: Subtask create_user
[2023-07-13 07:46:55,678] {logging_mixin.py:104} INFO - Running <TaskInstance: my_first_dag.create_user 2023-06-20T02:01:23+00:00 [running]> on host d9c3ec86c3ab
[2023-07-13 07:46:56,031] {taskinstance.py:1300} INFO - Exporting the following env vars:
AIRFLOW_CTX_DAG_OWNER=airflow
AIRFLOW_CTX_DAG_ID=my_first_dag
AIRFLOW_CTX_TASK_ID=create_user
AIRFLOW_CTX_EXECUTION_DATE=2023-06-20T02:01:23+00:00
AIRFLOW_CTX_DAG_RUN_ID=scheduled__2023-06-20T02:01:23+00:00
[2023-07-13 07:46:56,033] {subprocess.py:52} INFO - Tmp dir root location: 
 /tmp
[2023-07-13 07:46:56,034] {subprocess.py:63} INFO - Running command: ['bash', '-c', '\nid -u test_user;\nif [$? -eq o];\n    then echo "User exists"\nelse sudo useradd -r test_user;\n    echo "User created";\nfi']
[2023-07-13 07:46:56,045] {subprocess.py:75} INFO - Output:
[2023-07-13 07:46:56,117] {subprocess.py:79} INFO - id: ‘test_user’: no such user
[2023-07-13 07:46:56,125] {subprocess.py:79} INFO - bash: line 2: [1: command not found
[2023-07-13 07:46:56,196] {subprocess.py:79} INFO - 
[2023-07-13 07:46:56,197] {subprocess.py:79} INFO - We trust you have received the usual lecture from the local System
[2023-07-13 07:46:56,198] {subprocess.py:79} INFO - Administrator. It usually boils down to these three things:
[2023-07-13 07:46:56,199] {subprocess.py:79} INFO - 
[2023-07-13 07:46:56,200] {subprocess.py:79} INFO -     #1) Respect the privacy of others.
[2023-07-13 07:46:56,201] {subprocess.py:79} INFO -     #2) Think before you type.
[2023-07-13 07:46:56,202] {subprocess.py:79} INFO -     #3) With great power comes great responsibility.
[2023-07-13 07:46:56,202] {subprocess.py:79} INFO - 
[2023-07-13 07:46:56,203] {subprocess.py:79} INFO - sudo: no tty present and no askpass program specified
[2023-07-13 07:46:56,211] {subprocess.py:79} INFO - User created
[2023-07-13 07:46:56,215] {subprocess.py:83} INFO - Command exited with return code 0
[2023-07-13 07:46:56,284] {taskinstance.py:1204} INFO - Marking task as SUCCESS. dag_id=my_first_dag, task_id=create_user, execution_date=20230620T020123, start_date=20230713T074655, end_date=20230713T074656
[2023-07-13 07:46:56,365] {taskinstance.py:1265} INFO - 0 downstream tasks scheduled from follow-on schedule check
[2023-07-13 07:46:56,401] {local_task_job.py:151} INFO - Task exited with return code 0
