[2023-06-29 10:02:50,828] {taskinstance.py:896} INFO - Dependencies all met for <TaskInstance: my_first_dag.create_user 2023-06-16T15:01:25+00:00 [queued]>
[2023-06-29 10:02:50,925] {taskinstance.py:896} INFO - Dependencies all met for <TaskInstance: my_first_dag.create_user 2023-06-16T15:01:25+00:00 [queued]>
[2023-06-29 10:02:50,926] {taskinstance.py:1087} INFO - 
--------------------------------------------------------------------------------
[2023-06-29 10:02:50,927] {taskinstance.py:1088} INFO - Starting attempt 1 of 1
[2023-06-29 10:02:50,927] {taskinstance.py:1089} INFO - 
--------------------------------------------------------------------------------
[2023-06-29 10:02:51,012] {taskinstance.py:1107} INFO - Executing <Task(BashOperator): create_user> on 2023-06-16T15:01:25+00:00
[2023-06-29 10:02:51,016] {standard_task_runner.py:52} INFO - Started process 35579 to run task
[2023-06-29 10:02:51,027] {standard_task_runner.py:76} INFO - Running: ['airflow', 'tasks', 'run', 'my_first_dag', 'create_user', '2023-06-16T15:01:25+00:00', '--job-id', '5299', '--pool', 'default_pool', '--raw', '--subdir', 'DAGS_FOLDER/data_ingestion_dag/test.py', '--cfg-path', '/tmp/tmpucu3wxg6', '--error-file', '/tmp/tmpojj0bbw_']
[2023-06-29 10:02:51,029] {standard_task_runner.py:77} INFO - Job 5299: Subtask create_user
[2023-06-29 10:02:51,124] {logging_mixin.py:104} INFO - Running <TaskInstance: my_first_dag.create_user 2023-06-16T15:01:25+00:00 [running]> on host d9c3ec86c3ab
[2023-06-29 10:02:51,442] {taskinstance.py:1300} INFO - Exporting the following env vars:
AIRFLOW_CTX_DAG_OWNER=airflow
AIRFLOW_CTX_DAG_ID=my_first_dag
AIRFLOW_CTX_TASK_ID=create_user
AIRFLOW_CTX_EXECUTION_DATE=2023-06-16T15:01:25+00:00
AIRFLOW_CTX_DAG_RUN_ID=scheduled__2023-06-16T15:01:25+00:00
[2023-06-29 10:02:51,444] {subprocess.py:52} INFO - Tmp dir root location: 
 /tmp
[2023-06-29 10:02:51,446] {subprocess.py:63} INFO - Running command: ['bash', '-c', '\nid -u test_user;\nif [$? -eq o];\n    then echo "User exists"\nelse sudo useradd -r test_user;\n    echo "User created";\nfi']
[2023-06-29 10:02:51,458] {subprocess.py:75} INFO - Output:
[2023-06-29 10:02:51,530] {subprocess.py:79} INFO - id: ‘test_user’: no such user
[2023-06-29 10:02:51,538] {subprocess.py:79} INFO - bash: line 2: [1: command not found
[2023-06-29 10:02:51,601] {subprocess.py:79} INFO - 
[2023-06-29 10:02:51,602] {subprocess.py:79} INFO - We trust you have received the usual lecture from the local System
[2023-06-29 10:02:51,603] {subprocess.py:79} INFO - Administrator. It usually boils down to these three things:
[2023-06-29 10:02:51,604] {subprocess.py:79} INFO - 
[2023-06-29 10:02:51,604] {subprocess.py:79} INFO -     #1) Respect the privacy of others.
[2023-06-29 10:02:51,605] {subprocess.py:79} INFO -     #2) Think before you type.
[2023-06-29 10:02:51,605] {subprocess.py:79} INFO -     #3) With great power comes great responsibility.
[2023-06-29 10:02:51,606] {subprocess.py:79} INFO - 
[2023-06-29 10:02:51,607] {subprocess.py:79} INFO - sudo: no tty present and no askpass program specified
[2023-06-29 10:02:51,614] {subprocess.py:79} INFO - User created
[2023-06-29 10:02:51,617] {subprocess.py:83} INFO - Command exited with return code 0
[2023-06-29 10:02:51,688] {taskinstance.py:1204} INFO - Marking task as SUCCESS. dag_id=my_first_dag, task_id=create_user, execution_date=20230616T150125, start_date=20230629T100250, end_date=20230629T100251
[2023-06-29 10:02:51,762] {taskinstance.py:1265} INFO - 0 downstream tasks scheduled from follow-on schedule check
[2023-06-29 10:02:51,806] {local_task_job.py:151} INFO - Task exited with return code 0
