[2023-06-27 10:01:06,438] {taskinstance.py:896} INFO - Dependencies all met for <TaskInstance: my_first_dag.create_user 2023-06-14T20:01:16+00:00 [queued]>
[2023-06-27 10:01:06,497] {taskinstance.py:896} INFO - Dependencies all met for <TaskInstance: my_first_dag.create_user 2023-06-14T20:01:16+00:00 [queued]>
[2023-06-27 10:01:06,498] {taskinstance.py:1087} INFO - 
--------------------------------------------------------------------------------
[2023-06-27 10:01:06,499] {taskinstance.py:1088} INFO - Starting attempt 1 of 1
[2023-06-27 10:01:06,500] {taskinstance.py:1089} INFO - 
--------------------------------------------------------------------------------
[2023-06-27 10:01:06,546] {taskinstance.py:1107} INFO - Executing <Task(BashOperator): create_user> on 2023-06-14T20:01:16+00:00
[2023-06-27 10:01:06,551] {standard_task_runner.py:52} INFO - Started process 56443 to run task
[2023-06-27 10:01:06,562] {standard_task_runner.py:76} INFO - Running: ['airflow', 'tasks', 'run', 'my_first_dag', 'create_user', '2023-06-14T20:01:16+00:00', '--job-id', '2683', '--pool', 'default_pool', '--raw', '--subdir', 'DAGS_FOLDER/data_ingestion_dag/test.py', '--cfg-path', '/tmp/tmpea2605iq', '--error-file', '/tmp/tmp89th7auu']
[2023-06-27 10:01:06,564] {standard_task_runner.py:77} INFO - Job 2683: Subtask create_user
[2023-06-27 10:01:06,661] {logging_mixin.py:104} INFO - Running <TaskInstance: my_first_dag.create_user 2023-06-14T20:01:16+00:00 [running]> on host d9c3ec86c3ab
[2023-06-27 10:01:06,858] {taskinstance.py:1300} INFO - Exporting the following env vars:
AIRFLOW_CTX_DAG_OWNER=airflow
AIRFLOW_CTX_DAG_ID=my_first_dag
AIRFLOW_CTX_TASK_ID=create_user
AIRFLOW_CTX_EXECUTION_DATE=2023-06-14T20:01:16+00:00
AIRFLOW_CTX_DAG_RUN_ID=scheduled__2023-06-14T20:01:16+00:00
[2023-06-27 10:01:06,861] {subprocess.py:52} INFO - Tmp dir root location: 
 /tmp
[2023-06-27 10:01:06,862] {subprocess.py:63} INFO - Running command: ['bash', '-c', '\nid -u test_user;\nif [$? -eq o];\n    then echo "User exists"\nelse sudo useradd -r test_user;\n    echo "User created";\nfi']
[2023-06-27 10:01:06,872] {subprocess.py:75} INFO - Output:
[2023-06-27 10:01:06,943] {subprocess.py:79} INFO - id: ‘test_user’: no such user
[2023-06-27 10:01:06,949] {subprocess.py:79} INFO - bash: line 2: [1: command not found
[2023-06-27 10:01:07,014] {subprocess.py:79} INFO - 
[2023-06-27 10:01:07,015] {subprocess.py:79} INFO - We trust you have received the usual lecture from the local System
[2023-06-27 10:01:07,016] {subprocess.py:79} INFO - Administrator. It usually boils down to these three things:
[2023-06-27 10:01:07,017] {subprocess.py:79} INFO - 
[2023-06-27 10:01:07,018] {subprocess.py:79} INFO -     #1) Respect the privacy of others.
[2023-06-27 10:01:07,019] {subprocess.py:79} INFO -     #2) Think before you type.
[2023-06-27 10:01:07,020] {subprocess.py:79} INFO -     #3) With great power comes great responsibility.
[2023-06-27 10:01:07,020] {subprocess.py:79} INFO - 
[2023-06-27 10:01:07,021] {subprocess.py:79} INFO - sudo: no tty present and no askpass program specified
[2023-06-27 10:01:07,027] {subprocess.py:79} INFO - User created
[2023-06-27 10:01:07,030] {subprocess.py:83} INFO - Command exited with return code 0
[2023-06-27 10:01:07,096] {taskinstance.py:1204} INFO - Marking task as SUCCESS. dag_id=my_first_dag, task_id=create_user, execution_date=20230614T200116, start_date=20230627T100106, end_date=20230627T100107
[2023-06-27 10:01:07,174] {taskinstance.py:1265} INFO - 0 downstream tasks scheduled from follow-on schedule check
[2023-06-27 10:01:07,214] {local_task_job.py:151} INFO - Task exited with return code 0
