[2023-06-29 07:28:42,515] {taskinstance.py:896} INFO - Dependencies all met for <TaskInstance: my_first_dag.create_user 2023-06-16T02:01:42+00:00 [queued]>
[2023-06-29 07:28:42,580] {taskinstance.py:896} INFO - Dependencies all met for <TaskInstance: my_first_dag.create_user 2023-06-16T02:01:42+00:00 [queued]>
[2023-06-29 07:28:42,581] {taskinstance.py:1087} INFO - 
--------------------------------------------------------------------------------
[2023-06-29 07:28:42,581] {taskinstance.py:1088} INFO - Starting attempt 1 of 1
[2023-06-29 07:28:42,582] {taskinstance.py:1089} INFO - 
--------------------------------------------------------------------------------
[2023-06-29 07:28:42,636] {taskinstance.py:1107} INFO - Executing <Task(BashOperator): create_user> on 2023-06-16T02:01:42+00:00
[2023-06-29 07:28:42,640] {standard_task_runner.py:52} INFO - Started process 19241 to run task
[2023-06-29 07:28:42,651] {standard_task_runner.py:76} INFO - Running: ['airflow', 'tasks', 'run', 'my_first_dag', 'create_user', '2023-06-16T02:01:42+00:00', '--job-id', '4533', '--pool', 'default_pool', '--raw', '--subdir', 'DAGS_FOLDER/data_ingestion_dag/test.py', '--cfg-path', '/tmp/tmpzxklqa3g', '--error-file', '/tmp/tmpjxydbsmf']
[2023-06-29 07:28:42,652] {standard_task_runner.py:77} INFO - Job 4533: Subtask create_user
[2023-06-29 07:28:42,743] {logging_mixin.py:104} INFO - Running <TaskInstance: my_first_dag.create_user 2023-06-16T02:01:42+00:00 [running]> on host d9c3ec86c3ab
[2023-06-29 07:28:42,994] {taskinstance.py:1300} INFO - Exporting the following env vars:
AIRFLOW_CTX_DAG_OWNER=airflow
AIRFLOW_CTX_DAG_ID=my_first_dag
AIRFLOW_CTX_TASK_ID=create_user
AIRFLOW_CTX_EXECUTION_DATE=2023-06-16T02:01:42+00:00
AIRFLOW_CTX_DAG_RUN_ID=scheduled__2023-06-16T02:01:42+00:00
[2023-06-29 07:28:42,996] {subprocess.py:52} INFO - Tmp dir root location: 
 /tmp
[2023-06-29 07:28:42,997] {subprocess.py:63} INFO - Running command: ['bash', '-c', '\nid -u test_user;\nif [$? -eq o];\n    then echo "User exists"\nelse sudo useradd -r test_user;\n    echo "User created";\nfi']
[2023-06-29 07:28:43,007] {subprocess.py:75} INFO - Output:
[2023-06-29 07:28:43,076] {subprocess.py:79} INFO - id: ‘test_user’: no such user
[2023-06-29 07:28:43,082] {subprocess.py:79} INFO - bash: line 2: [1: command not found
[2023-06-29 07:28:43,142] {subprocess.py:79} INFO - 
[2023-06-29 07:28:43,143] {subprocess.py:79} INFO - We trust you have received the usual lecture from the local System
[2023-06-29 07:28:43,144] {subprocess.py:79} INFO - Administrator. It usually boils down to these three things:
[2023-06-29 07:28:43,145] {subprocess.py:79} INFO - 
[2023-06-29 07:28:43,146] {subprocess.py:79} INFO -     #1) Respect the privacy of others.
[2023-06-29 07:28:43,147] {subprocess.py:79} INFO -     #2) Think before you type.
[2023-06-29 07:28:43,148] {subprocess.py:79} INFO -     #3) With great power comes great responsibility.
[2023-06-29 07:28:43,148] {subprocess.py:79} INFO - 
[2023-06-29 07:28:43,149] {subprocess.py:79} INFO - sudo: no tty present and no askpass program specified
[2023-06-29 07:28:43,154] {subprocess.py:79} INFO - User created
[2023-06-29 07:28:43,158] {subprocess.py:83} INFO - Command exited with return code 0
[2023-06-29 07:28:43,225] {taskinstance.py:1204} INFO - Marking task as SUCCESS. dag_id=my_first_dag, task_id=create_user, execution_date=20230616T020142, start_date=20230629T072842, end_date=20230629T072843
[2023-06-29 07:28:43,297] {taskinstance.py:1265} INFO - 0 downstream tasks scheduled from follow-on schedule check
[2023-06-29 07:28:43,309] {local_task_job.py:151} INFO - Task exited with return code 0
