[2023-07-13 09:10:29,268] {taskinstance.py:896} INFO - Dependencies all met for <TaskInstance: my_first_dag.create_user 2023-06-20T06:01:15+00:00 [queued]>
[2023-07-13 09:10:29,368] {taskinstance.py:896} INFO - Dependencies all met for <TaskInstance: my_first_dag.create_user 2023-06-20T06:01:15+00:00 [queued]>
[2023-07-13 09:10:29,369] {taskinstance.py:1087} INFO - 
--------------------------------------------------------------------------------
[2023-07-13 09:10:29,369] {taskinstance.py:1088} INFO - Starting attempt 1 of 1
[2023-07-13 09:10:29,370] {taskinstance.py:1089} INFO - 
--------------------------------------------------------------------------------
[2023-07-13 09:10:29,413] {taskinstance.py:1107} INFO - Executing <Task(BashOperator): create_user> on 2023-06-20T06:01:15+00:00
[2023-07-13 09:10:29,418] {standard_task_runner.py:52} INFO - Started process 3028 to run task
[2023-07-13 09:10:29,431] {standard_task_runner.py:76} INFO - Running: ['airflow', 'tasks', 'run', 'my_first_dag', 'create_user', '2023-06-20T06:01:15+00:00', '--job-id', '10555', '--pool', 'default_pool', '--raw', '--subdir', 'DAGS_FOLDER/data_ingestion_dag/test.py', '--cfg-path', '/tmp/tmp67emdz1g', '--error-file', '/tmp/tmphu6you5y']
[2023-07-13 09:10:29,433] {standard_task_runner.py:77} INFO - Job 10555: Subtask create_user
[2023-07-13 09:10:29,551] {logging_mixin.py:104} INFO - Running <TaskInstance: my_first_dag.create_user 2023-06-20T06:01:15+00:00 [running]> on host d9c3ec86c3ab
[2023-07-13 09:10:29,875] {taskinstance.py:1300} INFO - Exporting the following env vars:
AIRFLOW_CTX_DAG_OWNER=airflow
AIRFLOW_CTX_DAG_ID=my_first_dag
AIRFLOW_CTX_TASK_ID=create_user
AIRFLOW_CTX_EXECUTION_DATE=2023-06-20T06:01:15+00:00
AIRFLOW_CTX_DAG_RUN_ID=scheduled__2023-06-20T06:01:15+00:00
[2023-07-13 09:10:29,878] {subprocess.py:52} INFO - Tmp dir root location: 
 /tmp
[2023-07-13 09:10:29,879] {subprocess.py:63} INFO - Running command: ['bash', '-c', '\nid -u test_user;\nif [$? -eq o];\n    then echo "User exists"\nelse sudo useradd -r test_user;\n    echo "User created";\nfi']
[2023-07-13 09:10:29,892] {subprocess.py:75} INFO - Output:
[2023-07-13 09:10:29,966] {subprocess.py:79} INFO - id: ‘test_user’: no such user
[2023-07-13 09:10:29,973] {subprocess.py:79} INFO - bash: line 2: [1: command not found
[2023-07-13 09:10:30,040] {subprocess.py:79} INFO - 
[2023-07-13 09:10:30,041] {subprocess.py:79} INFO - We trust you have received the usual lecture from the local System
[2023-07-13 09:10:30,042] {subprocess.py:79} INFO - Administrator. It usually boils down to these three things:
[2023-07-13 09:10:30,043] {subprocess.py:79} INFO - 
[2023-07-13 09:10:30,043] {subprocess.py:79} INFO -     #1) Respect the privacy of others.
[2023-07-13 09:10:30,044] {subprocess.py:79} INFO -     #2) Think before you type.
[2023-07-13 09:10:30,045] {subprocess.py:79} INFO -     #3) With great power comes great responsibility.
[2023-07-13 09:10:30,045] {subprocess.py:79} INFO - 
[2023-07-13 09:10:30,046] {subprocess.py:79} INFO - sudo: no tty present and no askpass program specified
[2023-07-13 09:10:30,053] {subprocess.py:79} INFO - User created
[2023-07-13 09:10:30,056] {subprocess.py:83} INFO - Command exited with return code 0
[2023-07-13 09:10:30,125] {taskinstance.py:1204} INFO - Marking task as SUCCESS. dag_id=my_first_dag, task_id=create_user, execution_date=20230620T060115, start_date=20230713T091029, end_date=20230713T091030
[2023-07-13 09:10:30,198] {taskinstance.py:1265} INFO - 0 downstream tasks scheduled from follow-on schedule check
[2023-07-13 09:10:30,249] {local_task_job.py:151} INFO - Task exited with return code 0
