[2023-06-26 14:18:11,887] {taskinstance.py:896} INFO - Dependencies all met for <TaskInstance: my_first_dag.create_user 2023-06-13T12:01:02+00:00 [queued]>
[2023-06-26 14:18:11,928] {taskinstance.py:896} INFO - Dependencies all met for <TaskInstance: my_first_dag.create_user 2023-06-13T12:01:02+00:00 [queued]>
[2023-06-26 14:18:11,929] {taskinstance.py:1087} INFO - 
--------------------------------------------------------------------------------
[2023-06-26 14:18:11,930] {taskinstance.py:1088} INFO - Starting attempt 1 of 1
[2023-06-26 14:18:11,931] {taskinstance.py:1089} INFO - 
--------------------------------------------------------------------------------
[2023-06-26 14:18:11,978] {taskinstance.py:1107} INFO - Executing <Task(BashOperator): create_user> on 2023-06-13T12:01:02+00:00
[2023-06-26 14:18:11,982] {standard_task_runner.py:52} INFO - Started process 15303 to run task
[2023-06-26 14:18:11,993] {standard_task_runner.py:76} INFO - Running: ['airflow', 'tasks', 'run', 'my_first_dag', 'create_user', '2023-06-13T12:01:02+00:00', '--job-id', '733', '--pool', 'default_pool', '--raw', '--subdir', 'DAGS_FOLDER/data_ingestion_dag/test.py', '--cfg-path', '/tmp/tmprd0gj7hw', '--error-file', '/tmp/tmp93bzd802']
[2023-06-26 14:18:11,995] {standard_task_runner.py:77} INFO - Job 733: Subtask create_user
[2023-06-26 14:18:12,088] {logging_mixin.py:104} INFO - Running <TaskInstance: my_first_dag.create_user 2023-06-13T12:01:02+00:00 [running]> on host d9c3ec86c3ab
[2023-06-26 14:18:12,262] {taskinstance.py:1300} INFO - Exporting the following env vars:
AIRFLOW_CTX_DAG_OWNER=airflow
AIRFLOW_CTX_DAG_ID=my_first_dag
AIRFLOW_CTX_TASK_ID=create_user
AIRFLOW_CTX_EXECUTION_DATE=2023-06-13T12:01:02+00:00
AIRFLOW_CTX_DAG_RUN_ID=scheduled__2023-06-13T12:01:02+00:00
[2023-06-26 14:18:12,265] {subprocess.py:52} INFO - Tmp dir root location: 
 /tmp
[2023-06-26 14:18:12,266] {subprocess.py:63} INFO - Running command: ['bash', '-c', '\nid -u test_user;\nif [$? -eq o];\n    then echo "User exists"\nelse sudo useradd -r test_user;\n    echo "User created";\nfi']
[2023-06-26 14:18:12,278] {subprocess.py:75} INFO - Output:
[2023-06-26 14:18:12,353] {subprocess.py:79} INFO - id: ‘test_user’: no such user
[2023-06-26 14:18:12,360] {subprocess.py:79} INFO - bash: line 2: [1: command not found
[2023-06-26 14:18:12,426] {subprocess.py:79} INFO - 
[2023-06-26 14:18:12,427] {subprocess.py:79} INFO - We trust you have received the usual lecture from the local System
[2023-06-26 14:18:12,428] {subprocess.py:79} INFO - Administrator. It usually boils down to these three things:
[2023-06-26 14:18:12,429] {subprocess.py:79} INFO - 
[2023-06-26 14:18:12,430] {subprocess.py:79} INFO -     #1) Respect the privacy of others.
[2023-06-26 14:18:12,431] {subprocess.py:79} INFO -     #2) Think before you type.
[2023-06-26 14:18:12,431] {subprocess.py:79} INFO -     #3) With great power comes great responsibility.
[2023-06-26 14:18:12,432] {subprocess.py:79} INFO - 
[2023-06-26 14:18:12,433] {subprocess.py:79} INFO - sudo: no tty present and no askpass program specified
[2023-06-26 14:18:12,440] {subprocess.py:79} INFO - User created
[2023-06-26 14:18:12,443] {subprocess.py:83} INFO - Command exited with return code 0
[2023-06-26 14:18:12,512] {taskinstance.py:1204} INFO - Marking task as SUCCESS. dag_id=my_first_dag, task_id=create_user, execution_date=20230613T120102, start_date=20230626T141811, end_date=20230626T141812
[2023-06-26 14:18:12,595] {taskinstance.py:1265} INFO - 0 downstream tasks scheduled from follow-on schedule check
[2023-06-26 14:18:12,606] {local_task_job.py:151} INFO - Task exited with return code 0
