[2023-07-12 09:08:48,710] {taskinstance.py:896} INFO - Dependencies all met for <TaskInstance: my_first_dag.create_user 2023-06-18T13:01:35+00:00 [queued]>
[2023-07-12 09:08:48,844] {taskinstance.py:896} INFO - Dependencies all met for <TaskInstance: my_first_dag.create_user 2023-06-18T13:01:35+00:00 [queued]>
[2023-07-12 09:08:48,845] {taskinstance.py:1087} INFO - 
--------------------------------------------------------------------------------
[2023-07-12 09:08:48,845] {taskinstance.py:1088} INFO - Starting attempt 1 of 1
[2023-07-12 09:08:48,846] {taskinstance.py:1089} INFO - 
--------------------------------------------------------------------------------
[2023-07-12 09:08:48,907] {taskinstance.py:1107} INFO - Executing <Task(BashOperator): create_user> on 2023-06-18T13:01:35+00:00
[2023-07-12 09:08:48,927] {standard_task_runner.py:52} INFO - Started process 50389 to run task
[2023-07-12 09:08:48,956] {standard_task_runner.py:76} INFO - Running: ['airflow', 'tasks', 'run', 'my_first_dag', 'create_user', '2023-06-18T13:01:35+00:00', '--job-id', '8095', '--pool', 'default_pool', '--raw', '--subdir', 'DAGS_FOLDER/data_ingestion_dag/test.py', '--cfg-path', '/tmp/tmpwrewbp41', '--error-file', '/tmp/tmpw3cvgo4y']
[2023-07-12 09:08:48,958] {standard_task_runner.py:77} INFO - Job 8095: Subtask create_user
[2023-07-12 09:08:49,088] {logging_mixin.py:104} INFO - Running <TaskInstance: my_first_dag.create_user 2023-06-18T13:01:35+00:00 [running]> on host d9c3ec86c3ab
[2023-07-12 09:08:49,534] {taskinstance.py:1300} INFO - Exporting the following env vars:
AIRFLOW_CTX_DAG_OWNER=airflow
AIRFLOW_CTX_DAG_ID=my_first_dag
AIRFLOW_CTX_TASK_ID=create_user
AIRFLOW_CTX_EXECUTION_DATE=2023-06-18T13:01:35+00:00
AIRFLOW_CTX_DAG_RUN_ID=scheduled__2023-06-18T13:01:35+00:00
[2023-07-12 09:08:49,537] {subprocess.py:52} INFO - Tmp dir root location: 
 /tmp
[2023-07-12 09:08:49,538] {subprocess.py:63} INFO - Running command: ['bash', '-c', '\nid -u test_user;\nif [$? -eq o];\n    then echo "User exists"\nelse sudo useradd -r test_user;\n    echo "User created";\nfi']
[2023-07-12 09:08:49,553] {subprocess.py:75} INFO - Output:
[2023-07-12 09:08:49,653] {subprocess.py:79} INFO - id: ‘test_user’: no such user
[2023-07-12 09:08:49,664] {subprocess.py:79} INFO - bash: line 2: [1: command not found
[2023-07-12 09:08:49,801] {subprocess.py:79} INFO - 
[2023-07-12 09:08:49,802] {subprocess.py:79} INFO - We trust you have received the usual lecture from the local System
[2023-07-12 09:08:49,804] {subprocess.py:79} INFO - Administrator. It usually boils down to these three things:
[2023-07-12 09:08:49,805] {subprocess.py:79} INFO - 
[2023-07-12 09:08:49,806] {subprocess.py:79} INFO -     #1) Respect the privacy of others.
[2023-07-12 09:08:49,807] {subprocess.py:79} INFO -     #2) Think before you type.
[2023-07-12 09:08:49,807] {subprocess.py:79} INFO -     #3) With great power comes great responsibility.
[2023-07-12 09:08:49,808] {subprocess.py:79} INFO - 
[2023-07-12 09:08:49,810] {subprocess.py:79} INFO - sudo: no tty present and no askpass program specified
[2023-07-12 09:08:49,820] {subprocess.py:79} INFO - User created
[2023-07-12 09:08:49,826] {subprocess.py:83} INFO - Command exited with return code 0
[2023-07-12 09:08:49,937] {taskinstance.py:1204} INFO - Marking task as SUCCESS. dag_id=my_first_dag, task_id=create_user, execution_date=20230618T130135, start_date=20230712T090848, end_date=20230712T090849
[2023-07-12 09:08:50,025] {taskinstance.py:1265} INFO - 0 downstream tasks scheduled from follow-on schedule check
[2023-07-12 09:08:50,075] {local_task_job.py:151} INFO - Task exited with return code 0
