[2023-06-27 08:58:09,579] {taskinstance.py:896} INFO - Dependencies all met for <TaskInstance: my_first_dag.create_user 2023-06-14T16:01:36+00:00 [queued]>
[2023-06-27 08:58:09,644] {taskinstance.py:896} INFO - Dependencies all met for <TaskInstance: my_first_dag.create_user 2023-06-14T16:01:36+00:00 [queued]>
[2023-06-27 08:58:09,645] {taskinstance.py:1087} INFO - 
--------------------------------------------------------------------------------
[2023-06-27 08:58:09,645] {taskinstance.py:1088} INFO - Starting attempt 1 of 1
[2023-06-27 08:58:09,646] {taskinstance.py:1089} INFO - 
--------------------------------------------------------------------------------
[2023-06-27 08:58:09,696] {taskinstance.py:1107} INFO - Executing <Task(BashOperator): create_user> on 2023-06-14T16:01:36+00:00
[2023-06-27 08:58:09,706] {standard_task_runner.py:52} INFO - Started process 51778 to run task
[2023-06-27 08:58:09,723] {standard_task_runner.py:76} INFO - Running: ['airflow', 'tasks', 'run', 'my_first_dag', 'create_user', '2023-06-14T16:01:36+00:00', '--job-id', '2462', '--pool', 'default_pool', '--raw', '--subdir', 'DAGS_FOLDER/data_ingestion_dag/test.py', '--cfg-path', '/tmp/tmp5lfjo7ss', '--error-file', '/tmp/tmpjbh89b59']
[2023-06-27 08:58:09,726] {standard_task_runner.py:77} INFO - Job 2462: Subtask create_user
[2023-06-27 08:58:09,876] {logging_mixin.py:104} INFO - Running <TaskInstance: my_first_dag.create_user 2023-06-14T16:01:36+00:00 [running]> on host d9c3ec86c3ab
[2023-06-27 08:58:10,110] {taskinstance.py:1300} INFO - Exporting the following env vars:
AIRFLOW_CTX_DAG_OWNER=airflow
AIRFLOW_CTX_DAG_ID=my_first_dag
AIRFLOW_CTX_TASK_ID=create_user
AIRFLOW_CTX_EXECUTION_DATE=2023-06-14T16:01:36+00:00
AIRFLOW_CTX_DAG_RUN_ID=scheduled__2023-06-14T16:01:36+00:00
[2023-06-27 08:58:10,112] {subprocess.py:52} INFO - Tmp dir root location: 
 /tmp
[2023-06-27 08:58:10,114] {subprocess.py:63} INFO - Running command: ['bash', '-c', '\nid -u test_user;\nif [$? -eq o];\n    then echo "User exists"\nelse sudo useradd -r test_user;\n    echo "User created";\nfi']
[2023-06-27 08:58:10,128] {subprocess.py:75} INFO - Output:
[2023-06-27 08:58:10,206] {subprocess.py:79} INFO - id: ‘test_user’: no such user
[2023-06-27 08:58:10,214] {subprocess.py:79} INFO - bash: line 2: [1: command not found
[2023-06-27 08:58:10,280] {subprocess.py:79} INFO - 
[2023-06-27 08:58:10,281] {subprocess.py:79} INFO - We trust you have received the usual lecture from the local System
[2023-06-27 08:58:10,282] {subprocess.py:79} INFO - Administrator. It usually boils down to these three things:
[2023-06-27 08:58:10,282] {subprocess.py:79} INFO - 
[2023-06-27 08:58:10,283] {subprocess.py:79} INFO -     #1) Respect the privacy of others.
[2023-06-27 08:58:10,284] {subprocess.py:79} INFO -     #2) Think before you type.
[2023-06-27 08:58:10,284] {subprocess.py:79} INFO -     #3) With great power comes great responsibility.
[2023-06-27 08:58:10,285] {subprocess.py:79} INFO - 
[2023-06-27 08:58:10,286] {subprocess.py:79} INFO - sudo: no tty present and no askpass program specified
[2023-06-27 08:58:10,295] {subprocess.py:79} INFO - User created
[2023-06-27 08:58:10,298] {subprocess.py:83} INFO - Command exited with return code 0
[2023-06-27 08:58:10,366] {taskinstance.py:1204} INFO - Marking task as SUCCESS. dag_id=my_first_dag, task_id=create_user, execution_date=20230614T160136, start_date=20230627T085809, end_date=20230627T085810
[2023-06-27 08:58:10,448] {taskinstance.py:1265} INFO - 0 downstream tasks scheduled from follow-on schedule check
[2023-06-27 08:58:10,500] {local_task_job.py:151} INFO - Task exited with return code 0
