[2023-07-12 12:15:00,871] {taskinstance.py:896} INFO - Dependencies all met for <TaskInstance: my_first_dag.create_user 2023-06-19T04:01:22+00:00 [queued]>
[2023-07-12 12:15:00,985] {taskinstance.py:896} INFO - Dependencies all met for <TaskInstance: my_first_dag.create_user 2023-06-19T04:01:22+00:00 [queued]>
[2023-07-12 12:15:00,986] {taskinstance.py:1087} INFO - 
--------------------------------------------------------------------------------
[2023-07-12 12:15:00,986] {taskinstance.py:1088} INFO - Starting attempt 1 of 1
[2023-07-12 12:15:00,987] {taskinstance.py:1089} INFO - 
--------------------------------------------------------------------------------
[2023-07-12 12:15:01,038] {taskinstance.py:1107} INFO - Executing <Task(BashOperator): create_user> on 2023-06-19T04:01:22+00:00
[2023-07-12 12:15:01,043] {standard_task_runner.py:52} INFO - Started process 69370 to run task
[2023-07-12 12:15:01,055] {standard_task_runner.py:76} INFO - Running: ['airflow', 'tasks', 'run', 'my_first_dag', 'create_user', '2023-06-19T04:01:22+00:00', '--job-id', '8986', '--pool', 'default_pool', '--raw', '--subdir', 'DAGS_FOLDER/data_ingestion_dag/test.py', '--cfg-path', '/tmp/tmp5z8olcvw', '--error-file', '/tmp/tmphb25op1b']
[2023-07-12 12:15:01,057] {standard_task_runner.py:77} INFO - Job 8986: Subtask create_user
[2023-07-12 12:15:01,158] {logging_mixin.py:104} INFO - Running <TaskInstance: my_first_dag.create_user 2023-06-19T04:01:22+00:00 [running]> on host d9c3ec86c3ab
[2023-07-12 12:15:01,461] {taskinstance.py:1300} INFO - Exporting the following env vars:
AIRFLOW_CTX_DAG_OWNER=airflow
AIRFLOW_CTX_DAG_ID=my_first_dag
AIRFLOW_CTX_TASK_ID=create_user
AIRFLOW_CTX_EXECUTION_DATE=2023-06-19T04:01:22+00:00
AIRFLOW_CTX_DAG_RUN_ID=scheduled__2023-06-19T04:01:22+00:00
[2023-07-12 12:15:01,464] {subprocess.py:52} INFO - Tmp dir root location: 
 /tmp
[2023-07-12 12:15:01,465] {subprocess.py:63} INFO - Running command: ['bash', '-c', '\nid -u test_user;\nif [$? -eq o];\n    then echo "User exists"\nelse sudo useradd -r test_user;\n    echo "User created";\nfi']
[2023-07-12 12:15:01,476] {subprocess.py:75} INFO - Output:
[2023-07-12 12:15:01,547] {subprocess.py:79} INFO - id: ‘test_user’: no such user
[2023-07-12 12:15:01,554] {subprocess.py:79} INFO - bash: line 2: [1: command not found
[2023-07-12 12:15:01,624] {subprocess.py:79} INFO - 
[2023-07-12 12:15:01,625] {subprocess.py:79} INFO - We trust you have received the usual lecture from the local System
[2023-07-12 12:15:01,626] {subprocess.py:79} INFO - Administrator. It usually boils down to these three things:
[2023-07-12 12:15:01,627] {subprocess.py:79} INFO - 
[2023-07-12 12:15:01,629] {subprocess.py:79} INFO -     #1) Respect the privacy of others.
[2023-07-12 12:15:01,630] {subprocess.py:79} INFO -     #2) Think before you type.
[2023-07-12 12:15:01,631] {subprocess.py:79} INFO -     #3) With great power comes great responsibility.
[2023-07-12 12:15:01,632] {subprocess.py:79} INFO - 
[2023-07-12 12:15:01,633] {subprocess.py:79} INFO - sudo: no tty present and no askpass program specified
[2023-07-12 12:15:01,639] {subprocess.py:79} INFO - User created
[2023-07-12 12:15:01,642] {subprocess.py:83} INFO - Command exited with return code 0
[2023-07-12 12:15:01,711] {taskinstance.py:1204} INFO - Marking task as SUCCESS. dag_id=my_first_dag, task_id=create_user, execution_date=20230619T040122, start_date=20230712T121500, end_date=20230712T121501
[2023-07-12 12:15:01,798] {taskinstance.py:1265} INFO - 0 downstream tasks scheduled from follow-on schedule check
[2023-07-12 12:15:01,835] {local_task_job.py:151} INFO - Task exited with return code 0
