[2023-07-13 09:41:37,442] {taskinstance.py:896} INFO - Dependencies all met for <TaskInstance: my_first_dag.create_user 2023-06-20T08:01:59+00:00 [queued]>
[2023-07-13 09:41:37,555] {taskinstance.py:896} INFO - Dependencies all met for <TaskInstance: my_first_dag.create_user 2023-06-20T08:01:59+00:00 [queued]>
[2023-07-13 09:41:37,556] {taskinstance.py:1087} INFO - 
--------------------------------------------------------------------------------
[2023-07-13 09:41:37,557] {taskinstance.py:1088} INFO - Starting attempt 1 of 1
[2023-07-13 09:41:37,557] {taskinstance.py:1089} INFO - 
--------------------------------------------------------------------------------
[2023-07-13 09:41:37,615] {taskinstance.py:1107} INFO - Executing <Task(BashOperator): create_user> on 2023-06-20T08:01:59+00:00
[2023-07-13 09:41:37,619] {standard_task_runner.py:52} INFO - Started process 6529 to run task
[2023-07-13 09:41:37,630] {standard_task_runner.py:76} INFO - Running: ['airflow', 'tasks', 'run', 'my_first_dag', 'create_user', '2023-06-20T08:01:59+00:00', '--job-id', '10719', '--pool', 'default_pool', '--raw', '--subdir', 'DAGS_FOLDER/data_ingestion_dag/test.py', '--cfg-path', '/tmp/tmplzjqtmic', '--error-file', '/tmp/tmpkm57wnvd']
[2023-07-13 09:41:37,632] {standard_task_runner.py:77} INFO - Job 10719: Subtask create_user
[2023-07-13 09:41:37,725] {logging_mixin.py:104} INFO - Running <TaskInstance: my_first_dag.create_user 2023-06-20T08:01:59+00:00 [running]> on host d9c3ec86c3ab
[2023-07-13 09:41:38,098] {taskinstance.py:1300} INFO - Exporting the following env vars:
AIRFLOW_CTX_DAG_OWNER=airflow
AIRFLOW_CTX_DAG_ID=my_first_dag
AIRFLOW_CTX_TASK_ID=create_user
AIRFLOW_CTX_EXECUTION_DATE=2023-06-20T08:01:59+00:00
AIRFLOW_CTX_DAG_RUN_ID=scheduled__2023-06-20T08:01:59+00:00
[2023-07-13 09:41:38,101] {subprocess.py:52} INFO - Tmp dir root location: 
 /tmp
[2023-07-13 09:41:38,102] {subprocess.py:63} INFO - Running command: ['bash', '-c', '\nid -u test_user;\nif [$? -eq o];\n    then echo "User exists"\nelse sudo useradd -r test_user;\n    echo "User created";\nfi']
[2023-07-13 09:41:38,114] {subprocess.py:75} INFO - Output:
[2023-07-13 09:41:38,186] {subprocess.py:79} INFO - id: ‘test_user’: no such user
[2023-07-13 09:41:38,193] {subprocess.py:79} INFO - bash: line 2: [1: command not found
[2023-07-13 09:41:38,260] {subprocess.py:79} INFO - 
[2023-07-13 09:41:38,263] {subprocess.py:79} INFO - We trust you have received the usual lecture from the local System
[2023-07-13 09:41:38,264] {subprocess.py:79} INFO - Administrator. It usually boils down to these three things:
[2023-07-13 09:41:38,264] {subprocess.py:79} INFO - 
[2023-07-13 09:41:38,265] {subprocess.py:79} INFO -     #1) Respect the privacy of others.
[2023-07-13 09:41:38,266] {subprocess.py:79} INFO -     #2) Think before you type.
[2023-07-13 09:41:38,266] {subprocess.py:79} INFO -     #3) With great power comes great responsibility.
[2023-07-13 09:41:38,267] {subprocess.py:79} INFO - 
[2023-07-13 09:41:38,267] {subprocess.py:79} INFO - sudo: no tty present and no askpass program specified
[2023-07-13 09:41:38,273] {subprocess.py:79} INFO - User created
[2023-07-13 09:41:38,276] {subprocess.py:83} INFO - Command exited with return code 0
[2023-07-13 09:41:38,346] {taskinstance.py:1204} INFO - Marking task as SUCCESS. dag_id=my_first_dag, task_id=create_user, execution_date=20230620T080159, start_date=20230713T094137, end_date=20230713T094138
[2023-07-13 09:41:38,420] {taskinstance.py:1265} INFO - 0 downstream tasks scheduled from follow-on schedule check
[2023-07-13 09:41:38,446] {local_task_job.py:151} INFO - Task exited with return code 0
