[2023-06-27 11:50:33,726] {taskinstance.py:896} INFO - Dependencies all met for <TaskInstance: my_first_dag.create_user 2023-06-15T06:01:03+00:00 [queued]>
[2023-06-27 11:50:33,806] {taskinstance.py:896} INFO - Dependencies all met for <TaskInstance: my_first_dag.create_user 2023-06-15T06:01:03+00:00 [queued]>
[2023-06-27 11:50:33,807] {taskinstance.py:1087} INFO - 
--------------------------------------------------------------------------------
[2023-06-27 11:50:33,807] {taskinstance.py:1088} INFO - Starting attempt 1 of 1
[2023-06-27 11:50:33,808] {taskinstance.py:1089} INFO - 
--------------------------------------------------------------------------------
[2023-06-27 11:50:33,858] {taskinstance.py:1107} INFO - Executing <Task(BashOperator): create_user> on 2023-06-15T06:01:03+00:00
[2023-06-27 11:50:33,862] {standard_task_runner.py:52} INFO - Started process 68923 to run task
[2023-06-27 11:50:33,874] {standard_task_runner.py:76} INFO - Running: ['airflow', 'tasks', 'run', 'my_first_dag', 'create_user', '2023-06-15T06:01:03+00:00', '--job-id', '3272', '--pool', 'default_pool', '--raw', '--subdir', 'DAGS_FOLDER/data_ingestion_dag/test.py', '--cfg-path', '/tmp/tmpega3340e', '--error-file', '/tmp/tmppi280_6a']
[2023-06-27 11:50:33,876] {standard_task_runner.py:77} INFO - Job 3272: Subtask create_user
[2023-06-27 11:50:33,982] {logging_mixin.py:104} INFO - Running <TaskInstance: my_first_dag.create_user 2023-06-15T06:01:03+00:00 [running]> on host d9c3ec86c3ab
[2023-06-27 11:50:34,189] {taskinstance.py:1300} INFO - Exporting the following env vars:
AIRFLOW_CTX_DAG_OWNER=airflow
AIRFLOW_CTX_DAG_ID=my_first_dag
AIRFLOW_CTX_TASK_ID=create_user
AIRFLOW_CTX_EXECUTION_DATE=2023-06-15T06:01:03+00:00
AIRFLOW_CTX_DAG_RUN_ID=scheduled__2023-06-15T06:01:03+00:00
[2023-06-27 11:50:34,192] {subprocess.py:52} INFO - Tmp dir root location: 
 /tmp
[2023-06-27 11:50:34,193] {subprocess.py:63} INFO - Running command: ['bash', '-c', '\nid -u test_user;\nif [$? -eq o];\n    then echo "User exists"\nelse sudo useradd -r test_user;\n    echo "User created";\nfi']
[2023-06-27 11:50:34,204] {subprocess.py:75} INFO - Output:
[2023-06-27 11:50:34,275] {subprocess.py:79} INFO - id: ‘test_user’: no such user
[2023-06-27 11:50:34,282] {subprocess.py:79} INFO - bash: line 2: [1: command not found
[2023-06-27 11:50:34,347] {subprocess.py:79} INFO - 
[2023-06-27 11:50:34,349] {subprocess.py:79} INFO - We trust you have received the usual lecture from the local System
[2023-06-27 11:50:34,350] {subprocess.py:79} INFO - Administrator. It usually boils down to these three things:
[2023-06-27 11:50:34,351] {subprocess.py:79} INFO - 
[2023-06-27 11:50:34,351] {subprocess.py:79} INFO -     #1) Respect the privacy of others.
[2023-06-27 11:50:34,352] {subprocess.py:79} INFO -     #2) Think before you type.
[2023-06-27 11:50:34,353] {subprocess.py:79} INFO -     #3) With great power comes great responsibility.
[2023-06-27 11:50:34,354] {subprocess.py:79} INFO - 
[2023-06-27 11:50:34,355] {subprocess.py:79} INFO - sudo: no tty present and no askpass program specified
[2023-06-27 11:50:34,361] {subprocess.py:79} INFO - User created
[2023-06-27 11:50:34,364] {subprocess.py:83} INFO - Command exited with return code 0
[2023-06-27 11:50:34,429] {taskinstance.py:1204} INFO - Marking task as SUCCESS. dag_id=my_first_dag, task_id=create_user, execution_date=20230615T060103, start_date=20230627T115033, end_date=20230627T115034
[2023-06-27 11:50:34,511] {taskinstance.py:1265} INFO - 0 downstream tasks scheduled from follow-on schedule check
[2023-06-27 11:50:34,527] {local_task_job.py:151} INFO - Task exited with return code 0
