[2023-06-29 10:03:37,397] {taskinstance.py:896} INFO - Dependencies all met for <TaskInstance: my_first_dag.create_user 2023-06-16T15:01:29+00:00 [queued]>
[2023-06-29 10:03:37,495] {taskinstance.py:896} INFO - Dependencies all met for <TaskInstance: my_first_dag.create_user 2023-06-16T15:01:29+00:00 [queued]>
[2023-06-29 10:03:37,496] {taskinstance.py:1087} INFO - 
--------------------------------------------------------------------------------
[2023-06-29 10:03:37,497] {taskinstance.py:1088} INFO - Starting attempt 1 of 1
[2023-06-29 10:03:37,497] {taskinstance.py:1089} INFO - 
--------------------------------------------------------------------------------
[2023-06-29 10:03:37,596] {taskinstance.py:1107} INFO - Executing <Task(BashOperator): create_user> on 2023-06-16T15:01:29+00:00
[2023-06-29 10:03:37,602] {standard_task_runner.py:52} INFO - Started process 35667 to run task
[2023-06-29 10:03:37,615] {standard_task_runner.py:76} INFO - Running: ['airflow', 'tasks', 'run', 'my_first_dag', 'create_user', '2023-06-16T15:01:29+00:00', '--job-id', '5303', '--pool', 'default_pool', '--raw', '--subdir', 'DAGS_FOLDER/data_ingestion_dag/test.py', '--cfg-path', '/tmp/tmpazj75j1b', '--error-file', '/tmp/tmpe4g2tdwh']
[2023-06-29 10:03:37,617] {standard_task_runner.py:77} INFO - Job 5303: Subtask create_user
[2023-06-29 10:03:37,719] {logging_mixin.py:104} INFO - Running <TaskInstance: my_first_dag.create_user 2023-06-16T15:01:29+00:00 [running]> on host d9c3ec86c3ab
[2023-06-29 10:03:38,069] {taskinstance.py:1300} INFO - Exporting the following env vars:
AIRFLOW_CTX_DAG_OWNER=airflow
AIRFLOW_CTX_DAG_ID=my_first_dag
AIRFLOW_CTX_TASK_ID=create_user
AIRFLOW_CTX_EXECUTION_DATE=2023-06-16T15:01:29+00:00
AIRFLOW_CTX_DAG_RUN_ID=scheduled__2023-06-16T15:01:29+00:00
[2023-06-29 10:03:38,073] {subprocess.py:52} INFO - Tmp dir root location: 
 /tmp
[2023-06-29 10:03:38,076] {subprocess.py:63} INFO - Running command: ['bash', '-c', '\nid -u test_user;\nif [$? -eq o];\n    then echo "User exists"\nelse sudo useradd -r test_user;\n    echo "User created";\nfi']
[2023-06-29 10:03:38,092] {subprocess.py:75} INFO - Output:
[2023-06-29 10:03:38,180] {subprocess.py:79} INFO - id: ‘test_user’: no such user
[2023-06-29 10:03:38,187] {subprocess.py:79} INFO - bash: line 2: [1: command not found
[2023-06-29 10:03:38,251] {subprocess.py:79} INFO - 
[2023-06-29 10:03:38,253] {subprocess.py:79} INFO - We trust you have received the usual lecture from the local System
[2023-06-29 10:03:38,253] {subprocess.py:79} INFO - Administrator. It usually boils down to these three things:
[2023-06-29 10:03:38,254] {subprocess.py:79} INFO - 
[2023-06-29 10:03:38,255] {subprocess.py:79} INFO -     #1) Respect the privacy of others.
[2023-06-29 10:03:38,255] {subprocess.py:79} INFO -     #2) Think before you type.
[2023-06-29 10:03:38,256] {subprocess.py:79} INFO -     #3) With great power comes great responsibility.
[2023-06-29 10:03:38,257] {subprocess.py:79} INFO - 
[2023-06-29 10:03:38,257] {subprocess.py:79} INFO - sudo: no tty present and no askpass program specified
[2023-06-29 10:03:38,265] {subprocess.py:79} INFO - User created
[2023-06-29 10:03:38,268] {subprocess.py:83} INFO - Command exited with return code 0
[2023-06-29 10:03:38,340] {taskinstance.py:1204} INFO - Marking task as SUCCESS. dag_id=my_first_dag, task_id=create_user, execution_date=20230616T150129, start_date=20230629T100337, end_date=20230629T100338
[2023-06-29 10:03:38,418] {taskinstance.py:1265} INFO - 0 downstream tasks scheduled from follow-on schedule check
[2023-06-29 10:03:38,433] {local_task_job.py:151} INFO - Task exited with return code 0
