[2023-06-27 07:47:36,970] {taskinstance.py:896} INFO - Dependencies all met for <TaskInstance: my_first_dag.create_user 2023-06-14T10:01:36+00:00 [queued]>
[2023-06-27 07:47:37,043] {taskinstance.py:896} INFO - Dependencies all met for <TaskInstance: my_first_dag.create_user 2023-06-14T10:01:36+00:00 [queued]>
[2023-06-27 07:47:37,044] {taskinstance.py:1087} INFO - 
--------------------------------------------------------------------------------
[2023-06-27 07:47:37,045] {taskinstance.py:1088} INFO - Starting attempt 1 of 1
[2023-06-27 07:47:37,046] {taskinstance.py:1089} INFO - 
--------------------------------------------------------------------------------
[2023-06-27 07:47:37,094] {taskinstance.py:1107} INFO - Executing <Task(BashOperator): create_user> on 2023-06-14T10:01:36+00:00
[2023-06-27 07:47:37,099] {standard_task_runner.py:52} INFO - Started process 44100 to run task
[2023-06-27 07:47:37,110] {standard_task_runner.py:76} INFO - Running: ['airflow', 'tasks', 'run', 'my_first_dag', 'create_user', '2023-06-14T10:01:36+00:00', '--job-id', '2101', '--pool', 'default_pool', '--raw', '--subdir', 'DAGS_FOLDER/data_ingestion_dag/test.py', '--cfg-path', '/tmp/tmpo16q1sl_', '--error-file', '/tmp/tmpw4ax51_m']
[2023-06-27 07:47:37,112] {standard_task_runner.py:77} INFO - Job 2101: Subtask create_user
[2023-06-27 07:47:37,222] {logging_mixin.py:104} INFO - Running <TaskInstance: my_first_dag.create_user 2023-06-14T10:01:36+00:00 [running]> on host d9c3ec86c3ab
[2023-06-27 07:47:37,420] {taskinstance.py:1300} INFO - Exporting the following env vars:
AIRFLOW_CTX_DAG_OWNER=airflow
AIRFLOW_CTX_DAG_ID=my_first_dag
AIRFLOW_CTX_TASK_ID=create_user
AIRFLOW_CTX_EXECUTION_DATE=2023-06-14T10:01:36+00:00
AIRFLOW_CTX_DAG_RUN_ID=scheduled__2023-06-14T10:01:36+00:00
[2023-06-27 07:47:37,423] {subprocess.py:52} INFO - Tmp dir root location: 
 /tmp
[2023-06-27 07:47:37,425] {subprocess.py:63} INFO - Running command: ['bash', '-c', '\nid -u test_user;\nif [$? -eq o];\n    then echo "User exists"\nelse sudo useradd -r test_user;\n    echo "User created";\nfi']
[2023-06-27 07:47:37,436] {subprocess.py:75} INFO - Output:
[2023-06-27 07:47:37,507] {subprocess.py:79} INFO - id: ‘test_user’: no such user
[2023-06-27 07:47:37,514] {subprocess.py:79} INFO - bash: line 2: [1: command not found
[2023-06-27 07:47:37,578] {subprocess.py:79} INFO - 
[2023-06-27 07:47:37,579] {subprocess.py:79} INFO - We trust you have received the usual lecture from the local System
[2023-06-27 07:47:37,580] {subprocess.py:79} INFO - Administrator. It usually boils down to these three things:
[2023-06-27 07:47:37,581] {subprocess.py:79} INFO - 
[2023-06-27 07:47:37,581] {subprocess.py:79} INFO -     #1) Respect the privacy of others.
[2023-06-27 07:47:37,582] {subprocess.py:79} INFO -     #2) Think before you type.
[2023-06-27 07:47:37,582] {subprocess.py:79} INFO -     #3) With great power comes great responsibility.
[2023-06-27 07:47:37,583] {subprocess.py:79} INFO - 
[2023-06-27 07:47:37,583] {subprocess.py:79} INFO - sudo: no tty present and no askpass program specified
[2023-06-27 07:47:37,592] {subprocess.py:79} INFO - User created
[2023-06-27 07:47:37,595] {subprocess.py:83} INFO - Command exited with return code 0
[2023-06-27 07:47:37,651] {taskinstance.py:1204} INFO - Marking task as SUCCESS. dag_id=my_first_dag, task_id=create_user, execution_date=20230614T100136, start_date=20230627T074736, end_date=20230627T074737
[2023-06-27 07:47:37,749] {taskinstance.py:1265} INFO - 0 downstream tasks scheduled from follow-on schedule check
[2023-06-27 07:47:37,811] {local_task_job.py:151} INFO - Task exited with return code 0
