[2023-06-29 10:14:28,456] {taskinstance.py:896} INFO - Dependencies all met for <TaskInstance: my_first_dag.create_user 2023-06-16T16:01:25+00:00 [queued]>
[2023-06-29 10:14:28,564] {taskinstance.py:896} INFO - Dependencies all met for <TaskInstance: my_first_dag.create_user 2023-06-16T16:01:25+00:00 [queued]>
[2023-06-29 10:14:28,565] {taskinstance.py:1087} INFO - 
--------------------------------------------------------------------------------
[2023-06-29 10:14:28,566] {taskinstance.py:1088} INFO - Starting attempt 1 of 1
[2023-06-29 10:14:28,566] {taskinstance.py:1089} INFO - 
--------------------------------------------------------------------------------
[2023-06-29 10:14:28,666] {taskinstance.py:1107} INFO - Executing <Task(BashOperator): create_user> on 2023-06-16T16:01:25+00:00
[2023-06-29 10:14:28,681] {standard_task_runner.py:52} INFO - Started process 36859 to run task
[2023-06-29 10:14:28,697] {standard_task_runner.py:76} INFO - Running: ['airflow', 'tasks', 'run', 'my_first_dag', 'create_user', '2023-06-16T16:01:25+00:00', '--job-id', '5359', '--pool', 'default_pool', '--raw', '--subdir', 'DAGS_FOLDER/data_ingestion_dag/test.py', '--cfg-path', '/tmp/tmpxu3v1hi2', '--error-file', '/tmp/tmpkufv0fd9']
[2023-06-29 10:14:28,699] {standard_task_runner.py:77} INFO - Job 5359: Subtask create_user
[2023-06-29 10:14:28,816] {logging_mixin.py:104} INFO - Running <TaskInstance: my_first_dag.create_user 2023-06-16T16:01:25+00:00 [running]> on host d9c3ec86c3ab
[2023-06-29 10:14:29,262] {taskinstance.py:1300} INFO - Exporting the following env vars:
AIRFLOW_CTX_DAG_OWNER=airflow
AIRFLOW_CTX_DAG_ID=my_first_dag
AIRFLOW_CTX_TASK_ID=create_user
AIRFLOW_CTX_EXECUTION_DATE=2023-06-16T16:01:25+00:00
AIRFLOW_CTX_DAG_RUN_ID=scheduled__2023-06-16T16:01:25+00:00
[2023-06-29 10:14:29,266] {subprocess.py:52} INFO - Tmp dir root location: 
 /tmp
[2023-06-29 10:14:29,269] {subprocess.py:63} INFO - Running command: ['bash', '-c', '\nid -u test_user;\nif [$? -eq o];\n    then echo "User exists"\nelse sudo useradd -r test_user;\n    echo "User created";\nfi']
[2023-06-29 10:14:29,283] {subprocess.py:75} INFO - Output:
[2023-06-29 10:14:29,367] {subprocess.py:79} INFO - id: ‘test_user’: no such user
[2023-06-29 10:14:29,380] {subprocess.py:79} INFO - bash: line 2: [1: command not found
[2023-06-29 10:14:29,452] {subprocess.py:79} INFO - 
[2023-06-29 10:14:29,455] {subprocess.py:79} INFO - We trust you have received the usual lecture from the local System
[2023-06-29 10:14:29,457] {subprocess.py:79} INFO - Administrator. It usually boils down to these three things:
[2023-06-29 10:14:29,458] {subprocess.py:79} INFO - 
[2023-06-29 10:14:29,459] {subprocess.py:79} INFO -     #1) Respect the privacy of others.
[2023-06-29 10:14:29,460] {subprocess.py:79} INFO -     #2) Think before you type.
[2023-06-29 10:14:29,461] {subprocess.py:79} INFO -     #3) With great power comes great responsibility.
[2023-06-29 10:14:29,462] {subprocess.py:79} INFO - 
[2023-06-29 10:14:29,462] {subprocess.py:79} INFO - sudo: no tty present and no askpass program specified
[2023-06-29 10:14:29,469] {subprocess.py:79} INFO - User created
[2023-06-29 10:14:29,472] {subprocess.py:83} INFO - Command exited with return code 0
[2023-06-29 10:14:29,571] {taskinstance.py:1204} INFO - Marking task as SUCCESS. dag_id=my_first_dag, task_id=create_user, execution_date=20230616T160125, start_date=20230629T101428, end_date=20230629T101429
[2023-06-29 10:14:29,661] {taskinstance.py:1265} INFO - 0 downstream tasks scheduled from follow-on schedule check
[2023-06-29 10:14:29,682] {local_task_job.py:151} INFO - Task exited with return code 0
