[2023-07-13 11:20:58,433] {taskinstance.py:896} INFO - Dependencies all met for <TaskInstance: my_first_dag.create_user 2023-06-20T17:01:33+00:00 [queued]>
[2023-07-13 11:20:58,557] {taskinstance.py:896} INFO - Dependencies all met for <TaskInstance: my_first_dag.create_user 2023-06-20T17:01:33+00:00 [queued]>
[2023-07-13 11:20:58,557] {taskinstance.py:1087} INFO - 
--------------------------------------------------------------------------------
[2023-07-13 11:20:58,558] {taskinstance.py:1088} INFO - Starting attempt 1 of 1
[2023-07-13 11:20:58,558] {taskinstance.py:1089} INFO - 
--------------------------------------------------------------------------------
[2023-07-13 11:20:58,645] {taskinstance.py:1107} INFO - Executing <Task(BashOperator): create_user> on 2023-06-20T17:01:33+00:00
[2023-07-13 11:20:58,649] {standard_task_runner.py:52} INFO - Started process 17528 to run task
[2023-07-13 11:20:58,660] {standard_task_runner.py:76} INFO - Running: ['airflow', 'tasks', 'run', 'my_first_dag', 'create_user', '2023-06-20T17:01:33+00:00', '--job-id', '11235', '--pool', 'default_pool', '--raw', '--subdir', 'DAGS_FOLDER/data_ingestion_dag/test.py', '--cfg-path', '/tmp/tmp4rudsygp', '--error-file', '/tmp/tmp2osnmomn']
[2023-07-13 11:20:58,662] {standard_task_runner.py:77} INFO - Job 11235: Subtask create_user
[2023-07-13 11:20:58,763] {logging_mixin.py:104} INFO - Running <TaskInstance: my_first_dag.create_user 2023-06-20T17:01:33+00:00 [running]> on host d9c3ec86c3ab
[2023-07-13 11:20:59,168] {taskinstance.py:1300} INFO - Exporting the following env vars:
AIRFLOW_CTX_DAG_OWNER=airflow
AIRFLOW_CTX_DAG_ID=my_first_dag
AIRFLOW_CTX_TASK_ID=create_user
AIRFLOW_CTX_EXECUTION_DATE=2023-06-20T17:01:33+00:00
AIRFLOW_CTX_DAG_RUN_ID=scheduled__2023-06-20T17:01:33+00:00
[2023-07-13 11:20:59,171] {subprocess.py:52} INFO - Tmp dir root location: 
 /tmp
[2023-07-13 11:20:59,172] {subprocess.py:63} INFO - Running command: ['bash', '-c', '\nid -u test_user;\nif [$? -eq o];\n    then echo "User exists"\nelse sudo useradd -r test_user;\n    echo "User created";\nfi']
[2023-07-13 11:20:59,183] {subprocess.py:75} INFO - Output:
[2023-07-13 11:20:59,255] {subprocess.py:79} INFO - id: ‘test_user’: no such user
[2023-07-13 11:20:59,262] {subprocess.py:79} INFO - bash: line 2: [1: command not found
[2023-07-13 11:20:59,329] {subprocess.py:79} INFO - 
[2023-07-13 11:20:59,330] {subprocess.py:79} INFO - We trust you have received the usual lecture from the local System
[2023-07-13 11:20:59,331] {subprocess.py:79} INFO - Administrator. It usually boils down to these three things:
[2023-07-13 11:20:59,331] {subprocess.py:79} INFO - 
[2023-07-13 11:20:59,332] {subprocess.py:79} INFO -     #1) Respect the privacy of others.
[2023-07-13 11:20:59,333] {subprocess.py:79} INFO -     #2) Think before you type.
[2023-07-13 11:20:59,333] {subprocess.py:79} INFO -     #3) With great power comes great responsibility.
[2023-07-13 11:20:59,334] {subprocess.py:79} INFO - 
[2023-07-13 11:20:59,335] {subprocess.py:79} INFO - sudo: no tty present and no askpass program specified
[2023-07-13 11:20:59,342] {subprocess.py:79} INFO - User created
[2023-07-13 11:20:59,345] {subprocess.py:83} INFO - Command exited with return code 0
[2023-07-13 11:20:59,415] {taskinstance.py:1204} INFO - Marking task as SUCCESS. dag_id=my_first_dag, task_id=create_user, execution_date=20230620T170133, start_date=20230713T112058, end_date=20230713T112059
[2023-07-13 11:20:59,487] {taskinstance.py:1265} INFO - 0 downstream tasks scheduled from follow-on schedule check
[2023-07-13 11:20:59,523] {local_task_job.py:151} INFO - Task exited with return code 0
