[2023-07-30 12:19:22,991] {taskinstance.py:896} INFO - Dependencies all met for <TaskInstance: my_first_dag.create_user 2023-06-22T16:01:58+00:00 [queued]>
[2023-07-30 12:19:23,151] {taskinstance.py:896} INFO - Dependencies all met for <TaskInstance: my_first_dag.create_user 2023-06-22T16:01:58+00:00 [queued]>
[2023-07-30 12:19:23,152] {taskinstance.py:1087} INFO - 
--------------------------------------------------------------------------------
[2023-07-30 12:19:23,152] {taskinstance.py:1088} INFO - Starting attempt 1 of 1
[2023-07-30 12:19:23,153] {taskinstance.py:1089} INFO - 
--------------------------------------------------------------------------------
[2023-07-30 12:19:23,201] {taskinstance.py:1107} INFO - Executing <Task(BashOperator): create_user> on 2023-06-22T16:01:58+00:00
[2023-07-30 12:19:23,205] {standard_task_runner.py:52} INFO - Started process 5263 to run task
[2023-07-30 12:19:23,218] {standard_task_runner.py:76} INFO - Running: ['airflow', 'tasks', 'run', 'my_first_dag', 'create_user', '2023-06-22T16:01:58+00:00', '--job-id', '14122', '--pool', 'default_pool', '--raw', '--subdir', 'DAGS_FOLDER/data_ingestion_dag/test.py', '--cfg-path', '/tmp/tmpkbx6gwpg', '--error-file', '/tmp/tmp2p3b5886']
[2023-07-30 12:19:23,220] {standard_task_runner.py:77} INFO - Job 14122: Subtask create_user
[2023-07-30 12:19:23,319] {logging_mixin.py:104} INFO - Running <TaskInstance: my_first_dag.create_user 2023-06-22T16:01:58+00:00 [running]> on host fd6918d9d7f3
[2023-07-30 12:19:23,773] {taskinstance.py:1300} INFO - Exporting the following env vars:
AIRFLOW_CTX_DAG_OWNER=airflow
AIRFLOW_CTX_DAG_ID=my_first_dag
AIRFLOW_CTX_TASK_ID=create_user
AIRFLOW_CTX_EXECUTION_DATE=2023-06-22T16:01:58+00:00
AIRFLOW_CTX_DAG_RUN_ID=scheduled__2023-06-22T16:01:58+00:00
[2023-07-30 12:19:23,776] {subprocess.py:52} INFO - Tmp dir root location: 
 /tmp
[2023-07-30 12:19:23,778] {subprocess.py:63} INFO - Running command: ['bash', '-c', '\nid -u test_user;\nif [$? -eq o];\n    then echo "User exists"\nelse sudo useradd -r test_user;\n    echo "User created";\nfi']
[2023-07-30 12:19:23,789] {subprocess.py:75} INFO - Output:
[2023-07-30 12:19:23,864] {subprocess.py:79} INFO - id: ‘test_user’: no such user
[2023-07-30 12:19:23,875] {subprocess.py:79} INFO - bash: line 2: [1: command not found
[2023-07-30 12:19:24,098] {subprocess.py:79} INFO - 
[2023-07-30 12:19:24,100] {subprocess.py:79} INFO - We trust you have received the usual lecture from the local System
[2023-07-30 12:19:24,101] {subprocess.py:79} INFO - Administrator. It usually boils down to these three things:
[2023-07-30 12:19:24,102] {subprocess.py:79} INFO - 
[2023-07-30 12:19:24,103] {subprocess.py:79} INFO -     #1) Respect the privacy of others.
[2023-07-30 12:19:24,103] {subprocess.py:79} INFO -     #2) Think before you type.
[2023-07-30 12:19:24,104] {subprocess.py:79} INFO -     #3) With great power comes great responsibility.
[2023-07-30 12:19:24,104] {subprocess.py:79} INFO - 
[2023-07-30 12:19:24,105] {subprocess.py:79} INFO - sudo: no tty present and no askpass program specified
[2023-07-30 12:19:24,113] {subprocess.py:79} INFO - User created
[2023-07-30 12:19:24,118] {subprocess.py:83} INFO - Command exited with return code 0
[2023-07-30 12:19:24,188] {taskinstance.py:1204} INFO - Marking task as SUCCESS. dag_id=my_first_dag, task_id=create_user, execution_date=20230622T160158, start_date=20230730T121922, end_date=20230730T121924
[2023-07-30 12:19:24,271] {taskinstance.py:1265} INFO - 0 downstream tasks scheduled from follow-on schedule check
[2023-07-30 12:19:24,287] {local_task_job.py:151} INFO - Task exited with return code 0
