[2023-07-14 05:07:36,898] {taskinstance.py:896} INFO - Dependencies all met for <TaskInstance: my_first_dag.create_user 2023-06-21T01:01:37+00:00 [queued]>
[2023-07-14 05:07:37,029] {taskinstance.py:896} INFO - Dependencies all met for <TaskInstance: my_first_dag.create_user 2023-06-21T01:01:37+00:00 [queued]>
[2023-07-14 05:07:37,030] {taskinstance.py:1087} INFO - 
--------------------------------------------------------------------------------
[2023-07-14 05:07:37,030] {taskinstance.py:1088} INFO - Starting attempt 1 of 1
[2023-07-14 05:07:37,031] {taskinstance.py:1089} INFO - 
--------------------------------------------------------------------------------
[2023-07-14 05:07:37,098] {taskinstance.py:1107} INFO - Executing <Task(BashOperator): create_user> on 2023-06-21T01:01:37+00:00
[2023-07-14 05:07:37,102] {standard_task_runner.py:52} INFO - Started process 10436 to run task
[2023-07-14 05:07:37,113] {standard_task_runner.py:76} INFO - Running: ['airflow', 'tasks', 'run', 'my_first_dag', 'create_user', '2023-06-21T01:01:37+00:00', '--job-id', '11736', '--pool', 'default_pool', '--raw', '--subdir', 'DAGS_FOLDER/data_ingestion_dag/test.py', '--cfg-path', '/tmp/tmpwitn6p5m', '--error-file', '/tmp/tmpg48u_age']
[2023-07-14 05:07:37,115] {standard_task_runner.py:77} INFO - Job 11736: Subtask create_user
[2023-07-14 05:07:37,215] {logging_mixin.py:104} INFO - Running <TaskInstance: my_first_dag.create_user 2023-06-21T01:01:37+00:00 [running]> on host d9c3ec86c3ab
[2023-07-14 05:07:37,631] {taskinstance.py:1300} INFO - Exporting the following env vars:
AIRFLOW_CTX_DAG_OWNER=airflow
AIRFLOW_CTX_DAG_ID=my_first_dag
AIRFLOW_CTX_TASK_ID=create_user
AIRFLOW_CTX_EXECUTION_DATE=2023-06-21T01:01:37+00:00
AIRFLOW_CTX_DAG_RUN_ID=scheduled__2023-06-21T01:01:37+00:00
[2023-07-14 05:07:37,634] {subprocess.py:52} INFO - Tmp dir root location: 
 /tmp
[2023-07-14 05:07:37,635] {subprocess.py:63} INFO - Running command: ['bash', '-c', '\nid -u test_user;\nif [$? -eq o];\n    then echo "User exists"\nelse sudo useradd -r test_user;\n    echo "User created";\nfi']
[2023-07-14 05:07:37,645] {subprocess.py:75} INFO - Output:
[2023-07-14 05:07:37,718] {subprocess.py:79} INFO - id: ‘test_user’: no such user
[2023-07-14 05:07:37,725] {subprocess.py:79} INFO - bash: line 2: [1: command not found
[2023-07-14 05:07:37,787] {subprocess.py:79} INFO - 
[2023-07-14 05:07:37,788] {subprocess.py:79} INFO - We trust you have received the usual lecture from the local System
[2023-07-14 05:07:37,789] {subprocess.py:79} INFO - Administrator. It usually boils down to these three things:
[2023-07-14 05:07:37,789] {subprocess.py:79} INFO - 
[2023-07-14 05:07:37,790] {subprocess.py:79} INFO -     #1) Respect the privacy of others.
[2023-07-14 05:07:37,791] {subprocess.py:79} INFO -     #2) Think before you type.
[2023-07-14 05:07:37,791] {subprocess.py:79} INFO -     #3) With great power comes great responsibility.
[2023-07-14 05:07:37,792] {subprocess.py:79} INFO - 
[2023-07-14 05:07:37,792] {subprocess.py:79} INFO - sudo: no tty present and no askpass program specified
[2023-07-14 05:07:37,800] {subprocess.py:79} INFO - User created
[2023-07-14 05:07:37,803] {subprocess.py:83} INFO - Command exited with return code 0
[2023-07-14 05:07:37,912] {taskinstance.py:1204} INFO - Marking task as SUCCESS. dag_id=my_first_dag, task_id=create_user, execution_date=20230621T010137, start_date=20230714T050736, end_date=20230714T050737
[2023-07-14 05:07:37,991] {taskinstance.py:1265} INFO - 0 downstream tasks scheduled from follow-on schedule check
[2023-07-14 05:07:38,052] {local_task_job.py:151} INFO - Task exited with return code 0
