[2023-06-27 05:17:56,590] {taskinstance.py:896} INFO - Dependencies all met for <TaskInstance: my_first_dag.create_user 2023-06-13T21:01:00+00:00 [queued]>
[2023-06-27 05:17:56,640] {taskinstance.py:896} INFO - Dependencies all met for <TaskInstance: my_first_dag.create_user 2023-06-13T21:01:00+00:00 [queued]>
[2023-06-27 05:17:56,641] {taskinstance.py:1087} INFO - 
--------------------------------------------------------------------------------
[2023-06-27 05:17:56,641] {taskinstance.py:1088} INFO - Starting attempt 1 of 1
[2023-06-27 05:17:56,642] {taskinstance.py:1089} INFO - 
--------------------------------------------------------------------------------
[2023-06-27 05:17:56,690] {taskinstance.py:1107} INFO - Executing <Task(BashOperator): create_user> on 2023-06-13T21:01:00+00:00
[2023-06-27 05:17:56,695] {standard_task_runner.py:52} INFO - Started process 26859 to run task
[2023-06-27 05:17:56,706] {standard_task_runner.py:76} INFO - Running: ['airflow', 'tasks', 'run', 'my_first_dag', 'create_user', '2023-06-13T21:01:00+00:00', '--job-id', '1282', '--pool', 'default_pool', '--raw', '--subdir', 'DAGS_FOLDER/data_ingestion_dag/test.py', '--cfg-path', '/tmp/tmpl1ia7050', '--error-file', '/tmp/tmpmvn0k7_d']
[2023-06-27 05:17:56,708] {standard_task_runner.py:77} INFO - Job 1282: Subtask create_user
[2023-06-27 05:17:56,805] {logging_mixin.py:104} INFO - Running <TaskInstance: my_first_dag.create_user 2023-06-13T21:01:00+00:00 [running]> on host d9c3ec86c3ab
[2023-06-27 05:17:56,969] {taskinstance.py:1300} INFO - Exporting the following env vars:
AIRFLOW_CTX_DAG_OWNER=airflow
AIRFLOW_CTX_DAG_ID=my_first_dag
AIRFLOW_CTX_TASK_ID=create_user
AIRFLOW_CTX_EXECUTION_DATE=2023-06-13T21:01:00+00:00
AIRFLOW_CTX_DAG_RUN_ID=scheduled__2023-06-13T21:01:00+00:00
[2023-06-27 05:17:56,972] {subprocess.py:52} INFO - Tmp dir root location: 
 /tmp
[2023-06-27 05:17:56,973] {subprocess.py:63} INFO - Running command: ['bash', '-c', '\nid -u test_user;\nif [$? -eq o];\n    then echo "User exists"\nelse sudo useradd -r test_user;\n    echo "User created";\nfi']
[2023-06-27 05:17:56,983] {subprocess.py:75} INFO - Output:
[2023-06-27 05:17:57,054] {subprocess.py:79} INFO - id: ‘test_user’: no such user
[2023-06-27 05:17:57,061] {subprocess.py:79} INFO - bash: line 2: [1: command not found
[2023-06-27 05:17:57,125] {subprocess.py:79} INFO - 
[2023-06-27 05:17:57,126] {subprocess.py:79} INFO - We trust you have received the usual lecture from the local System
[2023-06-27 05:17:57,126] {subprocess.py:79} INFO - Administrator. It usually boils down to these three things:
[2023-06-27 05:17:57,128] {subprocess.py:79} INFO - 
[2023-06-27 05:17:57,129] {subprocess.py:79} INFO -     #1) Respect the privacy of others.
[2023-06-27 05:17:57,130] {subprocess.py:79} INFO -     #2) Think before you type.
[2023-06-27 05:17:57,130] {subprocess.py:79} INFO -     #3) With great power comes great responsibility.
[2023-06-27 05:17:57,131] {subprocess.py:79} INFO - 
[2023-06-27 05:17:57,132] {subprocess.py:79} INFO - sudo: no tty present and no askpass program specified
[2023-06-27 05:17:57,138] {subprocess.py:79} INFO - User created
[2023-06-27 05:17:57,141] {subprocess.py:83} INFO - Command exited with return code 0
[2023-06-27 05:17:57,196] {taskinstance.py:1204} INFO - Marking task as SUCCESS. dag_id=my_first_dag, task_id=create_user, execution_date=20230613T210100, start_date=20230627T051756, end_date=20230627T051757
[2023-06-27 05:17:57,276] {taskinstance.py:1265} INFO - 0 downstream tasks scheduled from follow-on schedule check
[2023-06-27 05:17:57,320] {local_task_job.py:151} INFO - Task exited with return code 0
