[2023-06-29 06:26:22,561] {taskinstance.py:896} INFO - Dependencies all met for <TaskInstance: my_first_dag.create_user 2023-06-16T01:01:59+00:00 [queued]>
[2023-06-29 06:26:22,642] {taskinstance.py:896} INFO - Dependencies all met for <TaskInstance: my_first_dag.create_user 2023-06-16T01:01:59+00:00 [queued]>
[2023-06-29 06:26:22,643] {taskinstance.py:1087} INFO - 
--------------------------------------------------------------------------------
[2023-06-29 06:26:22,643] {taskinstance.py:1088} INFO - Starting attempt 1 of 1
[2023-06-29 06:26:22,644] {taskinstance.py:1089} INFO - 
--------------------------------------------------------------------------------
[2023-06-29 06:26:22,706] {taskinstance.py:1107} INFO - Executing <Task(BashOperator): create_user> on 2023-06-16T01:01:59+00:00
[2023-06-29 06:26:22,711] {standard_task_runner.py:52} INFO - Started process 18311 to run task
[2023-06-29 06:26:22,724] {standard_task_runner.py:76} INFO - Running: ['airflow', 'tasks', 'run', 'my_first_dag', 'create_user', '2023-06-16T01:01:59+00:00', '--job-id', '4489', '--pool', 'default_pool', '--raw', '--subdir', 'DAGS_FOLDER/data_ingestion_dag/test.py', '--cfg-path', '/tmp/tmpyy4a12et', '--error-file', '/tmp/tmp978qeax_']
[2023-06-29 06:26:22,726] {standard_task_runner.py:77} INFO - Job 4489: Subtask create_user
[2023-06-29 06:26:22,826] {logging_mixin.py:104} INFO - Running <TaskInstance: my_first_dag.create_user 2023-06-16T01:01:59+00:00 [running]> on host d9c3ec86c3ab
[2023-06-29 06:26:23,116] {taskinstance.py:1300} INFO - Exporting the following env vars:
AIRFLOW_CTX_DAG_OWNER=airflow
AIRFLOW_CTX_DAG_ID=my_first_dag
AIRFLOW_CTX_TASK_ID=create_user
AIRFLOW_CTX_EXECUTION_DATE=2023-06-16T01:01:59+00:00
AIRFLOW_CTX_DAG_RUN_ID=scheduled__2023-06-16T01:01:59+00:00
[2023-06-29 06:26:23,119] {subprocess.py:52} INFO - Tmp dir root location: 
 /tmp
[2023-06-29 06:26:23,120] {subprocess.py:63} INFO - Running command: ['bash', '-c', '\nid -u test_user;\nif [$? -eq o];\n    then echo "User exists"\nelse sudo useradd -r test_user;\n    echo "User created";\nfi']
[2023-06-29 06:26:23,131] {subprocess.py:75} INFO - Output:
[2023-06-29 06:26:23,204] {subprocess.py:79} INFO - id: ‘test_user’: no such user
[2023-06-29 06:26:23,211] {subprocess.py:79} INFO - bash: line 2: [1: command not found
[2023-06-29 06:26:23,276] {subprocess.py:79} INFO - 
[2023-06-29 06:26:23,277] {subprocess.py:79} INFO - We trust you have received the usual lecture from the local System
[2023-06-29 06:26:23,278] {subprocess.py:79} INFO - Administrator. It usually boils down to these three things:
[2023-06-29 06:26:23,279] {subprocess.py:79} INFO - 
[2023-06-29 06:26:23,279] {subprocess.py:79} INFO -     #1) Respect the privacy of others.
[2023-06-29 06:26:23,280] {subprocess.py:79} INFO -     #2) Think before you type.
[2023-06-29 06:26:23,280] {subprocess.py:79} INFO -     #3) With great power comes great responsibility.
[2023-06-29 06:26:23,281] {subprocess.py:79} INFO - 
[2023-06-29 06:26:23,282] {subprocess.py:79} INFO - sudo: no tty present and no askpass program specified
[2023-06-29 06:26:23,288] {subprocess.py:79} INFO - User created
[2023-06-29 06:26:23,291] {subprocess.py:83} INFO - Command exited with return code 0
[2023-06-29 06:26:23,360] {taskinstance.py:1204} INFO - Marking task as SUCCESS. dag_id=my_first_dag, task_id=create_user, execution_date=20230616T010159, start_date=20230629T062622, end_date=20230629T062623
[2023-06-29 06:26:23,436] {taskinstance.py:1265} INFO - 0 downstream tasks scheduled from follow-on schedule check
[2023-06-29 06:26:23,461] {local_task_job.py:151} INFO - Task exited with return code 0
