[2023-07-13 07:21:17,623] {taskinstance.py:896} INFO - Dependencies all met for <TaskInstance: my_first_dag.create_user 2023-06-20T00:01:11+00:00 [queued]>
[2023-07-13 07:21:17,763] {taskinstance.py:896} INFO - Dependencies all met for <TaskInstance: my_first_dag.create_user 2023-06-20T00:01:11+00:00 [queued]>
[2023-07-13 07:21:17,765] {taskinstance.py:1087} INFO - 
--------------------------------------------------------------------------------
[2023-07-13 07:21:17,765] {taskinstance.py:1088} INFO - Starting attempt 1 of 1
[2023-07-13 07:21:17,766] {taskinstance.py:1089} INFO - 
--------------------------------------------------------------------------------
[2023-07-13 07:21:17,834] {taskinstance.py:1107} INFO - Executing <Task(BashOperator): create_user> on 2023-06-20T00:01:11+00:00
[2023-07-13 07:21:17,843] {standard_task_runner.py:52} INFO - Started process 94935 to run task
[2023-07-13 07:21:17,859] {standard_task_runner.py:76} INFO - Running: ['airflow', 'tasks', 'run', 'my_first_dag', 'create_user', '2023-06-20T00:01:11+00:00', '--job-id', '10189', '--pool', 'default_pool', '--raw', '--subdir', 'DAGS_FOLDER/data_ingestion_dag/test.py', '--cfg-path', '/tmp/tmpkt8s0ms3', '--error-file', '/tmp/tmp36v8ku_k']
[2023-07-13 07:21:17,861] {standard_task_runner.py:77} INFO - Job 10189: Subtask create_user
[2023-07-13 07:21:17,970] {logging_mixin.py:104} INFO - Running <TaskInstance: my_first_dag.create_user 2023-06-20T00:01:11+00:00 [running]> on host d9c3ec86c3ab
[2023-07-13 07:21:18,358] {taskinstance.py:1300} INFO - Exporting the following env vars:
AIRFLOW_CTX_DAG_OWNER=airflow
AIRFLOW_CTX_DAG_ID=my_first_dag
AIRFLOW_CTX_TASK_ID=create_user
AIRFLOW_CTX_EXECUTION_DATE=2023-06-20T00:01:11+00:00
AIRFLOW_CTX_DAG_RUN_ID=scheduled__2023-06-20T00:01:11+00:00
[2023-07-13 07:21:18,361] {subprocess.py:52} INFO - Tmp dir root location: 
 /tmp
[2023-07-13 07:21:18,363] {subprocess.py:63} INFO - Running command: ['bash', '-c', '\nid -u test_user;\nif [$? -eq o];\n    then echo "User exists"\nelse sudo useradd -r test_user;\n    echo "User created";\nfi']
[2023-07-13 07:21:18,390] {subprocess.py:75} INFO - Output:
[2023-07-13 07:21:18,510] {subprocess.py:79} INFO - id: ‘test_user’: no such user
[2023-07-13 07:21:18,523] {subprocess.py:79} INFO - bash: line 2: [1: command not found
[2023-07-13 07:21:18,607] {subprocess.py:79} INFO - 
[2023-07-13 07:21:18,609] {subprocess.py:79} INFO - We trust you have received the usual lecture from the local System
[2023-07-13 07:21:18,610] {subprocess.py:79} INFO - Administrator. It usually boils down to these three things:
[2023-07-13 07:21:18,611] {subprocess.py:79} INFO - 
[2023-07-13 07:21:18,611] {subprocess.py:79} INFO -     #1) Respect the privacy of others.
[2023-07-13 07:21:18,612] {subprocess.py:79} INFO -     #2) Think before you type.
[2023-07-13 07:21:18,613] {subprocess.py:79} INFO -     #3) With great power comes great responsibility.
[2023-07-13 07:21:18,614] {subprocess.py:79} INFO - 
[2023-07-13 07:21:18,614] {subprocess.py:79} INFO - sudo: no tty present and no askpass program specified
[2023-07-13 07:21:18,629] {subprocess.py:79} INFO - User created
[2023-07-13 07:21:18,632] {subprocess.py:83} INFO - Command exited with return code 0
[2023-07-13 07:21:18,712] {taskinstance.py:1204} INFO - Marking task as SUCCESS. dag_id=my_first_dag, task_id=create_user, execution_date=20230620T000111, start_date=20230713T072117, end_date=20230713T072118
[2023-07-13 07:21:18,792] {taskinstance.py:1265} INFO - 0 downstream tasks scheduled from follow-on schedule check
[2023-07-13 07:21:18,836] {local_task_job.py:151} INFO - Task exited with return code 0
