[2023-07-11 13:31:28,095] {taskinstance.py:896} INFO - Dependencies all met for <TaskInstance: my_first_dag.create_user 2023-06-17T19:01:36+00:00 [queued]>
[2023-07-11 13:31:28,197] {taskinstance.py:896} INFO - Dependencies all met for <TaskInstance: my_first_dag.create_user 2023-06-17T19:01:36+00:00 [queued]>
[2023-07-11 13:31:28,198] {taskinstance.py:1087} INFO - 
--------------------------------------------------------------------------------
[2023-07-11 13:31:28,199] {taskinstance.py:1088} INFO - Starting attempt 1 of 1
[2023-07-11 13:31:28,199] {taskinstance.py:1089} INFO - 
--------------------------------------------------------------------------------
[2023-07-11 13:31:28,249] {taskinstance.py:1107} INFO - Executing <Task(BashOperator): create_user> on 2023-06-17T19:01:36+00:00
[2023-07-11 13:31:28,259] {standard_task_runner.py:52} INFO - Started process 27136 to run task
[2023-07-11 13:31:28,274] {standard_task_runner.py:76} INFO - Running: ['airflow', 'tasks', 'run', 'my_first_dag', 'create_user', '2023-06-17T19:01:36+00:00', '--job-id', '7000', '--pool', 'default_pool', '--raw', '--subdir', 'DAGS_FOLDER/data_ingestion_dag/test.py', '--cfg-path', '/tmp/tmpvyg3oyoy', '--error-file', '/tmp/tmpe430_uxb']
[2023-07-11 13:31:28,276] {standard_task_runner.py:77} INFO - Job 7000: Subtask create_user
[2023-07-11 13:31:28,393] {logging_mixin.py:104} INFO - Running <TaskInstance: my_first_dag.create_user 2023-06-17T19:01:36+00:00 [running]> on host d9c3ec86c3ab
[2023-07-11 13:31:28,696] {taskinstance.py:1300} INFO - Exporting the following env vars:
AIRFLOW_CTX_DAG_OWNER=airflow
AIRFLOW_CTX_DAG_ID=my_first_dag
AIRFLOW_CTX_TASK_ID=create_user
AIRFLOW_CTX_EXECUTION_DATE=2023-06-17T19:01:36+00:00
AIRFLOW_CTX_DAG_RUN_ID=scheduled__2023-06-17T19:01:36+00:00
[2023-07-11 13:31:28,699] {subprocess.py:52} INFO - Tmp dir root location: 
 /tmp
[2023-07-11 13:31:28,700] {subprocess.py:63} INFO - Running command: ['bash', '-c', '\nid -u test_user;\nif [$? -eq o];\n    then echo "User exists"\nelse sudo useradd -r test_user;\n    echo "User created";\nfi']
[2023-07-11 13:31:28,712] {subprocess.py:75} INFO - Output:
[2023-07-11 13:31:28,788] {subprocess.py:79} INFO - id: ‘test_user’: no such user
[2023-07-11 13:31:28,796] {subprocess.py:79} INFO - bash: line 2: [1: command not found
[2023-07-11 13:31:28,862] {subprocess.py:79} INFO - 
[2023-07-11 13:31:28,863] {subprocess.py:79} INFO - We trust you have received the usual lecture from the local System
[2023-07-11 13:31:28,864] {subprocess.py:79} INFO - Administrator. It usually boils down to these three things:
[2023-07-11 13:31:28,864] {subprocess.py:79} INFO - 
[2023-07-11 13:31:28,865] {subprocess.py:79} INFO -     #1) Respect the privacy of others.
[2023-07-11 13:31:28,866] {subprocess.py:79} INFO -     #2) Think before you type.
[2023-07-11 13:31:28,866] {subprocess.py:79} INFO -     #3) With great power comes great responsibility.
[2023-07-11 13:31:28,867] {subprocess.py:79} INFO - 
[2023-07-11 13:31:28,868] {subprocess.py:79} INFO - sudo: no tty present and no askpass program specified
[2023-07-11 13:31:28,876] {subprocess.py:79} INFO - User created
[2023-07-11 13:31:28,879] {subprocess.py:83} INFO - Command exited with return code 0
[2023-07-11 13:31:28,938] {taskinstance.py:1204} INFO - Marking task as SUCCESS. dag_id=my_first_dag, task_id=create_user, execution_date=20230617T190136, start_date=20230711T133128, end_date=20230711T133128
[2023-07-11 13:31:29,017] {taskinstance.py:1265} INFO - 0 downstream tasks scheduled from follow-on schedule check
[2023-07-11 13:31:29,052] {local_task_job.py:151} INFO - Task exited with return code 0
