[2023-06-28 17:45:50,305] {taskinstance.py:896} INFO - Dependencies all met for <TaskInstance: my_first_dag.create_user 2023-06-15T21:01:43+00:00 [queued]>
[2023-06-28 17:45:50,386] {taskinstance.py:896} INFO - Dependencies all met for <TaskInstance: my_first_dag.create_user 2023-06-15T21:01:43+00:00 [queued]>
[2023-06-28 17:45:50,387] {taskinstance.py:1087} INFO - 
--------------------------------------------------------------------------------
[2023-06-28 17:45:50,388] {taskinstance.py:1088} INFO - Starting attempt 1 of 1
[2023-06-28 17:45:50,388] {taskinstance.py:1089} INFO - 
--------------------------------------------------------------------------------
[2023-06-28 17:45:50,441] {taskinstance.py:1107} INFO - Executing <Task(BashOperator): create_user> on 2023-06-15T21:01:43+00:00
[2023-06-28 17:45:50,447] {standard_task_runner.py:52} INFO - Started process 12753 to run task
[2023-06-28 17:45:50,457] {standard_task_runner.py:76} INFO - Running: ['airflow', 'tasks', 'run', 'my_first_dag', 'create_user', '2023-06-15T21:01:43+00:00', '--job-id', '4224', '--pool', 'default_pool', '--raw', '--subdir', 'DAGS_FOLDER/data_ingestion_dag/test.py', '--cfg-path', '/tmp/tmpztve1bz1', '--error-file', '/tmp/tmp2f80xnic']
[2023-06-28 17:45:50,459] {standard_task_runner.py:77} INFO - Job 4224: Subtask create_user
[2023-06-28 17:45:50,566] {logging_mixin.py:104} INFO - Running <TaskInstance: my_first_dag.create_user 2023-06-15T21:01:43+00:00 [running]> on host d9c3ec86c3ab
[2023-06-28 17:45:50,799] {taskinstance.py:1300} INFO - Exporting the following env vars:
AIRFLOW_CTX_DAG_OWNER=airflow
AIRFLOW_CTX_DAG_ID=my_first_dag
AIRFLOW_CTX_TASK_ID=create_user
AIRFLOW_CTX_EXECUTION_DATE=2023-06-15T21:01:43+00:00
AIRFLOW_CTX_DAG_RUN_ID=scheduled__2023-06-15T21:01:43+00:00
[2023-06-28 17:45:50,801] {subprocess.py:52} INFO - Tmp dir root location: 
 /tmp
[2023-06-28 17:45:50,803] {subprocess.py:63} INFO - Running command: ['bash', '-c', '\nid -u test_user;\nif [$? -eq o];\n    then echo "User exists"\nelse sudo useradd -r test_user;\n    echo "User created";\nfi']
[2023-06-28 17:45:50,814] {subprocess.py:75} INFO - Output:
[2023-06-28 17:45:50,889] {subprocess.py:79} INFO - id: ‘test_user’: no such user
[2023-06-28 17:45:50,896] {subprocess.py:79} INFO - bash: line 2: [1: command not found
[2023-06-28 17:45:50,962] {subprocess.py:79} INFO - 
[2023-06-28 17:45:50,963] {subprocess.py:79} INFO - We trust you have received the usual lecture from the local System
[2023-06-28 17:45:50,964] {subprocess.py:79} INFO - Administrator. It usually boils down to these three things:
[2023-06-28 17:45:50,965] {subprocess.py:79} INFO - 
[2023-06-28 17:45:50,966] {subprocess.py:79} INFO -     #1) Respect the privacy of others.
[2023-06-28 17:45:50,967] {subprocess.py:79} INFO -     #2) Think before you type.
[2023-06-28 17:45:50,967] {subprocess.py:79} INFO -     #3) With great power comes great responsibility.
[2023-06-28 17:45:50,968] {subprocess.py:79} INFO - 
[2023-06-28 17:45:50,969] {subprocess.py:79} INFO - sudo: no tty present and no askpass program specified
[2023-06-28 17:45:50,978] {subprocess.py:79} INFO - User created
[2023-06-28 17:45:50,981] {subprocess.py:83} INFO - Command exited with return code 0
[2023-06-28 17:45:51,050] {taskinstance.py:1204} INFO - Marking task as SUCCESS. dag_id=my_first_dag, task_id=create_user, execution_date=20230615T210143, start_date=20230628T174550, end_date=20230628T174551
[2023-06-28 17:45:51,127] {taskinstance.py:1265} INFO - 0 downstream tasks scheduled from follow-on schedule check
[2023-06-28 17:45:51,152] {local_task_job.py:151} INFO - Task exited with return code 0
