[2023-07-12 11:10:07,377] {taskinstance.py:896} INFO - Dependencies all met for <TaskInstance: my_first_dag.create_user 2023-06-18T23:01:18+00:00 [queued]>
[2023-07-12 11:10:07,498] {taskinstance.py:896} INFO - Dependencies all met for <TaskInstance: my_first_dag.create_user 2023-06-18T23:01:18+00:00 [queued]>
[2023-07-12 11:10:07,500] {taskinstance.py:1087} INFO - 
--------------------------------------------------------------------------------
[2023-07-12 11:10:07,501] {taskinstance.py:1088} INFO - Starting attempt 1 of 1
[2023-07-12 11:10:07,502] {taskinstance.py:1089} INFO - 
--------------------------------------------------------------------------------
[2023-07-12 11:10:07,552] {taskinstance.py:1107} INFO - Executing <Task(BashOperator): create_user> on 2023-06-18T23:01:18+00:00
[2023-07-12 11:10:07,557] {standard_task_runner.py:52} INFO - Started process 62870 to run task
[2023-07-12 11:10:07,570] {standard_task_runner.py:76} INFO - Running: ['airflow', 'tasks', 'run', 'my_first_dag', 'create_user', '2023-06-18T23:01:18+00:00', '--job-id', '8681', '--pool', 'default_pool', '--raw', '--subdir', 'DAGS_FOLDER/data_ingestion_dag/test.py', '--cfg-path', '/tmp/tmp8udx3_sw', '--error-file', '/tmp/tmpihptcodc']
[2023-07-12 11:10:07,572] {standard_task_runner.py:77} INFO - Job 8681: Subtask create_user
[2023-07-12 11:10:07,678] {logging_mixin.py:104} INFO - Running <TaskInstance: my_first_dag.create_user 2023-06-18T23:01:18+00:00 [running]> on host d9c3ec86c3ab
[2023-07-12 11:10:07,996] {taskinstance.py:1300} INFO - Exporting the following env vars:
AIRFLOW_CTX_DAG_OWNER=airflow
AIRFLOW_CTX_DAG_ID=my_first_dag
AIRFLOW_CTX_TASK_ID=create_user
AIRFLOW_CTX_EXECUTION_DATE=2023-06-18T23:01:18+00:00
AIRFLOW_CTX_DAG_RUN_ID=scheduled__2023-06-18T23:01:18+00:00
[2023-07-12 11:10:07,999] {subprocess.py:52} INFO - Tmp dir root location: 
 /tmp
[2023-07-12 11:10:08,000] {subprocess.py:63} INFO - Running command: ['bash', '-c', '\nid -u test_user;\nif [$? -eq o];\n    then echo "User exists"\nelse sudo useradd -r test_user;\n    echo "User created";\nfi']
[2023-07-12 11:10:08,012] {subprocess.py:75} INFO - Output:
[2023-07-12 11:10:08,083] {subprocess.py:79} INFO - id: ‘test_user’: no such user
[2023-07-12 11:10:08,091] {subprocess.py:79} INFO - bash: line 2: [1: command not found
[2023-07-12 11:10:08,160] {subprocess.py:79} INFO - 
[2023-07-12 11:10:08,162] {subprocess.py:79} INFO - We trust you have received the usual lecture from the local System
[2023-07-12 11:10:08,163] {subprocess.py:79} INFO - Administrator. It usually boils down to these three things:
[2023-07-12 11:10:08,164] {subprocess.py:79} INFO - 
[2023-07-12 11:10:08,164] {subprocess.py:79} INFO -     #1) Respect the privacy of others.
[2023-07-12 11:10:08,165] {subprocess.py:79} INFO -     #2) Think before you type.
[2023-07-12 11:10:08,166] {subprocess.py:79} INFO -     #3) With great power comes great responsibility.
[2023-07-12 11:10:08,167] {subprocess.py:79} INFO - 
[2023-07-12 11:10:08,168] {subprocess.py:79} INFO - sudo: no tty present and no askpass program specified
[2023-07-12 11:10:08,174] {subprocess.py:79} INFO - User created
[2023-07-12 11:10:08,178] {subprocess.py:83} INFO - Command exited with return code 0
[2023-07-12 11:10:08,246] {taskinstance.py:1204} INFO - Marking task as SUCCESS. dag_id=my_first_dag, task_id=create_user, execution_date=20230618T230118, start_date=20230712T111007, end_date=20230712T111008
[2023-07-12 11:10:08,339] {taskinstance.py:1265} INFO - 0 downstream tasks scheduled from follow-on schedule check
[2023-07-12 11:10:08,389] {local_task_job.py:151} INFO - Task exited with return code 0
